\BOOKMARK [1][-]{section.1}{\376\377\000P\000r\000a\000c\000o\000v\000n\000\355\000\040\000\372\000k\000o\000l\000y}{}% 1
\BOOKMARK [2][-]{subsection.1.1}{\376\377\000M\001\033\001\131\000e\000n\000\355\000\040\000d\000u\000t\000\375\000c\000h\000\040\000o\000b\000j\000e\000m\001\157\000\040\000v\000\341\001\176\000e\000n\000\355\000m\000\040\000a\000\040\000k\000o\000m\000p\000r\000e\000s\000\355\000\040\000p\000l\000y\000n\000u}{section.1}% 2
\BOOKMARK [2][-]{subsection.1.2}{\376\377\000M\001\033\001\131\000e\000n\000\355\000\040\000P\000o\000i\000s\000s\000o\000n\000o\000v\000y\000\040\000k\000o\000n\000s\000t\000a\000n\000t\000y\000\040\000v\000z\000d\000u\000c\000h\000u}{section.1}% 3
\BOOKMARK [1][-]{section.2}{\376\377\000V\000y\000p\000r\000a\000c\000o\000v\000\341\000n\000\355}{}% 4
\BOOKMARK [2][-]{subsection.2.1}{\376\377\000P\000o\000u\001\176\000i\000t\000\351\000\040\000p\001\131\000\355\000s\000t\000r\000o\000j\000e}{section.2}% 5
\BOOKMARK [3][-]{subsubsection.2.1.1}{\376\377\000M\001\033\001\131\000e\000n\000\355\000\040\000d\000u\000t\000\375\000c\000h\000\040\000o\000b\000j\000e\000m\001\157\000\040\000v\000\341\001\176\000e\000n\000\355\000m\000\040\000a\000\040\000k\000o\000m\000p\000r\000e\000s\000\355\000\040\000p\000l\000y\000n\000u}{subsection.2.1}% 6
\BOOKMARK [3][-]{subsubsection.2.1.2}{\376\377\000M\001\033\001\131\000e\000n\000\355\000\040\000P\000o\000i\000s\000s\000o\000n\000o\000v\000y\000\040\000k\000o\000n\000s\000t\000a\000n\000t\000y\000\040\000v\000z\000d\000u\000c\000h\000u}{subsection.2.1}% 7
\BOOKMARK [2][-]{subsection.2.2}{\376\377\000T\000e\000o\000r\000e\000t\000i\000c\000k\000\375\000\040\000\372\000v\000o\000d}{section.2}% 8
\BOOKMARK [3][-]{subsubsection.2.2.1}{\376\377\000M\001\033\001\131\000e\000n\000\355\000\040\000o\000b\000j\000e\000m\000u\000\040\000v\000\341\001\176\000e\000n\000\355\000m}{subsection.2.2}% 9
\BOOKMARK [3][-]{subsubsection.2.2.2}{\376\377\000M\001\033\001\131\000e\000n\000\355\000\040\000o\000b\000j\000e\000m\000u\000\040\000k\000o\000m\000p\000r\000e\000s\000\355\000\040\000p\000l\000y\000n\000u}{subsection.2.2}% 10
\BOOKMARK [3][-]{subsubsection.2.2.3}{\376\377\000M\001\033\001\131\000e\000n\000\355\000\040\000P\000o\000i\000s\000s\000o\000n\000o\000v\000y\000\040\000k\000o\000n\000s\000t\000a\000n\000t\000y\000\040\000v\000z\000d\000u\000c\000h\000u\000\040\000C\000l\000\351\000m\000e\000n\000t\000o\000v\000o\000u\000-\000D\000\351\000s\000o\000r\000m\000e\000s\000o\000v\000o\000u\000\040\000m\000e\000t\000o\000d\000o\000u}{subsection.2.2}% 11
\BOOKMARK [3][-]{subsubsection.2.2.4}{\376\377\000M\001\033\001\131\000e\000n\000\355\000\040\000P\000o\000i\000s\000s\000o\000n\000o\000v\000y\000\040\000k\000o\000n\000s\000t\000a\000n\000t\000y\000\040\000v\000z\000d\000u\000c\000h\000u\000\040\000m\000e\000t\000o\000d\000o\000u\000\040\000k\000m\000i\000t\000a\000j\000\355\000c\000\355\000h\000o\000\040\000p\000\355\000s\000t\000k\000u}{subsection.2.2}% 12
\BOOKMARK [2][-]{subsection.2.3}{\376\377\000P\000o\000s\000t\000u\000p\000\040\000m\001\033\001\131\000e\000n\000\355}{section.2}% 13
\BOOKMARK [3][-]{subsubsection.2.3.1}{\376\377\000M\001\033\001\131\000e\000n\000\355\000\040\000o\000b\000j\000e\000m\000u\000\040\000v\000\341\001\176\000e\000n\000\355\000m}{subsection.2.3}% 14
\BOOKMARK [3][-]{subsubsection.2.3.2}{\376\377\000M\001\033\001\131\000e\000n\000\355\000\040\000o\000b\000j\000e\000m\000u\000\040\000k\000o\000m\000p\000r\000e\000s\000\355\000\040\000p\000l\000y\000n\000u}{subsection.2.3}% 15
\BOOKMARK [3][-]{subsubsection.2.3.3}{\376\377\000M\001\033\001\131\000e\000n\000\355\000\040\000P\000o\000i\000s\000s\000o\000n\000o\000v\000y\000\040\000k\000o\000n\000s\000t\000a\000n\000t\000y\000\040\000v\000z\000d\000u\000c\000h\000u\000\040\000C\000l\000\351\000m\000e\000n\000t\000o\000v\000o\000u\000-\000D\000\351\000s\000o\000r\000m\000e\000s\000o\000v\000o\000u\000\040\000m\000e\000t\000o\000d\000o\000u}{subsection.2.3}% 16
\BOOKMARK [3][-]{subsubsection.2.3.4}{\376\377\000M\001\033\001\131\000e\000n\000\355\000\040\000P\000o\000i\000s\000s\000o\000n\000o\000v\000y\000\040\000k\000o\000n\000s\000t\000a\000n\000t\000y\000\040\000v\000z\000d\000u\000c\000h\000u\000\040\000m\000e\000t\000o\000d\000o\000u\000\040\000k\000m\000i\000t\000a\000j\000\355\000c\000\355\000h\000o\000\040\000p\000\355\000s\000t\000k\000u}{subsection.2.3}% 17
\BOOKMARK [2][-]{subsection.2.4}{\376\377\000N\000a\000m\001\033\001\131\000e\000n\000\351\000\040\000h\000o\000d\000n\000o\000t\000y}{section.2}% 18
\BOOKMARK [3][-]{subsubsection.2.4.1}{\376\377\000M\001\033\001\131\000e\000n\000\355\000\040\000o\000b\000j\000e\000m\000u\000\040\000v\000\341\001\176\000e\000n\000\355\000m}{subsection.2.4}% 19
\BOOKMARK [3][-]{subsubsection.2.4.2}{\376\377\000M\001\033\001\131\000e\000n\000\355\000\040\000o\000b\000j\000e\000m\000u\000\040\000k\000o\000m\000p\000r\000e\000s\000\355\000\040\000p\000l\000y\000n\000u}{subsection.2.4}% 20
\BOOKMARK [3][-]{subsubsection.2.4.3}{\376\377\000M\001\033\001\131\000e\000n\000\355\000\040\000P\000o\000i\000s\000s\000o\000n\000o\000v\000y\000\040\000k\000o\000n\000s\000t\000a\000n\000t\000y\000\040\000v\000z\000d\000u\000c\000h\000u\000\040\000C\000l\000\351\000m\000e\000n\000t\000o\000v\000o\000u\000-\000D\000\351\000s\000o\000r\000m\000e\000s\000o\000v\000o\000u\000\040\000m\000e\000t\000o\000d\000o\000u}{subsection.2.4}% 21
\BOOKMARK [3][-]{subsubsection.2.4.4}{\376\377\000M\001\033\001\131\000e\000n\000\355\000\040\000P\000o\000i\000s\000s\000o\000n\000o\000v\000y\000\040\000k\000o\000n\000s\000t\000a\000n\000t\000y\000\040\000v\000z\000d\000u\000c\000h\000u\000\040\000m\000e\000t\000o\000d\000o\000u\000\040\000k\000m\000i\000t\000a\000j\000\355\000c\000\355\000h\000o\000\040\000p\000\355\000s\000t\000k\000u}{subsection.2.4}% 22
\BOOKMARK [2][-]{subsection.2.5}{\376\377\000D\000i\000s\000k\000u\000s\000e}{section.2}% 23
\BOOKMARK [3][-]{subsubsection.2.5.1}{\376\377\000M\001\033\001\131\000e\000n\000\355\000\040\000o\000b\000j\000e\000m\000u\000\040\000v\000\341\001\176\000e\000n\000\355\000m}{subsection.2.5}% 24
\BOOKMARK [3][-]{subsubsection.2.5.2}{\376\377\000M\001\033\001\131\000e\000n\000\355\000\040\000o\000b\000j\000e\000m\000u\000\040\000k\000o\000m\000p\000r\000e\000s\000\355\000\040\000p\000l\000y\000n\000u}{subsection.2.5}% 25
\BOOKMARK [3][-]{subsubsection.2.5.3}{\376\377\000M\001\033\001\131\000e\000n\000\355\000\040\000P\000o\000i\000s\000s\000o\000n\000o\000v\000y\000\040\000k\000o\000n\000s\000t\000a\000n\000t\000y\000\040\000v\000z\000d\000u\000c\000h\000u\000\040\000C\000l\000\351\000m\000e\000n\000t\000o\000v\000o\000u\000-\000D\000\351\000s\000o\000r\000m\000e\000s\000o\000v\000o\000u\000\040\000m\000e\000t\000o\000d\000o\000u}{subsection.2.5}% 26
\BOOKMARK [3][-]{subsubsection.2.5.4}{\376\377\000M\001\033\001\131\000e\000n\000\355\000\040\000P\000o\000i\000s\000s\000o\000n\000o\000v\000y\000\040\000k\000o\000n\000s\000t\000a\000n\000t\000y\000\040\000v\000z\000d\000u\000c\000h\000u\000\040\000m\000e\000t\000o\000d\000o\000u\000\040\000k\000m\000i\000t\000a\000j\000\355\000c\000\355\000h\000o\000\040\000p\000\355\000s\000t\000k\000u}{subsection.2.5}% 27
\BOOKMARK [1][-]{section.3}{\376\377\000Z\000\341\000v\001\033\000r}{}% 28
\BOOKMARK [1][-]{section.4}{\376\377\000P\000o\000u\001\176\000i\000t\000\341\000\040\000l\000i\000t\000e\000r\000a\000t\000u\000r\000a}{}% 29
\BOOKMARK [0][-]{part.1}{\376\377\000I\000\040\000P\001\131\000\355\000l\000o\000h\000y}{}% 30
\BOOKMARK [1][-]{section.5}{\376\377\000D\000o\000m\000\341\000c\000\355\000\040\000p\001\131\000\355\000p\000r\000a\000v\000a}{part.1}% 31
\BOOKMARK [2][-]{subsection.5.1}{\376\377\000S\000t\000a\000t\000i\000s\000t\000i\000c\000k\000\351\000\040\000z\000p\000r\000a\000c\000o\000v\000\341\000n\000\355\000\040\000d\000a\000t}{section.5}% 32
\BOOKMARK [2][-]{subsection.5.2}{\376\377\000T\000a\000b\000u\000l\000k\000y\000\040\000a\000\040\000g\000r\000a\000f\000y}{section.5}% 33
