

*******************************************************************************
Fri Nov 08 11:58:42 2013


FIT:    data read from '12_stir_data.txt'
        format = z
        #datapoints = 13
        residuals are weighted equally (unit weight)

function used for fitting: f(x)


*******************************************************************************
Fri Nov 08 11:58:54 2013


FIT:    data read from '12_stir_data.txt'
        format = z
        #datapoints = 13
        residuals are weighted equally (unit weight)

function used for fitting: f(x)


*******************************************************************************
Fri Nov 08 11:58:57 2013


FIT:    data read from '12_stir_data.txt'
        format = z
        #datapoints = 13
        residuals are weighted equally (unit weight)

function used for fitting: f(x)


*******************************************************************************
Fri Nov 08 11:59:46 2013


FIT:    data read from '12_stir_data.txt'
        format = z
        #datapoints = 13
        residuals are weighted equally (unit weight)

function used for fitting: f(x)


*******************************************************************************
Fri Nov 08 12:00:47 2013


FIT:    data read from '12_stir_data.txt'
        format = z
        #datapoints = 13
        residuals are weighted equally (unit weight)

function used for fitting: f(x)


*******************************************************************************
Fri Nov 08 12:01:03 2013


FIT:    data read from '12_stir_data.txt' using 1:2
        format = x:z
        #datapoints = 13
        residuals are weighted equally (unit weight)

function used for fitting: f(x)
fitted parameters initialized with current variable values



 Iteration 0
 WSSR        : 335771            delta(WSSR)/WSSR   : 0
 delta(WSSR) : 0                 limit for stopping : 1e-005
 lambda	  : 91.8708

initial set of free parameter values

A               = 1
B               = 1
C               = 1

After 6 iterations the fit converged.
final sum of squares of residuals : 82.3184
rel. change during last iteration : -2.09528e-009

degrees of freedom    (FIT_NDF)                        : 10
rms of residuals      (FIT_STDFIT) = sqrt(WSSR/ndf)    : 2.86912
variance of residuals (reduced chisquare) = WSSR/ndf   : 8.23184

Final set of parameters            Asymptotic Standard Error
=======================            ==========================

A               = -0.492666        +/- 0.1238       (25.12%)
B               = 7.81784          +/- 2.608        (33.36%)
C               = -5.22182         +/- 12.96        (248.3%)


correlation matrix of the fit parameters:

               A      B      C      
A               1.000 
B              -0.993  1.000 
C               0.959 -0.985  1.000 


*******************************************************************************
Fri Nov 08 12:17:59 2013


FIT:    data read from '12_stir_data.txt' using 1:2:3
        format = x:z:s
        #datapoints = 12
function used for fitting: f(x)
fitted parameters initialized with current variable values



 Iteration 0
 WSSR        : 1.23083e+009      delta(WSSR)/WSSR   : 0
 delta(WSSR) : 0                 limit for stopping : 1e-005
 lambda	  : 5635.99

initial set of free parameter values

A               = 1
B               = 1
C               = 1

After 6 iterations the fit converged.
final sum of squares of residuals : 29941.3
rel. change during last iteration : -9.90806e-006

degrees of freedom    (FIT_NDF)                        : 9
rms of residuals      (FIT_STDFIT) = sqrt(WSSR/ndf)    : 57.6786
variance of residuals (reduced chisquare) = WSSR/ndf   : 3326.82

Final set of parameters            Asymptotic Standard Error
=======================            ==========================

A               = -0.429665        +/- 0.1755       (40.84%)
B               = 5.9838           +/- 4.326        (72.3%)
C               = 6.35314          +/- 26.67        (419.8%)


correlation matrix of the fit parameters:

               A      B      C      
A               1.000 
B              -0.994  1.000 
C               0.971 -0.991  1.000 


*******************************************************************************
Fri Nov 08 12:18:46 2013


FIT:    data read from '12_stir_data.txt' using 1:2
        format = x:z
        #datapoints = 12
        residuals are weighted equally (unit weight)

function used for fitting: f(x)
fitted parameters initialized with current variable values



 Iteration 0
 WSSR        : 282643            delta(WSSR)/WSSR   : 0
 delta(WSSR) : 0                 limit for stopping : 1e-005
 lambda	  : 88.1379

initial set of free parameter values

A               = 1
B               = 1
C               = 1

After 6 iterations the fit converged.
final sum of squares of residuals : 32.4651
rel. change during last iteration : -6.49656e-008

degrees of freedom    (FIT_NDF)                        : 9
rms of residuals      (FIT_STDFIT) = sqrt(WSSR/ndf)    : 1.89927
variance of residuals (reduced chisquare) = WSSR/ndf   : 3.60724

Final set of parameters            Asymptotic Standard Error
=======================            ==========================

A               = -0.671219        +/- 0.09497      (14.15%)
B               = 11.2563          +/- 1.958        (17.4%)
C               = -20.3028         +/- 9.492        (46.75%)


correlation matrix of the fit parameters:

               A      B      C      
A               1.000 
B              -0.994  1.000 
C               0.964 -0.986  1.000 


*******************************************************************************
Fri Nov 08 12:21:16 2013


FIT:    data read from '12_stir_data.txt' using 1:2
        format = x:z
        #datapoints = 12
        residuals are weighted equally (unit weight)

function used for fitting: f(x)
fitted parameters initialized with current variable values



 Iteration 0
 WSSR        : 3.61054e+012      delta(WSSR)/WSSR   : 0
 delta(WSSR) : 0                 limit for stopping : 1e-005
 lambda	  : 316288

initial set of free parameter values

A               = 1
B               = 1
C               = 1

After 10 iterations the fit converged.
final sum of squares of residuals : 32.6927
rel. change during last iteration : -1.04586e-011

degrees of freedom    (FIT_NDF)                        : 9
rms of residuals      (FIT_STDFIT) = sqrt(WSSR/ndf)    : 1.90592
variance of residuals (reduced chisquare) = WSSR/ndf   : 3.63253

Final set of parameters            Asymptotic Standard Error
=======================            ==========================

A               = -0.000186534     +/- 2.649e-005   (14.2%)
B               = 0.187689         +/- 0.03277      (17.46%)
C               = -20.3208         +/- 9.527        (46.88%)


correlation matrix of the fit parameters:

               A      B      C      
A               1.000 
B              -0.994  1.000 
C               0.964 -0.986  1.000 


*******************************************************************************
Fri Nov 08 12:22:32 2013


FIT:    data read from '12_stir_data.txt' using 1:2
        format = x:z
        #datapoints = 12
        residuals are weighted equally (unit weight)

function used for fitting: f(x)
fitted parameters initialized with current variable values



 Iteration 0
 WSSR        : 3.61054e+012      delta(WSSR)/WSSR   : 0
 delta(WSSR) : 0                 limit for stopping : 1e-005
 lambda	  : 316288

initial set of free parameter values

A               = 1
B               = 1
C               = 1

After 10 iterations the fit converged.
final sum of squares of residuals : 32.6927
rel. change during last iteration : -1.04586e-011

degrees of freedom    (FIT_NDF)                        : 9
rms of residuals      (FIT_STDFIT) = sqrt(WSSR/ndf)    : 1.90592
variance of residuals (reduced chisquare) = WSSR/ndf   : 3.63253

Final set of parameters            Asymptotic Standard Error
=======================            ==========================

A               = -0.000186534     +/- 2.649e-005   (14.2%)
B               = 0.187689         +/- 0.03277      (17.46%)
C               = -20.3208         +/- 9.527        (46.88%)


correlation matrix of the fit parameters:

               A      B      C      
A               1.000 
B              -0.994  1.000 
C               0.964 -0.986  1.000 


*******************************************************************************
Fri Nov 08 12:25:31 2013


FIT:    data read from '12_stir_data.txt' using 1:2
        format = x:z
        #datapoints = 12
        residuals are weighted equally (unit weight)

function used for fitting: f(x)
fitted parameters initialized with current variable values



 Iteration 0
 WSSR        : 3.61054e+012      delta(WSSR)/WSSR   : 0
 delta(WSSR) : 0                 limit for stopping : 1e-005
 lambda	  : 316288

initial set of free parameter values

A               = 1
B               = 1
C               = 1

After 10 iterations the fit converged.
final sum of squares of residuals : 32.6927
rel. change during last iteration : -1.04586e-011

degrees of freedom    (FIT_NDF)                        : 9
rms of residuals      (FIT_STDFIT) = sqrt(WSSR/ndf)    : 1.90592
variance of residuals (reduced chisquare) = WSSR/ndf   : 3.63253

Final set of parameters            Asymptotic Standard Error
=======================            ==========================

A               = -0.000186534     +/- 2.649e-005   (14.2%)
B               = 0.187689         +/- 0.03277      (17.46%)
C               = -20.3208         +/- 9.527        (46.88%)


correlation matrix of the fit parameters:

               A      B      C      
A               1.000 
B              -0.994  1.000 
C               0.964 -0.986  1.000 


*******************************************************************************
Fri Nov 08 12:25:41 2013


FIT:    data read from '12_stir_data.txt' using 1:2
        format = x:z
        #datapoints = 12
        residuals are weighted equally (unit weight)

function used for fitting: f(x)
fitted parameters initialized with current variable values



 Iteration 0
 WSSR        : 3.61054e+012      delta(WSSR)/WSSR   : 0
 delta(WSSR) : 0                 limit for stopping : 1e-005
 lambda	  : 316288

initial set of free parameter values

A               = 1
B               = 1
C               = 1

After 10 iterations the fit converged.
final sum of squares of residuals : 32.6927
rel. change during last iteration : -1.04586e-011

degrees of freedom    (FIT_NDF)                        : 9
rms of residuals      (FIT_STDFIT) = sqrt(WSSR/ndf)    : 1.90592
variance of residuals (reduced chisquare) = WSSR/ndf   : 3.63253

Final set of parameters            Asymptotic Standard Error
=======================            ==========================

A               = -0.000186534     +/- 2.649e-005   (14.2%)
B               = 0.187689         +/- 0.03277      (17.46%)
C               = -20.3208         +/- 9.527        (46.88%)


correlation matrix of the fit parameters:

               A      B      C      
A               1.000 
B              -0.994  1.000 
C               0.964 -0.986  1.000 


*******************************************************************************
Fri Nov 08 12:26:12 2013


FIT:    data read from '12_stir_data.txt' using 1:2
        format = x:z
        #datapoints = 12
        residuals are weighted equally (unit weight)

function used for fitting: f(x)
fitted parameters initialized with current variable values



 Iteration 0
 WSSR        : 3.61054e+012      delta(WSSR)/WSSR   : 0
 delta(WSSR) : 0                 limit for stopping : 1e-005
 lambda	  : 316288

initial set of free parameter values

A               = 1
B               = 1
C               = 1

After 10 iterations the fit converged.
final sum of squares of residuals : 32.6927
rel. change during last iteration : -1.04586e-011

degrees of freedom    (FIT_NDF)                        : 9
rms of residuals      (FIT_STDFIT) = sqrt(WSSR/ndf)    : 1.90592
variance of residuals (reduced chisquare) = WSSR/ndf   : 3.63253

Final set of parameters            Asymptotic Standard Error
=======================            ==========================

A               = -0.000186534     +/- 2.649e-005   (14.2%)
B               = 0.187689         +/- 0.03277      (17.46%)
C               = -20.3208         +/- 9.527        (46.88%)


correlation matrix of the fit parameters:

               A      B      C      
A               1.000 
B              -0.994  1.000 
C               0.964 -0.986  1.000 


*******************************************************************************
Fri Nov 08 12:30:27 2013


FIT:    data read from '12_stir_data.txt' using 1:2
        format = x:z
        #datapoints = 12
        residuals are weighted equally (unit weight)

function used for fitting: f(x)
fitted parameters initialized with current variable values



 Iteration 0
 WSSR        : 3.61054e+012      delta(WSSR)/WSSR   : 0
 delta(WSSR) : 0                 limit for stopping : 1e-005
 lambda	  : 316288

initial set of free parameter values

A               = 1
B               = 1
C               = 1

After 10 iterations the fit converged.
final sum of squares of residuals : 32.6927
rel. change during last iteration : -1.04586e-011

degrees of freedom    (FIT_NDF)                        : 9
rms of residuals      (FIT_STDFIT) = sqrt(WSSR/ndf)    : 1.90592
variance of residuals (reduced chisquare) = WSSR/ndf   : 3.63253

Final set of parameters            Asymptotic Standard Error
=======================            ==========================

A               = -0.000186534     +/- 2.649e-005   (14.2%)
B               = 0.187689         +/- 0.03277      (17.46%)
C               = -20.3208         +/- 9.527        (46.88%)


correlation matrix of the fit parameters:

               A      B      C      
A               1.000 
B              -0.994  1.000 
C               0.964 -0.986  1.000 


*******************************************************************************
Fri Nov 08 12:31:27 2013


FIT:    data read from '12_stir_data.txt' using 1:2
        format = x:z
        #datapoints = 12
        residuals are weighted equally (unit weight)

function used for fitting: f(x)
fitted parameters initialized with current variable values



 Iteration 0
 WSSR        : 3.61054e+012      delta(WSSR)/WSSR   : 0
 delta(WSSR) : 0                 limit for stopping : 1e-005
 lambda	  : 316288

initial set of free parameter values

A               = 1
B               = 1
C               = 1

After 10 iterations the fit converged.
final sum of squares of residuals : 32.6927
rel. change during last iteration : -1.04586e-011

degrees of freedom    (FIT_NDF)                        : 9
rms of residuals      (FIT_STDFIT) = sqrt(WSSR/ndf)    : 1.90592
variance of residuals (reduced chisquare) = WSSR/ndf   : 3.63253

Final set of parameters            Asymptotic Standard Error
=======================            ==========================

A               = -0.000186534     +/- 2.649e-005   (14.2%)
B               = 0.187689         +/- 0.03277      (17.46%)
C               = -20.3208         +/- 9.527        (46.88%)


correlation matrix of the fit parameters:

               A      B      C      
A               1.000 
B              -0.994  1.000 
C               0.964 -0.986  1.000 


*******************************************************************************
Fri Nov 08 12:31:44 2013


FIT:    data read from '12_stir_data.txt' using 1:2
        format = x:z
        #datapoints = 12
        residuals are weighted equally (unit weight)

function used for fitting: f(x)
fitted parameters initialized with current variable values



 Iteration 0
 WSSR        : 3.61054e+012      delta(WSSR)/WSSR   : 0
 delta(WSSR) : 0                 limit for stopping : 1e-005
 lambda	  : 316288

initial set of free parameter values

A               = 1
B               = 1
C               = 1

After 10 iterations the fit converged.
final sum of squares of residuals : 32.6927
rel. change during last iteration : -1.04586e-011

degrees of freedom    (FIT_NDF)                        : 9
rms of residuals      (FIT_STDFIT) = sqrt(WSSR/ndf)    : 1.90592
variance of residuals (reduced chisquare) = WSSR/ndf   : 3.63253

Final set of parameters            Asymptotic Standard Error
=======================            ==========================

A               = -0.000186534     +/- 2.649e-005   (14.2%)
B               = 0.187689         +/- 0.03277      (17.46%)
C               = -20.3208         +/- 9.527        (46.88%)


correlation matrix of the fit parameters:

               A      B      C      
A               1.000 
B              -0.994  1.000 
C               0.964 -0.986  1.000 


*******************************************************************************
Fri Nov 08 12:32:07 2013


FIT:    data read from '12_stir_data.txt' using 1:2
        format = x:z
        #datapoints = 12
        residuals are weighted equally (unit weight)

function used for fitting: f(x)
fitted parameters initialized with current variable values



 Iteration 0
 WSSR        : 3.61054e+012      delta(WSSR)/WSSR   : 0
 delta(WSSR) : 0                 limit for stopping : 1e-005
 lambda	  : 316288

initial set of free parameter values

A               = 1
B               = 1
C               = 1

After 10 iterations the fit converged.
final sum of squares of residuals : 32.6927
rel. change during last iteration : -1.04586e-011

degrees of freedom    (FIT_NDF)                        : 9
rms of residuals      (FIT_STDFIT) = sqrt(WSSR/ndf)    : 1.90592
variance of residuals (reduced chisquare) = WSSR/ndf   : 3.63253

Final set of parameters            Asymptotic Standard Error
=======================            ==========================

A               = -0.000186534     +/- 2.649e-005   (14.2%)
B               = 0.187689         +/- 0.03277      (17.46%)
C               = -20.3208         +/- 9.527        (46.88%)


correlation matrix of the fit parameters:

               A      B      C      
A               1.000 
B              -0.994  1.000 
C               0.964 -0.986  1.000 


*******************************************************************************
Fri Nov 08 12:32:31 2013


FIT:    data read from '12_stir_data.txt' using 1:2
        format = x:z
        #datapoints = 12
        residuals are weighted equally (unit weight)

function used for fitting: f(x)
fitted parameters initialized with current variable values



 Iteration 0
 WSSR        : 3.61054e+012      delta(WSSR)/WSSR   : 0
 delta(WSSR) : 0                 limit for stopping : 1e-005
 lambda	  : 316288

initial set of free parameter values

A               = 1
B               = 1
C               = 1

After 10 iterations the fit converged.
final sum of squares of residuals : 32.6927
rel. change during last iteration : -1.04586e-011

degrees of freedom    (FIT_NDF)                        : 9
rms of residuals      (FIT_STDFIT) = sqrt(WSSR/ndf)    : 1.90592
variance of residuals (reduced chisquare) = WSSR/ndf   : 3.63253

Final set of parameters            Asymptotic Standard Error
=======================            ==========================

A               = -0.000186534     +/- 2.649e-005   (14.2%)
B               = 0.187689         +/- 0.03277      (17.46%)
C               = -20.3208         +/- 9.527        (46.88%)


correlation matrix of the fit parameters:

               A      B      C      
A               1.000 
B              -0.994  1.000 
C               0.964 -0.986  1.000 


*******************************************************************************
Fri Nov 08 12:32:47 2013


FIT:    data read from '12_stir_data.txt' using 1:2
        format = x:z
        #datapoints = 12
        residuals are weighted equally (unit weight)

function used for fitting: f(x)
fitted parameters initialized with current variable values



 Iteration 0
 WSSR        : 3.61054e+012      delta(WSSR)/WSSR   : 0
 delta(WSSR) : 0                 limit for stopping : 1e-005
 lambda	  : 316288

initial set of free parameter values

A               = 1
B               = 1
C               = 1

After 10 iterations the fit converged.
final sum of squares of residuals : 32.6927
rel. change during last iteration : -1.04586e-011

degrees of freedom    (FIT_NDF)                        : 9
rms of residuals      (FIT_STDFIT) = sqrt(WSSR/ndf)    : 1.90592
variance of residuals (reduced chisquare) = WSSR/ndf   : 3.63253

Final set of parameters            Asymptotic Standard Error
=======================            ==========================

A               = -0.000186534     +/- 2.649e-005   (14.2%)
B               = 0.187689         +/- 0.03277      (17.46%)
C               = -20.3208         +/- 9.527        (46.88%)


correlation matrix of the fit parameters:

               A      B      C      
A               1.000 
B              -0.994  1.000 
C               0.964 -0.986  1.000 


*******************************************************************************
Fri Nov 08 12:32:58 2013


FIT:    data read from '12_stir_data.txt' using 1:2
        format = x:z
        #datapoints = 12
        residuals are weighted equally (unit weight)

function used for fitting: f(x)
fitted parameters initialized with current variable values



 Iteration 0
 WSSR        : 3.61054e+012      delta(WSSR)/WSSR   : 0
 delta(WSSR) : 0                 limit for stopping : 1e-005
 lambda	  : 316288

initial set of free parameter values

A               = 1
B               = 1
C               = 1

After 10 iterations the fit converged.
final sum of squares of residuals : 32.6927
rel. change during last iteration : -1.04586e-011

degrees of freedom    (FIT_NDF)                        : 9
rms of residuals      (FIT_STDFIT) = sqrt(WSSR/ndf)    : 1.90592
variance of residuals (reduced chisquare) = WSSR/ndf   : 3.63253

Final set of parameters            Asymptotic Standard Error
=======================            ==========================

A               = -0.000186534     +/- 2.649e-005   (14.2%)
B               = 0.187689         +/- 0.03277      (17.46%)
C               = -20.3208         +/- 9.527        (46.88%)


correlation matrix of the fit parameters:

               A      B      C      
A               1.000 
B              -0.994  1.000 
C               0.964 -0.986  1.000 


*******************************************************************************
Fri Nov 08 12:33:17 2013


FIT:    data read from '12_stir_data.txt' using 1:2
        format = x:z
        #datapoints = 12
        residuals are weighted equally (unit weight)

function used for fitting: f(x)
fitted parameters initialized with current variable values



 Iteration 0
 WSSR        : 3.61054e+012      delta(WSSR)/WSSR   : 0
 delta(WSSR) : 0                 limit for stopping : 1e-005
 lambda	  : 316288

initial set of free parameter values

A               = 1
B               = 1
C               = 1

After 10 iterations the fit converged.
final sum of squares of residuals : 32.6927
rel. change during last iteration : -1.04586e-011

degrees of freedom    (FIT_NDF)                        : 9
rms of residuals      (FIT_STDFIT) = sqrt(WSSR/ndf)    : 1.90592
variance of residuals (reduced chisquare) = WSSR/ndf   : 3.63253

Final set of parameters            Asymptotic Standard Error
=======================            ==========================

A               = -0.000186534     +/- 2.649e-005   (14.2%)
B               = 0.187689         +/- 0.03277      (17.46%)
C               = -20.3208         +/- 9.527        (46.88%)


correlation matrix of the fit parameters:

               A      B      C      
A               1.000 
B              -0.994  1.000 
C               0.964 -0.986  1.000 


*******************************************************************************
Fri Nov 08 12:33:30 2013


FIT:    data read from '12_stir_data.txt' using 1:2
        format = x:z
        #datapoints = 12
        residuals are weighted equally (unit weight)

function used for fitting: f(x)
fitted parameters initialized with current variable values



 Iteration 0
 WSSR        : 3.61054e+012      delta(WSSR)/WSSR   : 0
 delta(WSSR) : 0                 limit for stopping : 1e-005
 lambda	  : 316288

initial set of free parameter values

A               = 1
B               = 1
C               = 1

After 10 iterations the fit converged.
final sum of squares of residuals : 32.6927
rel. change during last iteration : -1.04586e-011

degrees of freedom    (FIT_NDF)                        : 9
rms of residuals      (FIT_STDFIT) = sqrt(WSSR/ndf)    : 1.90592
variance of residuals (reduced chisquare) = WSSR/ndf   : 3.63253

Final set of parameters            Asymptotic Standard Error
=======================            ==========================

A               = -0.000186534     +/- 2.649e-005   (14.2%)
B               = 0.187689         +/- 0.03277      (17.46%)
C               = -20.3208         +/- 9.527        (46.88%)


correlation matrix of the fit parameters:

               A      B      C      
A               1.000 
B              -0.994  1.000 
C               0.964 -0.986  1.000 


*******************************************************************************
Fri Nov 08 12:33:43 2013


FIT:    data read from '12_stir_data.txt' using 1:2
        format = x:z
        #datapoints = 12
        residuals are weighted equally (unit weight)

function used for fitting: f(x)
fitted parameters initialized with current variable values



 Iteration 0
 WSSR        : 3.61054e+012      delta(WSSR)/WSSR   : 0
 delta(WSSR) : 0                 limit for stopping : 1e-005
 lambda	  : 316288

initial set of free parameter values

A               = 1
B               = 1
C               = 1

After 10 iterations the fit converged.
final sum of squares of residuals : 32.6927
rel. change during last iteration : -1.04586e-011

degrees of freedom    (FIT_NDF)                        : 9
rms of residuals      (FIT_STDFIT) = sqrt(WSSR/ndf)    : 1.90592
variance of residuals (reduced chisquare) = WSSR/ndf   : 3.63253

Final set of parameters            Asymptotic Standard Error
=======================            ==========================

A               = -0.000186534     +/- 2.649e-005   (14.2%)
B               = 0.187689         +/- 0.03277      (17.46%)
C               = -20.3208         +/- 9.527        (46.88%)


correlation matrix of the fit parameters:

               A      B      C      
A               1.000 
B              -0.994  1.000 
C               0.964 -0.986  1.000 


*******************************************************************************
Fri Nov 08 12:34:27 2013


FIT:    data read from '12_stir_data.txt' using 1:2
        format = x:z
        #datapoints = 12
        residuals are weighted equally (unit weight)

function used for fitting: f(x)
fitted parameters initialized with current variable values



 Iteration 0
 WSSR        : 3.61054e+012      delta(WSSR)/WSSR   : 0
 delta(WSSR) : 0                 limit for stopping : 1e-005
 lambda	  : 316288

initial set of free parameter values

A               = 1
B               = 1
C               = 1

After 10 iterations the fit converged.
final sum of squares of residuals : 32.6927
rel. change during last iteration : -1.04586e-011

degrees of freedom    (FIT_NDF)                        : 9
rms of residuals      (FIT_STDFIT) = sqrt(WSSR/ndf)    : 1.90592
variance of residuals (reduced chisquare) = WSSR/ndf   : 3.63253

Final set of parameters            Asymptotic Standard Error
=======================            ==========================

A               = -0.000186534     +/- 2.649e-005   (14.2%)
B               = 0.187689         +/- 0.03277      (17.46%)
C               = -20.3208         +/- 9.527        (46.88%)


correlation matrix of the fit parameters:

               A      B      C      
A               1.000 
B              -0.994  1.000 
C               0.964 -0.986  1.000 


*******************************************************************************
Fri Nov 08 12:35:11 2013


FIT:    data read from '12_stir_data.txt' using 1:2
        format = x:z
        #datapoints = 12
        residuals are weighted equally (unit weight)

function used for fitting: f(x)
fitted parameters initialized with current variable values



 Iteration 0
 WSSR        : 3.61054e+012      delta(WSSR)/WSSR   : 0
 delta(WSSR) : 0                 limit for stopping : 1e-005
 lambda	  : 316288

initial set of free parameter values

A               = 1
B               = 1
C               = 1

After 10 iterations the fit converged.
final sum of squares of residuals : 32.6927
rel. change during last iteration : -1.04479e-011

degrees of freedom    (FIT_NDF)                        : 9
rms of residuals      (FIT_STDFIT) = sqrt(WSSR/ndf)    : 1.90592
variance of residuals (reduced chisquare) = WSSR/ndf   : 3.63253

Final set of parameters            Asymptotic Standard Error
=======================            ==========================

A               = -0.000186534     +/- 2.649e-005   (14.2%)
B               = 0.187689         +/- 0.03277      (17.46%)
C               = -20.3208         +/- 9.527        (46.88%)


correlation matrix of the fit parameters:

               A      B      C      
A               1.000 
B              -0.994  1.000 
C               0.964 -0.986  1.000 


*******************************************************************************
Fri Nov 08 12:37:55 2013


FIT:    data read from '12_stir_data.txt' using 1:2
        format = x:z
        #datapoints = 12
        residuals are weighted equally (unit weight)

function used for fitting: f(x)
fitted parameters initialized with current variable values



 Iteration 0
 WSSR        : 3.61054e+012      delta(WSSR)/WSSR   : 0
 delta(WSSR) : 0                 limit for stopping : 1e-005
 lambda	  : 316288

initial set of free parameter values

A               = 1
B               = 1
C               = 1

After 10 iterations the fit converged.
final sum of squares of residuals : 32.6927
rel. change during last iteration : -1.04479e-011

degrees of freedom    (FIT_NDF)                        : 9
rms of residuals      (FIT_STDFIT) = sqrt(WSSR/ndf)    : 1.90592
variance of residuals (reduced chisquare) = WSSR/ndf   : 3.63253

Final set of parameters            Asymptotic Standard Error
=======================            ==========================

A               = -0.000186534     +/- 2.649e-005   (14.2%)
B               = 0.187689         +/- 0.03277      (17.46%)
C               = -20.3208         +/- 9.527        (46.88%)


correlation matrix of the fit parameters:

               A      B      C      
A               1.000 
B              -0.994  1.000 
C               0.964 -0.986  1.000 


*******************************************************************************
Sun Nov 10 00:56:54 2013


FIT:    data read from '12_stir_data.txt' using 1:2
        format = x:z
        #datapoints = 12
        residuals are weighted equally (unit weight)

function used for fitting: f(x)
fitted parameters initialized with current variable values



 Iteration 0
 WSSR        : 3.60887e+012      delta(WSSR)/WSSR   : 0
 delta(WSSR) : 0                 limit for stopping : 1e-005
 lambda	  : 316288

initial set of free parameter values

A               = 1
B               = 1
C               = 1

After 10 iterations the fit converged.
final sum of squares of residuals : 4796.55
rel. change during last iteration : -5.69884e-011

degrees of freedom    (FIT_NDF)                        : 9
rms of residuals      (FIT_STDFIT) = sqrt(WSSR/ndf)    : 23.0857
variance of residuals (reduced chisquare) = WSSR/ndf   : 532.95

Final set of parameters            Asymptotic Standard Error
=======================            ==========================

A               = -0.0025419       +/- 0.0003208    (12.62%)
B               = 2.95523          +/- 0.3969       (13.43%)
C               = -601.774         +/- 115.4        (19.18%)


correlation matrix of the fit parameters:

               A      B      C      
A               1.000 
B              -0.994  1.000 
C               0.964 -0.986  1.000 


*******************************************************************************
Sun Nov 10 00:57:43 2013


FIT:    data read from '12_stir_data.txt' using 1:2
        format = x:z
        #datapoints = 13
        residuals are weighted equally (unit weight)

function used for fitting: f(x)
fitted parameters initialized with current variable values



 Iteration 0
 WSSR        : 4.24891e+012      delta(WSSR)/WSSR   : 0
 delta(WSSR) : 0                 limit for stopping : 1e-005
 lambda	  : 329730

initial set of free parameter values

A               = 1
B               = 1
C               = 1

After 10 iterations the fit converged.
final sum of squares of residuals : 11155.9
rel. change during last iteration : -8.96234e-012

degrees of freedom    (FIT_NDF)                        : 10
rms of residuals      (FIT_STDFIT) = sqrt(WSSR/ndf)    : 33.4004
variance of residuals (reduced chisquare) = WSSR/ndf   : 1115.59

Final set of parameters            Asymptotic Standard Error
=======================            ==========================

A               = -0.00198097      +/- 0.0004003    (20.21%)
B               = 2.30713          +/- 0.506        (21.93%)
C               = -431.235         +/- 150.9        (34.99%)


correlation matrix of the fit parameters:

               A      B      C      
A               1.000 
B              -0.993  1.000 
C               0.959 -0.985  1.000 


*******************************************************************************
Sun Nov 10 00:57:53 2013


FIT:    data read from '12_stir_data.txt' using 1:2
        format = x:z
        #datapoints = 13
        residuals are weighted equally (unit weight)

function used for fitting: f(x)
fitted parameters initialized with current variable values



 Iteration 0
 WSSR        : 3.69099e+012      delta(WSSR)/WSSR   : 0
 delta(WSSR) : 0                 limit for stopping : 1e-005
 lambda	  : 307316

initial set of free parameter values

A               = 1
B               = 1
C               = 1

After 10 iterations the fit converged.
final sum of squares of residuals : 7124.24
rel. change during last iteration : -2.1091e-011

degrees of freedom    (FIT_NDF)                        : 10
rms of residuals      (FIT_STDFIT) = sqrt(WSSR/ndf)    : 26.6913
variance of residuals (reduced chisquare) = WSSR/ndf   : 712.424

Final set of parameters            Asymptotic Standard Error
=======================            ==========================

A               = -0.00233766      +/- 0.0003533    (15.11%)
B               = 2.72787          +/- 0.4413       (16.18%)
C               = -551.131         +/- 130.4        (23.67%)


correlation matrix of the fit parameters:

               A      B      C      
A               1.000 
B              -0.994  1.000 
C               0.967 -0.988  1.000 


*******************************************************************************
Sun Nov 10 00:58:06 2013


FIT:    data read from '12_stir_data.txt' using 1:2
        format = x:z
        #datapoints = 12
        residuals are weighted equally (unit weight)

function used for fitting: f(x)
fitted parameters initialized with current variable values



 Iteration 0
 WSSR        : 3.60887e+012      delta(WSSR)/WSSR   : 0
 delta(WSSR) : 0                 limit for stopping : 1e-005
 lambda	  : 316288

initial set of free parameter values

A               = 1
B               = 1
C               = 1

After 10 iterations the fit converged.
final sum of squares of residuals : 4796.55
rel. change during last iteration : -5.69884e-011

degrees of freedom    (FIT_NDF)                        : 9
rms of residuals      (FIT_STDFIT) = sqrt(WSSR/ndf)    : 23.0857
variance of residuals (reduced chisquare) = WSSR/ndf   : 532.95

Final set of parameters            Asymptotic Standard Error
=======================            ==========================

A               = -0.0025419       +/- 0.0003208    (12.62%)
B               = 2.95523          +/- 0.3969       (13.43%)
C               = -601.774         +/- 115.4        (19.18%)


correlation matrix of the fit parameters:

               A      B      C      
A               1.000 
B              -0.994  1.000 
C               0.964 -0.986  1.000 


*******************************************************************************
Sun Nov 10 01:01:02 2013


FIT:    data read from '12_stir_data.txt' using 1:2
        format = x:z
        #datapoints = 12
        residuals are weighted equally (unit weight)

function used for fitting: f(x)
fitted parameters initialized with current variable values



 Iteration 0
 WSSR        : 3.60887e+012      delta(WSSR)/WSSR   : 0
 delta(WSSR) : 0                 limit for stopping : 1e-005
 lambda	  : 316288

initial set of free parameter values

A               = 1
B               = 1
C               = 1

After 10 iterations the fit converged.
final sum of squares of residuals : 4796.55
rel. change during last iteration : -5.69884e-011

degrees of freedom    (FIT_NDF)                        : 9
rms of residuals      (FIT_STDFIT) = sqrt(WSSR/ndf)    : 23.0857
variance of residuals (reduced chisquare) = WSSR/ndf   : 532.95

Final set of parameters            Asymptotic Standard Error
=======================            ==========================

A               = -0.0025419       +/- 0.0003208    (12.62%)
B               = 2.95523          +/- 0.3969       (13.43%)
C               = -601.774         +/- 115.4        (19.18%)


correlation matrix of the fit parameters:

               A      B      C      
A               1.000 
B              -0.994  1.000 
C               0.964 -0.986  1.000 


*******************************************************************************
Thu Nov 14 18:26:59 2013


FIT:    data read from '12_stir_data.txt' using 1:2
        format = x:z
        #datapoints = 12
        residuals are weighted equally (unit weight)

function used for fitting: f(x)
fitted parameters initialized with current variable values



 Iteration 0
 WSSR        : 3.60887e+012      delta(WSSR)/WSSR   : 0
 delta(WSSR) : 0                 limit for stopping : 1e-005
 lambda	  : 316288

initial set of free parameter values

A               = 1
B               = 1
C               = 1

After 10 iterations the fit converged.
final sum of squares of residuals : 4796.55
rel. change during last iteration : -5.69884e-011

degrees of freedom    (FIT_NDF)                        : 9
rms of residuals      (FIT_STDFIT) = sqrt(WSSR/ndf)    : 23.0857
variance of residuals (reduced chisquare) = WSSR/ndf   : 532.95

Final set of parameters            Asymptotic Standard Error
=======================            ==========================

A               = -0.0025419       +/- 0.0003208    (12.62%)
B               = 2.95523          +/- 0.3969       (13.43%)
C               = -601.774         +/- 115.4        (19.18%)


correlation matrix of the fit parameters:

               A      B      C      
A               1.000 
B              -0.994  1.000 
C               0.964 -0.986  1.000 


*******************************************************************************
Thu Nov 14 21:38:29 2013


FIT:    data read from '12_stir_data.txt' using 1:2
        format = x:z
        #datapoints = 12
        residuals are weighted equally (unit weight)

function used for fitting: f(x)
fitted parameters initialized with current variable values



 Iteration 0
 WSSR        : 3.60887e+012      delta(WSSR)/WSSR   : 0
 delta(WSSR) : 0                 limit for stopping : 1e-005
 lambda	  : 316288

initial set of free parameter values

A               = 1
B               = 1
C               = 1

After 10 iterations the fit converged.
final sum of squares of residuals : 4796.55
rel. change during last iteration : -5.69884e-011

degrees of freedom    (FIT_NDF)                        : 9
rms of residuals      (FIT_STDFIT) = sqrt(WSSR/ndf)    : 23.0857
variance of residuals (reduced chisquare) = WSSR/ndf   : 532.95

Final set of parameters            Asymptotic Standard Error
=======================            ==========================

A               = -0.0025419       +/- 0.0003208    (12.62%)
B               = 2.95523          +/- 0.3969       (13.43%)
C               = -601.774         +/- 115.4        (19.18%)


correlation matrix of the fit parameters:

               A      B      C      
A               1.000 
B              -0.994  1.000 
C               0.964 -0.986  1.000 
