\BOOKMARK [0][-]{part.1}{I Cejchov\341n\355 kompenz\341torem}{}% 1
\BOOKMARK [1][-]{section.1}{Pracovn\355 \372koly}{part.1}% 2
\BOOKMARK [1][-]{section.2}{Vypracov\341n\355}{part.1}% 3
\BOOKMARK [2][-]{subsection.2.1}{Pou\236it\351 pr\355stroje}{section.2}% 4
\BOOKMARK [2][-]{subsection.2.2}{Teoretick\375 \372vod}{section.2}% 5
\BOOKMARK [3][-]{subsubsection.2.2.1}{Kompenz\341tor}{subsection.2.2}% 6
\BOOKMARK [3][-]{subsubsection.2.2.2}{Cejchov\341n\355 voltmetru}{subsection.2.2}% 7
\BOOKMARK [3][-]{subsubsection.2.2.3}{Cejchov\341n\355 miliamp\351rmetru}{subsection.2.2}% 8
\BOOKMARK [2][-]{subsection.2.3}{Postup meren\355}{section.2}% 9
\BOOKMARK [3][-]{subsubsection.2.3.1}{Kompenz\341tor}{subsection.2.3}% 10
\BOOKMARK [3][-]{subsubsection.2.3.2}{Cejchov\341n\355 voltmetru}{subsection.2.3}% 11
\BOOKMARK [3][-]{subsubsection.2.3.3}{Cejchov\341n\355 miliamp\351rmetru}{subsection.2.3}% 12
\BOOKMARK [2][-]{subsection.2.4}{Nameren\351 hodnoty}{section.2}% 13
\BOOKMARK [2][-]{subsection.2.5}{Diskuse}{section.2}% 14
\BOOKMARK [3][-]{subsubsection.2.5.1}{Cejchov\341n\355 voltmetru}{subsection.2.5}% 15
\BOOKMARK [3][-]{subsubsection.2.5.2}{Cejchov\341n\355 miliamp\351rmetru}{subsection.2.5}% 16
\BOOKMARK [1][-]{section.3}{Z\341ver}{part.1}% 17
\BOOKMARK [1][-]{section.4}{Pou\236it\341 literatura}{part.1}% 18
\BOOKMARK [0][-]{part.2}{II Roz\235\355ren\355 rozsahu miliamp\351rmetru a voltmetru}{}% 19
\BOOKMARK [1][-]{section.5}{Pracovn\355 \372koly}{part.2}% 20
\BOOKMARK [1][-]{section.6}{Vypracov\341n\355}{part.2}% 21
\BOOKMARK [2][-]{subsection.6.1}{Pou\236it\351 pr\355stroje}{section.6}% 22
\BOOKMARK [2][-]{subsection.6.2}{Teoretick\375 \372vod}{section.6}% 23
\BOOKMARK [3][-]{subsubsection.6.2.1}{Roz\235\355ren\355 rozsahu miliamp\351rmetru}{subsection.6.2}% 24
\BOOKMARK [3][-]{subsubsection.6.2.2}{Roz\235\355ren\355 rozsahu voltmetru}{subsection.6.2}% 25
\BOOKMARK [3][-]{subsubsection.6.2.3}{Statistick\351 zpracov\341n\355}{subsection.6.2}% 26
\BOOKMARK [2][-]{subsection.6.3}{Postup meren\355}{section.6}% 27
\BOOKMARK [3][-]{subsubsection.6.3.1}{Roz\235\355ren\355 rozsahu miliamp\351rmetru}{subsection.6.3}% 28
\BOOKMARK [3][-]{subsubsection.6.3.2}{Roz\235\355ren\355 rozsahu voltmetru}{subsection.6.3}% 29
\BOOKMARK [2][-]{subsection.6.4}{Nameren\351 hodnoty}{section.6}% 30
\BOOKMARK [2][-]{subsection.6.5}{Diskuse}{section.6}% 31
\BOOKMARK [2][-]{subsection.6.6}{Z\341ver}{section.6}% 32
\BOOKMARK [1][-]{section.7}{Pou\236it\341 literatura}{part.2}% 33
\BOOKMARK [1][-]{section.8}{Pracovn\355 pap\355ry}{part.2}% 34
