\BOOKMARK [1][-]{section.1}{\376\377\000P\000r\000a\000c\000o\000v\000n\000\355\000\040\000\372\000k\000o\000l\000y}{}% 1
\BOOKMARK [1][-]{section.2}{\376\377\000V\000y\000p\000r\000a\000c\000o\000v\000\341\000n\000\355}{}% 2
\BOOKMARK [2][-]{subsection.2.1}{\376\377\000P\000o\000u\001\176\000i\000t\000\351\000\040\000p\001\131\000\355\000s\000t\000r\000o\000j\000e}{section.2}% 3
\BOOKMARK [2][-]{subsection.2.2}{\376\377\000T\000e\000o\000r\000e\000t\000i\000c\000k\000\375\000\040\000\372\000v\000o\000d}{section.2}% 4
\BOOKMARK [3][-]{subsubsection.2.2.1}{\376\377\000E\000n\000e\000r\000g\000i\000e\000\040\000e\000l\000e\000k\000t\000r\000o\000s\000t\000a\000t\000i\000c\000k\000\351\000h\000o\000\040\000p\000o\000l\000e\000,\000\040\000s\000\355\000l\000a\000\040\000m\000e\000z\000i\000\040\000d\000e\000s\000k\000a\000m\000i\000\040\000k\000o\000n\000d\000e\000n\000z\000\341\000t\000o\000r\000u}{subsection.2.2}% 5
\BOOKMARK [3][-]{subsubsection.2.2.2}{\376\377\000D\000.\000\332\000.\000:\000\040\000K\000a\000p\000a\000c\000i\000t\000a\000\040\000d\000e\000s\000k\000o\000v\000\351\000h\000o\000\040\000k\000o\000n\000d\000e\000n\000z\000\341\000t\000o\000r\000u\000\040\040\023\000\040\000o\000d\000v\000o\000z\000e\000n\000\355}{subsection.2.2}% 6
\BOOKMARK [3][-]{subsubsection.2.2.3}{\376\377\000D\000i\000e\000l\000e\000k\000t\000r\000i\000c\000k\000\341\000\040\000p\000e\000v\000n\000o\000s\000t\000\040\000v\000z\000d\000u\000c\000h\000u}{subsection.2.2}% 7
\BOOKMARK [3][-]{subsubsection.2.2.4}{\376\377\000K\000u\000l\000o\000v\000\351\000\040\000j\000i\000s\000k\001\131\000i\001\141\000t\001\033}{subsection.2.2}% 8
\BOOKMARK [3][-]{subsubsection.2.2.5}{\376\377\000M\000a\000p\000o\000v\000\341\000n\000\355\000\040\000e\000l\000e\000k\000t\000r\000o\000s\000t\000a\000t\000i\000c\000k\000\351\000h\000o\000\040\000p\000o\000l\000e}{subsection.2.2}% 9
\BOOKMARK [2][-]{subsection.2.3}{\376\377\000P\000o\000s\000t\000u\000p\000\040\000m\001\033\001\131\000e\000n\000\355}{section.2}% 10
\BOOKMARK [3][-]{subsubsection.2.3.1}{\376\377\000P\001\131\000i\000t\000a\001\176\000l\000i\000v\000\341\000\040\000s\000\355\000l\000a\000\040\000d\000e\000s\000e\000k\000\040\000k\000o\000n\000d\000e\000n\000z\000\341\000t\000o\000r\000u}{subsection.2.3}% 11
\BOOKMARK [2][-]{subsection.2.4}{\376\377\000M\000a\000p\000o\000v\000\341\000n\000\355\000\040\000e\000l\000e\000k\000t\000r\000o\000s\000t\000a\000t\000i\000c\000k\000\351\000h\000o\000\040\000p\000o\000l\000e}{section.2}% 12
\BOOKMARK [2][-]{subsection.2.5}{\376\377\000N\000a\000m\001\033\001\131\000e\000n\000\351\000\040\000h\000o\000d\000n\000o\000t\000y}{section.2}% 13
\BOOKMARK [3][-]{subsubsection.2.5.1}{\376\377\000P\001\131\000i\000t\000a\001\176\000l\000i\000v\000\341\000\040\000s\000\355\000l\000a\000\040\000d\000e\000s\000e\000k\000\040\000k\000o\000n\000d\000e\000n\000z\000\341\000t\000o\000r\000u}{subsection.2.5}% 14
\BOOKMARK [3][-]{subsubsection.2.5.2}{\376\377\000M\000a\000p\000o\000v\000\341\000n\000\355\000\040\000e\000l\000e\000k\000t\000r\000o\000s\000t\000a\000t\000i\000c\000k\000\351\000h\000o\000\040\000p\000o\000l\000e}{subsection.2.5}% 15
\BOOKMARK [2][-]{subsection.2.6}{\376\377\000D\000i\000s\000k\000u\000s\000e}{section.2}% 16
\BOOKMARK [3][-]{subsubsection.2.6.1}{\376\377\000D\000i\000e\000l\000e\000k\000t\000r\000i\000c\000k\000\341\000\040\000p\000e\000v\000n\000o\000s\000t\000\040\000v\000z\000d\000u\000c\000h\000u}{subsection.2.6}% 17
\BOOKMARK [3][-]{subsubsection.2.6.2}{\376\377\000K\000u\000l\000o\000v\000\351\000\040\000j\000i\000s\000k\001\131\000i\001\141\000t\001\033}{subsection.2.6}% 18
\BOOKMARK [3][-]{subsubsection.2.6.3}{\376\377\000M\000a\000p\000o\000v\000\341\000n\000\355\000\040\000e\000l\000e\000k\000t\000r\000o\000s\000t\000a\000t\000i\000c\000k\000\351\000h\000o\000\040\000p\000o\000l\000e}{subsection.2.6}% 19
\BOOKMARK [1][-]{section.3}{\376\377\000Z\000\341\000v\001\033\000r}{}% 20
\BOOKMARK [1][-]{section.4}{\376\377\000P\000o\000u\001\176\000i\000t\000\341\000\040\000l\000i\000t\000e\000r\000a\000t\000u\000r\000a}{}% 21
\BOOKMARK [1][-]{section.5}{\376\377\000D\000o\000m\000\341\000c\000\355\000\040\000p\001\131\000\355\000p\000r\000a\000v\000a}{}% 22
\BOOKMARK [1][-]{section.6}{\376\377\000S\000t\000a\000t\000i\000s\000t\000i\000c\000k\000\351\000\040\000z\000p\000r\000a\000c\000o\000v\000\341\000n\000\355\000\040\000d\000a\000t}{}% 23
\BOOKMARK [1][-]{section.7}{\376\377\000T\000a\000b\000u\000l\000k\000y\000\040\000a\000\040\000g\000r\000a\000f\000y}{}% 24
