\BOOKMARK [1][-]{section.1}{\376\377\000P\000r\000a\000c\000o\000v\000n\000\355\000\040\000\372\000k\000o\000l\000y}{}% 1
\BOOKMARK [1][-]{section.2}{\376\377\000\332\000v\000o\000d}{}% 2
\BOOKMARK [1][-]{section.3}{\376\377\000V\000y\000p\000r\000a\000c\000o\000v\000\341\000n\000\355}{}% 3
\BOOKMARK [2][-]{subsection.3.1}{\376\377\000T\000e\000o\000r\000e\000t\000i\000c\000k\000\375\000\040\000\372\000v\000o\000d}{section.3}% 4
\BOOKMARK [2][-]{subsection.3.2}{\376\377\000P\000o\000s\000t\000u\000p\000\040\000m\001\033\001\131\000e\000n\000\355}{section.3}% 5
\BOOKMARK [3][-]{subsubsection.3.2.1}{\376\377\001\014\000e\000r\000p\000\341\000n\000\355\000\040\000p\000o\000m\000o\000c\000\355\000\040\000T\000M\000V}{subsection.3.2}% 6
\BOOKMARK [3][-]{subsubsection.3.2.2}{\376\377\000H\000m\000o\000t\000n\000o\000s\000t\000n\000\355\000\040\000s\000p\000e\000k\000t\000r\000u\000m\000\040\000z\000b\000y\000t\000k\000o\000v\000\351\000h\000o\000\040\000p\000l\000y\000n\000u}{subsection.3.2}% 7
\BOOKMARK [3][-]{subsubsection.3.2.3}{\376\377\001\014\000a\000s\000o\000v\000\375\000\040\000v\000\375\000v\000o\000j\000\040\000p\000a\000r\000c\000i\000\341\000l\000n\000\355\000c\000h\000\040\000t\000l\000a\000k\001\157}{subsection.3.2}% 8
\BOOKMARK [3][-]{subsubsection.3.2.4}{\376\377\000O\000f\000u\000k\000o\000v\000\341\000n\000\355\000\040\000n\000a\000p\000o\000u\001\141\000t\001\033\000c\000\355\000h\000o\000\040\001\141\000r\000o\000u\000b\000u\000\040\000h\000e\000l\000i\000e\000m}{subsection.3.2}% 9
\BOOKMARK [3][-]{subsubsection.3.2.5}{\376\377\000V\000l\000i\000v\000\040\000o\000t\000\341\001\015\000e\000k\000\040\000T\000M\000V\000\040\000n\000a\000\040\000p\000a\000r\000c\000i\000\341\000l\000n\000\355\000\040\000t\000l\000a\000k\000y}{subsection.3.2}% 10
\BOOKMARK [2][-]{subsection.3.3}{\376\377\000N\000a\000m\001\033\001\131\000e\000n\000\351\000\040\000h\000o\000d\000n\000o\000t\000y}{section.3}% 11
\BOOKMARK [3][-]{subsubsection.3.3.1}{\376\377\001\014\000e\000r\000p\000\341\000n\000\355\000\040\000p\000o\000m\000o\000c\000\355\000\040\000T\000M\000V}{subsection.3.3}% 12
\BOOKMARK [3][-]{subsubsection.3.3.2}{\376\377\000H\000m\000o\000t\000n\000o\000s\000t\000n\000\355\000\040\000s\000p\000e\000k\000t\000r\000u\000m\000\040\000z\000b\000y\000t\000k\000o\000v\000\351\000h\000o\000\040\000p\000l\000y\000n\000u}{subsection.3.3}% 13
\BOOKMARK [3][-]{subsubsection.3.3.3}{\376\377\001\014\000a\000s\000o\000v\000\375\000\040\000v\000\375\000v\000o\000j\000\040\000p\000a\000r\000c\000i\000\341\000l\000n\000\355\000c\000h\000\040\000t\000l\000a\000k\001\157}{subsection.3.3}% 14
\BOOKMARK [3][-]{subsubsection.3.3.4}{\376\377\000O\000f\000u\000k\000o\000v\000\341\000n\000\355\000\040\000n\000a\000p\000o\000u\001\141\000t\001\033\000c\000\355\000h\000o\000\040\001\141\000r\000o\000u\000b\000u\000\040\000h\000e\000l\000i\000e\000m}{subsection.3.3}% 15
\BOOKMARK [3][-]{subsubsection.3.3.5}{\376\377\000V\000l\000i\000v\000\040\000o\000t\000\341\001\015\000e\000k\000\040\000T\000M\000V\000\040\000n\000a\000\040\000p\000a\000r\000c\000i\000\341\000l\000n\000\355\000\040\000t\000l\000a\000k\000y}{subsection.3.3}% 16
\BOOKMARK [2][-]{subsection.3.4}{\376\377\000D\000i\000s\000k\000u\000s\000e}{section.3}% 17
\BOOKMARK [3][-]{subsubsection.3.4.1}{\376\377\001\014\000e\000r\000p\000\341\000n\000\355\000\040\000p\000o\000m\000o\000c\000\355\000\040\000T\000M\000V}{subsection.3.4}% 18
\BOOKMARK [3][-]{subsubsection.3.4.2}{\376\377\000H\000m\000o\000t\000n\000o\000s\000t\000n\000\355\000\040\000s\000p\000e\000k\000t\000r\000u\000m\000\040\000z\000b\000y\000t\000k\000o\000v\000\351\000h\000o\000\040\000p\000l\000y\000n\000u}{subsection.3.4}% 19
\BOOKMARK [3][-]{subsubsection.3.4.3}{\376\377\001\014\000a\000s\000o\000v\000\375\000\040\000v\000\375\000v\000o\000j\000\040\000p\000a\000r\000c\000i\000\341\000l\000n\000\355\000c\000h\000\040\000t\000l\000a\000k\001\157}{subsection.3.4}% 20
\BOOKMARK [3][-]{subsubsection.3.4.4}{\376\377\000O\000f\000u\000k\000o\000v\000\341\000n\000\355\000\040\000n\000a\000p\000o\000u\001\141\000t\001\033\000c\000\355\000h\000o\000\040\001\141\000r\000o\000u\000b\000u\000\040\000h\000e\000l\000i\000e\000m}{subsection.3.4}% 21
\BOOKMARK [3][-]{subsubsection.3.4.5}{\376\377\000V\000l\000i\000v\000\040\000o\000t\000\341\001\015\000e\000k\000\040\000T\000M\000V\000\040\000n\000a\000\040\000p\000a\000r\000c\000i\000\341\000l\000n\000\355\000\040\000t\000l\000a\000k\000y}{subsection.3.4}% 22
\BOOKMARK [1][-]{section.4}{\376\377\000Z\000\341\000v\001\033\000r}{}% 23
\BOOKMARK [1][-]{section.5}{\376\377\000P\000o\000u\001\176\000i\000t\000\341\000\040\000l\000i\000t\000e\000r\000a\000t\000u\000r\000a}{}% 24
\BOOKMARK [2][-]{subsection.5.1}{\376\377\000T\000a\000b\000u\000l\000k\000y\000\040\000a\000\040\000g\000r\000a\000f\000y}{section.5}% 25
