\BOOKMARK [1][-]{section.1}{\376\377\000P\000r\000a\000c\000o\000v\000n\000\355\000\040\000\372\000k\000o\000l\000y}{}% 1
\BOOKMARK [1][-]{section.2}{\376\377\000V\000y\000p\000r\000a\000c\000o\000v\000\341\000n\000\355}{}% 2
\BOOKMARK [2][-]{subsection.2.1}{\376\377\000P\000o\000u\001\176\000i\000t\000\351\000\040\000p\001\131\000\355\000s\000t\000r\000o\000j\000e}{section.2}% 3
\BOOKMARK [2][-]{subsection.2.2}{\376\377\000T\000e\000o\000r\000e\000t\000i\000c\000k\000\375\000\040\000\372\000v\000o\000d}{section.2}% 4
\BOOKMARK [3][-]{subsubsection.2.2.1}{\376\377\000M\000o\000m\000e\000n\000t\000\040\000s\000e\000t\000r\000v\000a\001\015\000n\000o\000s\000t\000i}{subsection.2.2}% 5
\BOOKMARK [3][-]{subsubsection.2.2.2}{\376\377\000S\000t\000e\000i\000n\000e\000r\000o\000v\000a\000\040\000v\001\033\000t\000a}{subsection.2.2}% 6
\BOOKMARK [3][-]{subsubsection.2.2.3}{\376\377\000Z\000\341\000k\000o\000n\000\040\000z\000a\000c\000h\000o\000v\000\341\000n\000\355\000\040\000m\000o\000m\000e\000n\000t\000u\000\040\000h\000y\000b\000n\000o\000s\000t\000i}{subsection.2.2}% 7
\BOOKMARK [3][-]{subsubsection.2.2.4}{\376\377\000P\000r\000e\000c\000e\000s\000e\000\040\000g\000y\000r\000o\000s\000k\000o\000p\000u}{subsection.2.2}% 8
\BOOKMARK [2][-]{subsection.2.3}{\376\377\000P\000o\000s\000t\000u\000p\000\040\000m\001\033\001\131\000e\000n\000\355}{section.2}% 9
\BOOKMARK [3][-]{subsubsection.2.3.1}{\376\377\000M\000o\000m\000e\000n\000t\000y\000\040\000s\000e\000t\000r\000v\000a\001\015\000n\000o\000s\000t\000i}{subsection.2.3}% 10
\BOOKMARK [3][-]{subsubsection.2.3.2}{\376\377\000S\000t\000e\000i\000n\000e\000r\000o\000v\000a\000\040\000v\001\033\000t\000a}{subsection.2.3}% 11
\BOOKMARK [3][-]{subsubsection.2.3.3}{\376\377\000Z\000\341\000k\000o\000n\000\040\000z\000a\000c\000h\000o\000v\000\341\000n\000\355\000\040\000m\000o\000m\000e\000n\000t\000u\000\040\000h\000y\000b\000n\000o\000s\000t\000i}{subsection.2.3}% 12
\BOOKMARK [3][-]{subsubsection.2.3.4}{\376\377\000P\000r\000e\000c\000e\000s\000e\000\040\000g\000y\000r\000o\000s\000k\000o\000p\000u}{subsection.2.3}% 13
\BOOKMARK [2][-]{subsection.2.4}{\376\377\000N\000a\000m\001\033\001\131\000e\000n\000\351\000\040\000h\000o\000d\000n\000o\000t\000y}{section.2}% 14
\BOOKMARK [3][-]{subsubsection.2.4.1}{\376\377\000M\000o\000m\000e\000n\000t\000y\000\040\000s\000e\000t\000r\000v\000a\001\015\000n\000o\000s\000t\000i}{subsection.2.4}% 15
\BOOKMARK [3][-]{subsubsection.2.4.2}{\376\377\000S\000t\000e\000i\000n\000e\000r\000o\000v\000a\000\040\000v\001\033\000t\000a}{subsection.2.4}% 16
\BOOKMARK [3][-]{subsubsection.2.4.3}{\376\377\000Z\000\341\000k\000o\000n\000\040\000z\000a\000c\000h\000o\000v\000\341\000n\000\355\000\040\000m\000o\000m\000e\000n\000t\000u\000\040\000h\000y\000b\000n\000o\000s\000t\000i}{subsection.2.4}% 17
\BOOKMARK [3][-]{subsubsection.2.4.4}{\376\377\000P\000r\000e\000c\000e\000s\000e\000\040\000g\000y\000r\000o\000s\000k\000o\000p\000u}{subsection.2.4}% 18
\BOOKMARK [2][-]{subsection.2.5}{\376\377\000D\000i\000s\000k\000u\000s\000e}{section.2}% 19
\BOOKMARK [3][-]{subsubsection.2.5.1}{\376\377\000M\000o\000m\000e\000n\000t\000y\000\040\000s\000e\000t\000r\000v\000a\001\015\000n\000o\000s\000t\000i}{subsection.2.5}% 20
\BOOKMARK [3][-]{subsubsection.2.5.2}{\376\377\000S\000t\000e\000i\000n\000e\000r\000o\000v\000a\000\040\000v\001\033\000t\000a}{subsection.2.5}% 21
\BOOKMARK [3][-]{subsubsection.2.5.3}{\376\377\000Z\000\341\000k\000o\000n\000\040\000z\000a\000c\000h\000o\000v\000\341\000n\000\355\000\040\000m\000o\000m\000e\000n\000t\000u\000\040\000h\000y\000b\000n\000o\000s\000t\000i}{subsection.2.5}% 22
\BOOKMARK [3][-]{subsubsection.2.5.4}{\376\377\000P\000r\000e\000c\000e\000s\000e\000\040\000g\000y\000r\000o\000s\000k\000o\000p\000u}{subsection.2.5}% 23
\BOOKMARK [1][-]{section.3}{\376\377\000Z\000\341\000v\001\033\000r}{}% 24
\BOOKMARK [1][-]{section.4}{\376\377\000P\000o\000u\001\176\000i\000t\000\341\000\040\000l\000i\000t\000e\000r\000a\000t\000u\000r\000a}{}% 25
\BOOKMARK [0][-]{part.1}{\376\377\000I\000\040\000P\001\131\000\355\000l\000o\000h\000y}{}% 26
\BOOKMARK [1][-]{subsection.4.1}{\376\377\000D\000o\000m\000\341\000c\000\355\000\040\000p\001\131\000\355\000p\000r\000a\000v\000a}{part.1}% 27
\BOOKMARK [2][-]{subsection.4.2}{\376\377\000S\000t\000a\000t\000i\000s\000t\000i\000c\000k\000\351\000\040\000z\000p\000r\000a\000c\000o\000v\000\341\000n\000\355\000\040\000d\000a\000t}{subsection.4.1}% 28
\BOOKMARK [2][-]{subsection.4.3}{\376\377\000T\000a\000b\000u\000l\000k\000y}{subsection.4.1}% 29
\BOOKMARK [2][-]{subsection.4.4}{\376\377\000S\000c\000h\000\351\000m\000a\000t\000a}{subsection.4.1}% 30
\BOOKMARK [2][-]{subsection.4.5}{\376\377\000G\000r\000a\000f\000y}{subsection.4.1}% 31
