

*******************************************************************************
Sat Mar 08 21:07:22 2014


FIT:    data read from name.'.txt' using 1:2
        format = x:z
        #datapoints = 35
        residuals are weighted equally (unit weight)

function used for fitting: f(x)
fitted parameters initialized with current variable values



 Iteration 0
 WSSR        : 189.647           delta(WSSR)/WSSR   : 0
 delta(WSSR) : 0                 limit for stopping : 1e-005
 lambda	  : 89.9489

initial set of free parameter values

lambda          = 0.40898
fi              = -1.40177

After 11 iterations the fit converged.
final sum of squares of residuals : 10.1365
rel. change during last iteration : -4.97771e-006

degrees of freedom    (FIT_NDF)                        : 33
rms of residuals      (FIT_STDFIT) = sqrt(WSSR/ndf)    : 0.554225
variance of residuals (reduced chisquare) = WSSR/ndf   : 0.307165

Final set of parameters            Asymptotic Standard Error
=======================            ==========================

lambda          = 0.410016         +/- 0.002613     (0.6372%)
fi              = 1.46078          +/- 0.2774       (18.99%)


correlation matrix of the fit parameters:

               lambda fi     
lambda          1.000 
fi             -0.959  1.000 
