\BOOKMARK [0][-]{part.1}{\376\377\000I\000\040\000L\000i\000n\000e\000\341\000r\000n\000\355\000\040\000h\000a\000r\000m\000o\000n\000i\000c\000k\000\375\000\040\000o\000s\000c\000i\000l\000\341\000t\000o\000r}{}% 1
\BOOKMARK [1][-]{section.1}{\376\377\000P\000r\000a\000c\000o\000v\000n\000\355\000\040\000\372\000k\000o\000l\000y}{part.1}% 2
\BOOKMARK [1][-]{section.2}{\376\377\000V\000y\000p\000r\000a\000c\000o\000v\000\341\000n\000\355}{part.1}% 3
\BOOKMARK [2][-]{subsection.2.1}{\376\377\000P\000o\000u\001\176\000i\000t\000\351\000\040\000p\001\131\000\355\000s\000t\000r\000o\000j\000e}{section.2}% 4
\BOOKMARK [2][-]{subsection.2.2}{\376\377\000T\000e\000o\000r\000e\000t\000i\000c\000k\000\375\000\040\000\372\000v\000o\000d}{section.2}% 5
\BOOKMARK [3][-]{subsubsection.2.2.1}{\376\377\000P\000o\000t\000e\000n\000c\000i\000\341\000l\000\040\000h\000a\000r\000m\000o\000n\000i\000c\000k\000\351\000h\000o\000\040\000o\000s\000c\000i\000l\000\341\000t\000o\000r\000u}{subsection.2.2}% 6
\BOOKMARK [3][-]{subsubsection.2.2.2}{\376\377\000N\000e\000t\000l\000u\000m\000e\000n\000\351\000\040\000k\000m\000i\000t\000y}{subsection.2.2}% 7
\BOOKMARK [3][-]{subsubsection.2.2.3}{\376\377\000T\000l\000u\000m\000e\000n\000\351\000\040\000k\000m\000i\000t\000y}{subsection.2.2}% 8
\BOOKMARK [3][-]{subsubsection.2.2.4}{\376\377\000V\000y\000n\000u\000c\000e\000n\000\351\000\040\000k\000m\000i\000t\000y\000\040\000s\000\040\000t\000l\000u\000m\000e\000n\000\355\000m}{subsection.2.2}% 9
\BOOKMARK [2][-]{subsection.2.3}{\376\377\000P\000o\000s\000t\000u\000p\000\040\000m\001\033\001\131\000e\000n\000\355}{section.2}% 10
\BOOKMARK [3][-]{subsubsection.2.3.1}{\376\377\000M\001\033\001\131\000e\000n\000\355\000\040\000t\000u\000h\000o\000s\000t\000i\000\040\000p\000r\000u\001\176\000i\000n\000y\000\040\000s\000t\000a\000t\000i\000c\000k\000o\000u\000\040\000m\000e\000t\000o\000d\000o\000u}{subsection.2.3}% 11
\BOOKMARK [3][-]{subsubsection.2.3.2}{\376\377\000M\001\033\001\131\000e\000n\000\355\000\040\001\015\000a\000s\000o\000v\000\351\000h\000o\000\040\000p\000r\001\157\000b\001\033\000h\000u\000\040\000t\000l\000u\000m\000e\000n\000\375\000c\000h\000\040\000k\000m\000i\000t\001\157}{subsection.2.3}% 12
\BOOKMARK [3][-]{subsubsection.2.3.3}{\376\377\000M\001\033\001\131\000e\000n\000\355\000\040\001\015\000a\000s\000o\000v\000\351\000h\000o\000\040\000p\000r\001\157\000b\001\033\000h\000u\000\040\000k\000m\000i\000t\001\157\000\040\000s\000\040\000v\000n\001\033\000j\001\141\000\355\000\040\000b\000u\000d\000\355\000c\000\355\000\040\000s\000i\000l\000o\000u}{subsection.2.3}% 13
\BOOKMARK [2][-]{subsection.2.4}{\376\377\000N\000a\000m\001\033\001\131\000e\000n\000\351\000\040\000h\000o\000d\000n\000o\000t\000y}{section.2}% 14
\BOOKMARK [3][-]{subsubsection.2.4.1}{\376\377\000M\001\033\001\131\000e\000n\000\355\000\040\000t\000u\000h\000o\000s\000t\000i\000\040\000p\000r\000u\001\176\000i\000n\000y\000\040\000s\000t\000a\000t\000i\000c\000k\000o\000u\000\040\000m\000e\000t\000o\000d\000o\000u}{subsection.2.4}% 15
\BOOKMARK [3][-]{subsubsection.2.4.2}{\376\377\000M\001\033\001\131\000e\000n\000\355\000\040\001\015\000a\000s\000o\000v\000\351\000h\000o\000\040\000p\000r\001\157\000b\001\033\000h\000u\000\040\000t\000l\000u\000m\000e\000n\000\375\000c\000h\000\040\000k\000m\000i\000t\001\157}{subsection.2.4}% 16
\BOOKMARK [3][-]{subsubsection.2.4.3}{\376\377\000M\001\033\001\131\000e\000n\000\355\000\040\001\015\000a\000s\000o\000v\000\351\000h\000o\000\040\000p\000r\001\157\000b\001\033\000h\000u\000\040\000k\000m\000i\000t\001\157\000\040\000s\000\040\000v\000n\001\033\000j\001\141\000\355\000\040\000b\000u\000d\000\355\000c\000\355\000\040\000s\000i\000l\000o\000u}{subsection.2.4}% 17
\BOOKMARK [2][-]{subsection.2.5}{\376\377\000D\000i\000s\000k\000u\000s\000e}{section.2}% 18
\BOOKMARK [3][-]{subsubsection.2.5.1}{\376\377\000M\001\033\001\131\000e\000n\000\355\000\040\000t\000u\000h\000o\000s\000t\000i\000\040\000p\000r\000u\001\176\000i\000n\000y\000\040\000s\000t\000a\000t\000i\000c\000k\000o\000u\000\040\000m\000e\000t\000o\000d\000o\000u}{subsection.2.5}% 19
\BOOKMARK [3][-]{subsubsection.2.5.2}{\376\377\000M\001\033\001\131\000e\000n\000\355\000\040\001\015\000a\000s\000o\000v\000\351\000h\000o\000\040\000p\000r\001\157\000b\001\033\000h\000u\000\040\000t\000l\000u\000m\000e\000n\000\375\000c\000h\000\040\000k\000m\000i\000t\001\157}{subsection.2.5}% 20
\BOOKMARK [3][-]{subsubsection.2.5.3}{\376\377\000M\001\033\001\131\000e\000n\000\355\000\040\001\015\000a\000s\000o\000v\000\351\000h\000o\000\040\000p\000r\001\157\000b\001\033\000h\000u\000\040\000k\000m\000i\000t\001\157\000\040\000s\000\040\000v\000n\001\033\000j\001\141\000\355\000\040\000b\000u\000d\000\355\000c\000\355\000\040\000s\000i\000l\000o\000u}{subsection.2.5}% 21
\BOOKMARK [1][-]{section.3}{\376\377\000Z\000\341\000v\001\033\000r}{part.1}% 22
\BOOKMARK [0][-]{part.2}{\376\377\000I\000I\000\040\000P\000o\000h\000l\000o\000v\000o\000\040\000t\000o\000r\000z\000n\000\355\000\040\000k\000y\000v\000a\000d\000l\000o}{}% 23
\BOOKMARK [1][-]{section.4}{\376\377\000P\000r\000a\000c\000o\000v\000n\000\355\000\040\000\372\000k\000o\000l\000y}{part.2}% 24
\BOOKMARK [1][-]{section.5}{\376\377\000V\000y\000p\000r\000a\000c\000o\000v\000\341\000n\000\355}{part.2}% 25
\BOOKMARK [2][-]{subsection.5.1}{\376\377\000P\000o\000u\001\176\000i\000t\000\351\000\040\000p\001\131\000\355\000s\000t\000r\000o\000j\000e}{section.5}% 26
\BOOKMARK [2][-]{subsection.5.2}{\376\377\000T\000e\000o\000r\000e\000t\000i\000c\000k\000\375\000\040\000\372\000v\000o\000d}{section.5}% 27
\BOOKMARK [2][-]{subsection.5.3}{\376\377\000P\000o\000s\000t\000u\000p\000\040\000m\001\033\001\131\000e\000n\000\355}{section.5}% 28
\BOOKMARK [3][-]{subsubsection.5.3.1}{\376\377\000M\001\033\001\131\000e\000n\000\355\000\040\000t\000u\000h\000o\000s\000t\000i\000\040\000p\000r\000u\001\176\000i\000n\000y\000\040\000P\000o\000h\000l\000o\000v\000a\000\040\000k\000y\000v\000a\000d\000l\000a}{subsection.5.3}% 29
\BOOKMARK [3][-]{subsubsection.5.3.2}{\376\377\000M\001\033\001\131\000e\000n\000\355\000\040\000p\000r\001\157\000b\001\033\000h\000u\000\040\000p\000r\000o\000\040\000n\000e\000t\000l\000u\000m\000e\000n\000\351\000\040\000k\000m\000i\000t\000y}{subsection.5.3}% 30
\BOOKMARK [3][-]{subsubsection.5.3.3}{\376\377\000T\000l\000u\000m\000e\000n\000\351\000\040\000k\000m\000i\000t\000y}{subsection.5.3}% 31
\BOOKMARK [2][-]{subsection.5.4}{\376\377\000N\000a\000m\001\033\001\131\000e\000n\000\351\000\040\000h\000o\000d\000n\000o\000t\000y}{section.5}% 32
\BOOKMARK [3][-]{subsubsection.5.4.1}{\376\377\000M\001\033\001\131\000e\000n\000\355\000\040\000t\000u\000h\000o\000s\000t\000i\000\040\000p\000r\000u\001\176\000i\000n\000y\000\040\000P\000o\000h\000l\000o\000v\000a\000\040\000k\000y\000v\000a\000d\000l\000a}{subsection.5.4}% 33
\BOOKMARK [3][-]{subsubsection.5.4.2}{\376\377\000M\001\033\001\131\000e\000n\000\355\000\040\000p\000r\001\157\000b\001\033\000h\000u\000\040\000p\000r\000o\000\040\000n\000e\000t\000l\000u\000m\000e\000n\000\351\000\040\000k\000m\000i\000t\000y}{subsection.5.4}% 34
\BOOKMARK [3][-]{subsubsection.5.4.3}{\376\377\000T\000l\000u\000m\000e\000n\000\351\000\040\000k\000m\000i\000t\000y}{subsection.5.4}% 35
\BOOKMARK [2][-]{subsection.5.5}{\376\377\000D\000i\000s\000k\000u\000s\000e}{section.5}% 36
\BOOKMARK [3][-]{subsubsection.5.5.1}{\376\377\000M\001\033\001\131\000e\000n\000\355\000\040\000t\000u\000h\000o\000s\000t\000i\000\040\000p\000r\000u\001\176\000i\000n\000y\000\040\000P\000o\000h\000l\000o\000v\000a\000\040\000k\000y\000v\000a\000d\000l\000a}{subsection.5.5}% 37
\BOOKMARK [3][-]{subsubsection.5.5.2}{\376\377\000M\001\033\001\131\000e\000n\000\355\000\040\000p\000r\001\157\000b\001\033\000h\000u\000\040\000p\000r\000o\000\040\000n\000e\000t\000l\000u\000m\000e\000n\000\351\000\040\000k\000m\000i\000t\000y}{subsection.5.5}% 38
\BOOKMARK [3][-]{subsubsection.5.5.3}{\376\377\000T\000l\000u\000m\000e\000n\000\351\000\040\000k\000m\000i\000t\000y}{subsection.5.5}% 39
\BOOKMARK [1][-]{section.6}{\376\377\000Z\000\341\000v\001\033\000r}{part.2}% 40
\BOOKMARK [0][-]{part.3}{\376\377\000I\000I\000I\000\040\000P\001\131\000\355\000l\000o\000h\000y}{}% 41
\BOOKMARK [1][-]{subsection.6.1}{\376\377\000D\000o\000m\000\341\000c\000\355\000\040\000p\001\131\000\355\000p\000r\000a\000v\000a}{part.3}% 42
\BOOKMARK [2][-]{subsection.6.2}{\376\377\000S\000t\000a\000t\000i\000s\000t\000i\000c\000k\000\351\000\040\000z\000p\000r\000a\000c\000o\000v\000\341\000n\000\355\000\040\000d\000a\000t}{subsection.6.1}% 43
\BOOKMARK [2][-]{subsection.6.3}{\376\377\000T\000a\000b\000u\000l\000k\000y}{subsection.6.1}% 44
\BOOKMARK [2][-]{subsection.6.4}{\376\377\000G\000r\000a\000f\000y}{subsection.6.1}% 45
