\BOOKMARK [1][-]{section.1}{\376\377\000P\000r\000a\000c\000o\000v\000n\000\355\000\040\000\372\000k\000o\000l\000y}{}% 1
\BOOKMARK [1][-]{section.2}{\376\377\000V\000y\000p\000r\000a\000c\000o\000v\000\341\000n\000\355}{}% 2
\BOOKMARK [2][-]{subsection.2.1}{\376\377\000P\000o\000u\001\176\000i\000t\000\351\000\040\000p\001\131\000\355\000s\000t\000r\000o\000j\000e}{section.2}% 3
\BOOKMARK [2][-]{subsection.2.2}{\376\377\000T\000e\000o\000r\000e\000t\000i\000c\000k\000\375\000\040\000\372\000v\000o\000d}{section.2}% 4
\BOOKMARK [3][-]{subsubsection.2.2.1}{\376\377\000G\000a\000m\000a\000\040\000z\000\341\001\131\000e\000n\000\355}{subsection.2.2}% 5
\BOOKMARK [3][-]{subsubsection.2.2.2}{\376\377\000R\000a\000d\000i\000o\000a\000k\000t\000i\000v\000i\000t\000a}{subsection.2.2}% 6
\BOOKMARK [3][-]{subsubsection.2.2.3}{\376\377\000D\000e\000t\000e\000k\000c\000e\000\040\000g\000a\000m\000a\000\040\000z\000\341\001\131\000e\000n\000\355}{subsection.2.2}% 7
\BOOKMARK [3][-]{subsubsection.2.2.4}{\376\377\000S\000p\000e\000k\000t\000r\000u\000m\000\040\000g\000a\000m\000a\000\040\000z\000\341\001\131\000e\000n\000\355}{subsection.2.2}% 8
\BOOKMARK [3][-]{subsubsection.2.2.5}{\376\377\000S\000c\000i\000n\000t\000i\000l\000a\001\015\000n\000\355\000\040\000d\000e\000t\000e\000k\000t\000o\000r}{subsection.2.2}% 9
\BOOKMARK [3][-]{subsubsection.2.2.6}{\376\377\000S\000t\000\355\000n\001\033\000n\000\355\000\040\000g\000a\000m\000a\000\040\000z\000\341\001\131\000e\000n\000\355}{subsection.2.2}% 10
\BOOKMARK [3][-]{subsubsection.2.2.7}{\376\377\000G\000a\000u\000s\000s\000o\000v\000o\000\040\000r\000o\000z\000d\001\033\000l\000e\000n\000\355}{subsection.2.2}% 11
\BOOKMARK [3][-]{subsubsection.2.2.8}{\376\377\001\140\000\355\001\131\000k\000a\000\040\000p\000\355\000k\000u\000\040\000v\000\040\000p\000o\000l\000o\000v\000i\000n\001\033\000\040\000j\000e\000h\000o\000\040\000v\000\375\001\141\000k\000y}{subsection.2.2}% 12
\BOOKMARK [2][-]{subsection.2.3}{\376\377\000P\000o\000s\000t\000u\000p\000\040\000m\001\033\001\131\000e\000n\000\355}{section.2}% 13
\BOOKMARK [2][-]{subsection.2.4}{\376\377\000N\000a\000m\001\033\001\131\000e\000n\000\351\000\040\000h\000o\000d\000n\000o\000t\000y}{section.2}% 14
\BOOKMARK [2][-]{subsection.2.5}{\376\377\000D\000i\000s\000k\000u\000s\000e}{section.2}% 15
\BOOKMARK [1][-]{section.3}{\376\377\000Z\000\341\000v\001\033\000r}{}% 16
\BOOKMARK [1][-]{section.4}{\376\377\000P\000o\000u\001\176\000i\000t\000\341\000\040\000l\000i\000t\000e\000r\000a\000t\000u\000r\000a}{}% 17
\BOOKMARK [0][-]{part.1}{\376\377\000I\000\040\000P\001\131\000\355\000l\000o\000h\000y}{}% 18
\BOOKMARK [1][-]{section.5}{\376\377\000D\000o\000m\000\341\000c\000\355\000\040\000p\001\131\000\355\000p\000r\000a\000v\000a}{part.1}% 19
\BOOKMARK [2][-]{subsection.5.1}{\376\377\000T\000a\000b\000u\000l\000k\000y\000\040\000a\000\040\000g\000r\000a\000f\000y}{section.5}% 20
