

*******************************************************************************
Sun Mar 02 11:02:09 2014


FIT:    data read from name.".txt" using (cal($1)):($2)
        format = x:z
	y range restricted to [40.0000 : 80.0000]
        #datapoints = 61
        residuals are weighted equally (unit weight)

function used for fitting: gauss(x)
fitted parameters initialized with current variable values



 Iteration 0
 WSSR        : 3.83292e+008      delta(WSSR)/WSSR   : 0
 delta(WSSR) : 0                 limit for stopping : 1e-005
 lambda	  : 419.601

initial set of free parameter values

amplitude       = 300000
position        = 64
sigma           = 10
delta           = 4000

After 10 iterations the fit converged.
final sum of squares of residuals : 5.93041e+007
rel. change during last iteration : -6.11416e-006

degrees of freedom    (FIT_NDF)                        : 57
rms of residuals      (FIT_STDFIT) = sqrt(WSSR/ndf)    : 1020.01
variance of residuals (reduced chisquare) = WSSR/ndf   : 1.04042e+006

Final set of parameters            Asymptotic Standard Error
=======================            ==========================

amplitude       = 182306           +/- 1.251e+004   (6.86%)
position        = 64.185           +/- 0.2243       (0.3495%)
sigma           = 6.98434          +/- 0.3541       (5.07%)
delta           = 4362.76          +/- 321.4        (7.367%)


correlation matrix of the fit parameters:

               amplit positi sigma  delta  
amplitude       1.000 
position       -0.045  1.000 
sigma           0.853 -0.032  1.000 
delta          -0.913  0.055 -0.764  1.000 
