

*******************************************************************************
Sat Apr 12 13:05:30 2014


FIT:    data read from name.".txt" using 1:2
        format = x:z
        #datapoints = 39
        residuals are weighted equally (unit weight)

function used for fitting: p(x)
fitted parameters initialized with current variable values



*******************************************************************************
Sat Apr 12 13:05:40 2014


FIT:    data read from name.".txt" using 1:2
        format = x:z
        #datapoints = 39
        residuals are weighted equally (unit weight)

function used for fitting: p(x)
fitted parameters initialized with current variable values



*******************************************************************************
Sat Apr 12 13:06:00 2014


FIT:    data read from name.".txt" using 1:2
        format = x:z
        #datapoints = 39
        residuals are weighted equally (unit weight)

function used for fitting: f(x)
fitted parameters initialized with current variable values



 Iteration 0
 WSSR        : 0.873802          delta(WSSR)/WSSR   : 0
 delta(WSSR) : 0                 limit for stopping : 1e-005
 lambda	  : 0.72345

initial set of free parameter values

a               = 1
b               = 1

After 4 iterations the fit converged.
final sum of squares of residuals : 0.190147
rel. change during last iteration : -1.39113e-010

degrees of freedom    (FIT_NDF)                        : 37
rms of residuals      (FIT_STDFIT) = sqrt(WSSR/ndf)    : 0.0716876
variance of residuals (reduced chisquare) = WSSR/ndf   : 0.00513911

Final set of parameters            Asymptotic Standard Error
=======================            ==========================

a               = 2.44847          +/- 0.181        (7.392%)
b               = 0.7959           +/- 0.03914      (4.918%)


correlation matrix of the fit parameters:

               a      b      
a               1.000 
b              -0.956  1.000 


*******************************************************************************
Sat Apr 12 13:08:12 2014


FIT:    data read from name.".txt" using 1:2
        format = x:z
        #datapoints = 39
        residuals are weighted equally (unit weight)

function used for fitting: f(x)
fitted parameters initialized with current variable values



 Iteration 0
 WSSR        : 0.873802          delta(WSSR)/WSSR   : 0
 delta(WSSR) : 0                 limit for stopping : 1e-005
 lambda	  : 0.72345

initial set of free parameter values

a               = 1
b               = 1

After 4 iterations the fit converged.
final sum of squares of residuals : 0.190147
rel. change during last iteration : -1.39113e-010

degrees of freedom    (FIT_NDF)                        : 37
rms of residuals      (FIT_STDFIT) = sqrt(WSSR/ndf)    : 0.0716876
variance of residuals (reduced chisquare) = WSSR/ndf   : 0.00513911

Final set of parameters            Asymptotic Standard Error
=======================            ==========================

a               = 2.44847          +/- 0.181        (7.392%)
b               = 0.7959           +/- 0.03914      (4.918%)


correlation matrix of the fit parameters:

               a      b      
a               1.000 
b              -0.956  1.000 


*******************************************************************************
Sat Apr 12 13:08:28 2014


FIT:    data read from name.".txt" using 1:2
        format = x:z
        #datapoints = 39
        residuals are weighted equally (unit weight)

function used for fitting: f(x)
fitted parameters initialized with current variable values



 Iteration 0
 WSSR        : 0.873802          delta(WSSR)/WSSR   : 0
 delta(WSSR) : 0                 limit for stopping : 1e-005
 lambda	  : 0.72345

initial set of free parameter values

a               = 1
b               = 1

After 4 iterations the fit converged.
final sum of squares of residuals : 0.190147
rel. change during last iteration : -1.39113e-010

degrees of freedom    (FIT_NDF)                        : 37
rms of residuals      (FIT_STDFIT) = sqrt(WSSR/ndf)    : 0.0716876
variance of residuals (reduced chisquare) = WSSR/ndf   : 0.00513911

Final set of parameters            Asymptotic Standard Error
=======================            ==========================

a               = 2.44847          +/- 0.181        (7.392%)
b               = 0.7959           +/- 0.03914      (4.918%)


correlation matrix of the fit parameters:

               a      b      
a               1.000 
b              -0.956  1.000 


*******************************************************************************
Sat Apr 12 13:12:17 2014


FIT:    data read from name.".txt" using 1:2
        format = x:z
        #datapoints = 39
        residuals are weighted equally (unit weight)

function used for fitting: f(x)
fitted parameters initialized with current variable values



 Iteration 0
 WSSR        : 0.873802          delta(WSSR)/WSSR   : 0
 delta(WSSR) : 0                 limit for stopping : 1e-005
 lambda	  : 0.72345

initial set of free parameter values

a               = 1
b               = 1

After 4 iterations the fit converged.
final sum of squares of residuals : 0.190147
rel. change during last iteration : -1.39113e-010

degrees of freedom    (FIT_NDF)                        : 37
rms of residuals      (FIT_STDFIT) = sqrt(WSSR/ndf)    : 0.0716876
variance of residuals (reduced chisquare) = WSSR/ndf   : 0.00513911

Final set of parameters            Asymptotic Standard Error
=======================            ==========================

a               = 2.44847          +/- 0.181        (7.392%)
b               = 0.7959           +/- 0.03914      (4.918%)


correlation matrix of the fit parameters:

               a      b      
a               1.000 
b              -0.956  1.000 


*******************************************************************************
Sat Apr 12 13:13:06 2014


FIT:    data read from name.".txt" using 1:2
        format = x:z
        #datapoints = 39
        residuals are weighted equally (unit weight)

function used for fitting: f(x)
fitted parameters initialized with current variable values



 Iteration 0
 WSSR        : 0.873802          delta(WSSR)/WSSR   : 0
 delta(WSSR) : 0                 limit for stopping : 1e-005
 lambda	  : 0.72345

initial set of free parameter values

a               = 1
b               = 1

After 4 iterations the fit converged.
final sum of squares of residuals : 0.190147
rel. change during last iteration : -1.39113e-010

degrees of freedom    (FIT_NDF)                        : 37
rms of residuals      (FIT_STDFIT) = sqrt(WSSR/ndf)    : 0.0716876
variance of residuals (reduced chisquare) = WSSR/ndf   : 0.00513911

Final set of parameters            Asymptotic Standard Error
=======================            ==========================

a               = 2.44847          +/- 0.181        (7.392%)
b               = 0.7959           +/- 0.03914      (4.918%)


correlation matrix of the fit parameters:

               a      b      
a               1.000 
b              -0.956  1.000 


*******************************************************************************
Sat Apr 12 13:13:10 2014


FIT:    data read from name.".txt" using 1:2
        format = x:z
        #datapoints = 39
        residuals are weighted equally (unit weight)

function used for fitting: f(x)
fitted parameters initialized with current variable values



 Iteration 0
 WSSR        : 0.873802          delta(WSSR)/WSSR   : 0
 delta(WSSR) : 0                 limit for stopping : 1e-005
 lambda	  : 0.72345

initial set of free parameter values

a               = 1
b               = 1

After 4 iterations the fit converged.
final sum of squares of residuals : 0.190147
rel. change during last iteration : -1.39113e-010

degrees of freedom    (FIT_NDF)                        : 37
rms of residuals      (FIT_STDFIT) = sqrt(WSSR/ndf)    : 0.0716876
variance of residuals (reduced chisquare) = WSSR/ndf   : 0.00513911

Final set of parameters            Asymptotic Standard Error
=======================            ==========================

a               = 2.44847          +/- 0.181        (7.392%)
b               = 0.7959           +/- 0.03914      (4.918%)


correlation matrix of the fit parameters:

               a      b      
a               1.000 
b              -0.956  1.000 


*******************************************************************************
Sat Apr 12 13:13:43 2014


FIT:    data read from name.".txt" using 1:2
        format = x:z
        #datapoints = 39
        residuals are weighted equally (unit weight)

function used for fitting: f(x)
fitted parameters initialized with current variable values



 Iteration 0
 WSSR        : 0.873802          delta(WSSR)/WSSR   : 0
 delta(WSSR) : 0                 limit for stopping : 1e-005
 lambda	  : 0.72345

initial set of free parameter values

a               = 1
b               = 1

After 4 iterations the fit converged.
final sum of squares of residuals : 0.190147
rel. change during last iteration : -1.39113e-010

degrees of freedom    (FIT_NDF)                        : 37
rms of residuals      (FIT_STDFIT) = sqrt(WSSR/ndf)    : 0.0716876
variance of residuals (reduced chisquare) = WSSR/ndf   : 0.00513911

Final set of parameters            Asymptotic Standard Error
=======================            ==========================

a               = 2.44847          +/- 0.181        (7.392%)
b               = 0.7959           +/- 0.03914      (4.918%)


correlation matrix of the fit parameters:

               a      b      
a               1.000 
b              -0.956  1.000 


*******************************************************************************
Sat Apr 12 13:22:39 2014


FIT:    data read from name.".txt" using 1:2
        format = x:z
        #datapoints = 39
        residuals are weighted equally (unit weight)

function used for fitting: f(x)
fitted parameters initialized with current variable values



 Iteration 0
 WSSR        : 27.8465           delta(WSSR)/WSSR   : 0
 delta(WSSR) : 0                 limit for stopping : 1e-005
 lambda	  : 0.179326

initial set of free parameter values

a               = 1
b               = 1
c               = 1

After 4 iterations the fit converged.
final sum of squares of residuals : 0.134375
rel. change during last iteration : -6.95104e-009

degrees of freedom    (FIT_NDF)                        : 36
rms of residuals      (FIT_STDFIT) = sqrt(WSSR/ndf)    : 0.0610953
variance of residuals (reduced chisquare) = WSSR/ndf   : 0.00373264

Final set of parameters            Asymptotic Standard Error
=======================            ==========================

a               = -17.9998         +/- 0.7974       (4.43%)
b               = 5.17821          +/- 3.947e+011   (7.622e+012%)
c               = 5.17821          +/- 3.947e+011   (7.622e+012%)


correlation matrix of the fit parameters:

               a      b      c      
a               1.000 
b              -0.358  1.000 
c               0.358 -1.000  1.000 


*******************************************************************************
Sat Apr 12 13:22:42 2014


FIT:    data read from name.".txt" using 1:2
        format = x:z
        #datapoints = 39
        residuals are weighted equally (unit weight)

function used for fitting: f(x)
fitted parameters initialized with current variable values



 Iteration 0
 WSSR        : 27.8465           delta(WSSR)/WSSR   : 0
 delta(WSSR) : 0                 limit for stopping : 1e-005
 lambda	  : 0.179326

initial set of free parameter values

a               = 1
b               = 1
c               = 1

After 4 iterations the fit converged.
final sum of squares of residuals : 0.134375
rel. change during last iteration : -6.95104e-009

degrees of freedom    (FIT_NDF)                        : 36
rms of residuals      (FIT_STDFIT) = sqrt(WSSR/ndf)    : 0.0610953
variance of residuals (reduced chisquare) = WSSR/ndf   : 0.00373264

Final set of parameters            Asymptotic Standard Error
=======================            ==========================

a               = -17.9998         +/- 0.7974       (4.43%)
b               = 5.17821          +/- 3.947e+011   (7.622e+012%)
c               = 5.17821          +/- 3.947e+011   (7.622e+012%)


correlation matrix of the fit parameters:

               a      b      c      
a               1.000 
b              -0.358  1.000 
c               0.358 -1.000  1.000 


*******************************************************************************
Sat Apr 12 13:23:12 2014


FIT:    data read from name.".txt" using 1:2
        format = x:z
        #datapoints = 39
        residuals are weighted equally (unit weight)

function used for fitting: f(x)
fitted parameters initialized with current variable values



 Iteration 0
 WSSR        : 43.2504           delta(WSSR)/WSSR   : 0
 delta(WSSR) : 0                 limit for stopping : 1e-005
 lambda	  : 0.157659

initial set of free parameter values

a               = 1
b               = 1

After 4 iterations the fit converged.
final sum of squares of residuals : 0.134375
rel. change during last iteration : -2.78191e-009

degrees of freedom    (FIT_NDF)                        : 37
rms of residuals      (FIT_STDFIT) = sqrt(WSSR/ndf)    : 0.0602641
variance of residuals (reduced chisquare) = WSSR/ndf   : 0.00363176

Final set of parameters            Asymptotic Standard Error
=======================            ==========================

a               = -17.9998         +/- 0.7345       (4.081%)
b               = 10.3564          +/- 0.1846       (1.782%)


correlation matrix of the fit parameters:

               a      b      
a               1.000 
b              -0.970  1.000 


*******************************************************************************
Sat Apr 12 13:24:36 2014


FIT:    data read from name.".txt" using 1:2
        format = x:z
        #datapoints = 39
        residuals are weighted equally (unit weight)

function used for fitting: f(x)
fitted parameters initialized with current variable values



 Iteration 0
 WSSR        : 1349.76           delta(WSSR)/WSSR   : 0
 delta(WSSR) : 0                 limit for stopping : 1e-005
 lambda	  : 4.04804

initial set of free parameter values

a               = 1
b               = 1

After 8 iterations the fit converged.
final sum of squares of residuals : 0.0951943
rel. change during last iteration : -1.52196e-010

degrees of freedom    (FIT_NDF)                        : 37
rms of residuals      (FIT_STDFIT) = sqrt(WSSR/ndf)    : 0.050723
variance of residuals (reduced chisquare) = WSSR/ndf   : 0.00257282

Final set of parameters            Asymptotic Standard Error
=======================            ==========================

a               = 10.9554          +/- 0.5467       (4.99%)
b               = 1.79065          +/- 0.02567      (1.434%)


correlation matrix of the fit parameters:

               a      b      
a               1.000 
b              -0.949  1.000 


*******************************************************************************
Sat Apr 12 13:33:15 2014


FIT:    data read from name.".txt" using 1:2
        format = x:z
        #datapoints = 39
        residuals are weighted equally (unit weight)

function used for fitting: f(x)
fitted parameters initialized with current variable values



 Iteration 0
 WSSR        : 47.3106           delta(WSSR)/WSSR   : 0
 delta(WSSR) : 0                 limit for stopping : 1e-005
 lambda	  : 0.216241

initial set of free parameter values

a               = 1

After 3 iterations the fit converged.
final sum of squares of residuals : 2.31531
rel. change during last iteration : -7.98154e-010

degrees of freedom    (FIT_NDF)                        : 38
rms of residuals      (FIT_STDFIT) = sqrt(WSSR/ndf)    : 0.246838
variance of residuals (reduced chisquare) = WSSR/ndf   : 0.0609291

Final set of parameters            Asymptotic Standard Error
=======================            ==========================

a               = 5.96723          +/- 0.1828       (3.063%)


correlation matrix of the fit parameters:

               a      
a               1.000 


*******************************************************************************
Sat Apr 12 13:33:19 2014


FIT:    data read from name.".txt" using 1:2
        format = x:z
        #datapoints = 39
        residuals are weighted equally (unit weight)

function used for fitting: f(x)
fitted parameters initialized with current variable values



 Iteration 0
 WSSR        : 47.3106           delta(WSSR)/WSSR   : 0
 delta(WSSR) : 0                 limit for stopping : 1e-005
 lambda	  : 0.216241

initial set of free parameter values

a               = 1

After 3 iterations the fit converged.
final sum of squares of residuals : 2.31531
rel. change during last iteration : -7.98154e-010

degrees of freedom    (FIT_NDF)                        : 38
rms of residuals      (FIT_STDFIT) = sqrt(WSSR/ndf)    : 0.246838
variance of residuals (reduced chisquare) = WSSR/ndf   : 0.0609291

Final set of parameters            Asymptotic Standard Error
=======================            ==========================

a               = 5.96723          +/- 0.1828       (3.063%)


correlation matrix of the fit parameters:

               a      
a               1.000 


*******************************************************************************
Sat Apr 12 13:33:40 2014


FIT:    data read from name.".txt" using 1:2
        format = x:z
        #datapoints = 39
        residuals are weighted equally (unit weight)

function used for fitting: f(x)
fitted parameters initialized with current variable values



 Iteration 0
 WSSR        : 47.3106           delta(WSSR)/WSSR   : 0
 delta(WSSR) : 0                 limit for stopping : 1e-005
 lambda	  : 0.216241

initial set of free parameter values

a               = 1

After 3 iterations the fit converged.
final sum of squares of residuals : 2.31531
rel. change during last iteration : -7.98154e-010

degrees of freedom    (FIT_NDF)                        : 38
rms of residuals      (FIT_STDFIT) = sqrt(WSSR/ndf)    : 0.246838
variance of residuals (reduced chisquare) = WSSR/ndf   : 0.0609291

Final set of parameters            Asymptotic Standard Error
=======================            ==========================

a               = 5.96723          +/- 0.1828       (3.063%)


correlation matrix of the fit parameters:

               a      
a               1.000 


*******************************************************************************
Sat Apr 12 13:33:55 2014


FIT:    data read from name.".txt" using 1:2
        format = x:z
        #datapoints = 39
        residuals are weighted equally (unit weight)

function used for fitting: f(x)
fitted parameters initialized with current variable values



 Iteration 0
 WSSR        : 0.873802          delta(WSSR)/WSSR   : 0
 delta(WSSR) : 0                 limit for stopping : 1e-005
 lambda	  : 0.216241

initial set of free parameter values

a               = 1

After 3 iterations the fit converged.
final sum of squares of residuals : 0.3299
rel. change during last iteration : -6.77131e-011

degrees of freedom    (FIT_NDF)                        : 38
rms of residuals      (FIT_STDFIT) = sqrt(WSSR/ndf)    : 0.0931749
variance of residuals (reduced chisquare) = WSSR/ndf   : 0.00868157

Final set of parameters            Asymptotic Standard Error
=======================            ==========================

a               = 1.54612          +/- 0.069        (4.463%)


correlation matrix of the fit parameters:

               a      
a               1.000 


*******************************************************************************
Sat Apr 12 14:43:54 2014


FIT:    data read from name.".txt" using 1:2
        format = x:z
        #datapoints = 39
        residuals are weighted equally (unit weight)

function used for fitting: f(x)
fitted parameters initialized with current variable values



 Iteration 0
 WSSR        : 1.11929           delta(WSSR)/WSSR   : 0
 delta(WSSR) : 0                 limit for stopping : 1e-005
 lambda	  : 0.193733

initial set of free parameter values

a               = 1

After 3 iterations the fit converged.
final sum of squares of residuals : 0.361607
rel. change during last iteration : -8.60545e-011

degrees of freedom    (FIT_NDF)                        : 38
rms of residuals      (FIT_STDFIT) = sqrt(WSSR/ndf)    : 0.0975498
variance of residuals (reduced chisquare) = WSSR/ndf   : 0.00951597

Final set of parameters            Asymptotic Standard Error
=======================            ==========================

a               = 1.71946          +/- 0.08063      (4.689%)


correlation matrix of the fit parameters:

               a      
a               1.000 


*******************************************************************************
Sat Apr 12 14:43:59 2014


FIT:    data read from name.".txt" using 1:2
        format = x:z
        #datapoints = 39
        residuals are weighted equally (unit weight)

function used for fitting: f(x)
fitted parameters initialized with current variable values



 Iteration 0
 WSSR        : 1.11929           delta(WSSR)/WSSR   : 0
 delta(WSSR) : 0                 limit for stopping : 1e-005
 lambda	  : 0.193733

initial set of free parameter values

a               = 1

After 3 iterations the fit converged.
final sum of squares of residuals : 0.361607
rel. change during last iteration : -8.60545e-011

degrees of freedom    (FIT_NDF)                        : 38
rms of residuals      (FIT_STDFIT) = sqrt(WSSR/ndf)    : 0.0975498
variance of residuals (reduced chisquare) = WSSR/ndf   : 0.00951597

Final set of parameters            Asymptotic Standard Error
=======================            ==========================

a               = 1.71946          +/- 0.08063      (4.689%)


correlation matrix of the fit parameters:

               a      
a               1.000 


*******************************************************************************
Sat Apr 12 14:44:28 2014


FIT:    data read from name.".txt" using 1:2
        format = x:z
        #datapoints = 39
        residuals are weighted equally (unit weight)

function used for fitting: f(x)
fitted parameters initialized with current variable values



 Iteration 0
 WSSR        : 1.11929           delta(WSSR)/WSSR   : 0
 delta(WSSR) : 0                 limit for stopping : 1e-005
 lambda	  : 0.193733

initial set of free parameter values

a               = 1

After 3 iterations the fit converged.
final sum of squares of residuals : 0.361607
rel. change during last iteration : -8.60545e-011

degrees of freedom    (FIT_NDF)                        : 38
rms of residuals      (FIT_STDFIT) = sqrt(WSSR/ndf)    : 0.0975498
variance of residuals (reduced chisquare) = WSSR/ndf   : 0.00951597

Final set of parameters            Asymptotic Standard Error
=======================            ==========================

a               = 1.71946          +/- 0.08063      (4.689%)


correlation matrix of the fit parameters:

               a      
a               1.000 


*******************************************************************************
Sat Apr 12 14:45:00 2014


FIT:    data read from name.".txt" using 1:2
        format = x:z
        #datapoints = 39
        residuals are weighted equally (unit weight)

function used for fitting: f(x)
fitted parameters initialized with current variable values



 Iteration 0
 WSSR        : 0.873802          delta(WSSR)/WSSR   : 0
 delta(WSSR) : 0                 limit for stopping : 1e-005
 lambda	  : 0.216241

initial set of free parameter values

a               = 1

After 3 iterations the fit converged.
final sum of squares of residuals : 0.3299
rel. change during last iteration : -6.77131e-011

degrees of freedom    (FIT_NDF)                        : 38
rms of residuals      (FIT_STDFIT) = sqrt(WSSR/ndf)    : 0.0931749
variance of residuals (reduced chisquare) = WSSR/ndf   : 0.00868157

Final set of parameters            Asymptotic Standard Error
=======================            ==========================

a               = 1.54612          +/- 0.069        (4.463%)


correlation matrix of the fit parameters:

               a      
a               1.000 


*******************************************************************************
Sun Apr 13 00:33:06 2014


FIT:    data read from name.".txt" using 1:2
        format = x:z
        #datapoints = 39
        residuals are weighted equally (unit weight)

function used for fitting: f(x)
fitted parameters initialized with current variable values



 Iteration 0
 WSSR        : 0.873802          delta(WSSR)/WSSR   : 0
 delta(WSSR) : 0                 limit for stopping : 1e-005
 lambda	  : 0.216241

initial set of free parameter values

a               = 1

After 3 iterations the fit converged.
final sum of squares of residuals : 0.3299
rel. change during last iteration : -6.77131e-011

degrees of freedom    (FIT_NDF)                        : 38
rms of residuals      (FIT_STDFIT) = sqrt(WSSR/ndf)    : 0.0931749
variance of residuals (reduced chisquare) = WSSR/ndf   : 0.00868157

Final set of parameters            Asymptotic Standard Error
=======================            ==========================

a               = 1.54612          +/- 0.069        (4.463%)


correlation matrix of the fit parameters:

               a      
a               1.000 


*******************************************************************************
Sun Apr 13 16:04:01 2014


FIT:    data read from name.".txt" using 1:2
        format = x:z
        #datapoints = 39
        residuals are weighted equally (unit weight)

function used for fitting: f(x)
fitted parameters initialized with current variable values



 Iteration 0
 WSSR        : 0.873802          delta(WSSR)/WSSR   : 0
 delta(WSSR) : 0                 limit for stopping : 1e-005
 lambda	  : 0.216241

initial set of free parameter values

a               = 1

After 3 iterations the fit converged.
final sum of squares of residuals : 0.3299
rel. change during last iteration : -6.77131e-011

degrees of freedom    (FIT_NDF)                        : 38
rms of residuals      (FIT_STDFIT) = sqrt(WSSR/ndf)    : 0.0931749
variance of residuals (reduced chisquare) = WSSR/ndf   : 0.00868157

Final set of parameters            Asymptotic Standard Error
=======================            ==========================

a               = 1.54612          +/- 0.069        (4.463%)


correlation matrix of the fit parameters:

               a      
a               1.000 
