\BOOKMARK [1][-]{section.1}{\376\377\000P\000r\000a\000c\000o\000v\000n\000\355\000\040\000\372\000k\000o\000l\000y}{}% 1
\BOOKMARK [1][-]{section.2}{\376\377\000\332\000v\000o\000d}{}% 2
\BOOKMARK [1][-]{section.3}{\376\377\000V\000y\000p\000r\000a\000c\000o\000v\000\341\000n\000\355}{}% 3
\BOOKMARK [2][-]{subsection.3.1}{\376\377\000T\000e\000o\000r\000e\000t\000i\000c\000k\000\375\000\040\000\372\000v\000o\000d}{section.3}% 4
\BOOKMARK [3][-]{subsubsection.3.1.1}{\376\377\000Z\000p\001\157\000s\000o\000b\000y\000\040\000h\000l\000e\000d\000\341\000n\000\355\000\040\000n\000e\000t\001\033\000s\000n\000o\000s\000t\000\355}{subsection.3.1}% 5
\BOOKMARK [3][-]{subsubsection.3.1.2}{\376\377\000N\000a\000b\000i\000t\000\341\000\040\001\015\000\341\000s\000t\000i\000c\000e\000\040\000v\000\040\000h\000o\000m\000o\000g\000e\000n\000n\000\355\000m\000\040\000m\000a\000g\000n\000e\000t\000i\000c\000k\000\351\000m\000\040\000p\000o\000l\000i}{subsection.3.1}% 6
\BOOKMARK [2][-]{subsection.3.2}{\376\377\000P\000o\000s\000t\000u\000p\000\040\000m\001\033\001\131\000e\000n\000\355}{section.3}% 7
\BOOKMARK [3][-]{subsubsection.3.2.1}{\376\377\000D\000e\000t\000e\000k\000o\000v\000\341\000n\000\355\000\040\000n\000e\000t\001\033\000s\000n\000o\000s\000t\000i\000\040\000p\000o\000m\000o\000c\000\355\000\040\000v\000y\000s\000o\000k\000o\000f\000r\000e\000k\000v\000e\000n\001\015\000n\000\355\000\040\000v\000a\000k\000u\000o\000v\000\351\000\040\000z\000k\000o\000u\001\141\000e\001\015\000k\000y}{subsection.3.2}% 8
\BOOKMARK [3][-]{subsubsection.3.2.2}{\376\377\000Z\000m\001\033\000n\000a\000\040\000z\000b\000a\000r\000v\000e\000n\000\355\000\040\000v\000\375\000b\000o\000j\000e\000\040\000v\000\040\000z\000\341\000v\000i\000s\000l\000o\000s\000t\000i\000\040\000n\000a\000\040\000p\000r\000o\000s\000t\001\131\000e\000d\000\355}{subsection.3.2}% 9
\BOOKMARK [3][-]{subsubsection.3.2.3}{\376\377\000Z\000m\001\033\000n\000a\000\040\000t\000e\000p\000e\000l\000n\000\351\000\040\000v\000o\000d\000i\000v\000o\000s\000t\000i\000\040\000v\000\040\000z\000\341\000v\000i\000s\000l\000o\000s\000t\000i\000\040\000n\000a\000\040\000p\000r\000o\000s\000t\001\131\000e\000d\000\355}{subsection.3.2}% 10
\BOOKMARK [3][-]{subsubsection.3.2.4}{\376\377\000H\000a\000l\000o\000g\000e\000n\000o\000v\000\375\000\040\000h\000l\000e\000d\000a\001\015\000\040\000n\000e\000t\001\033\000s\000n\000o\000s\000t\000\355}{subsection.3.2}% 11
\BOOKMARK [3][-]{subsubsection.3.2.5}{\376\377\000H\000e\000l\000i\000o\000v\000\375\000\040\000h\000l\000e\000d\000a\001\015\000\040\000n\000e\000t\001\033\000s\000n\000o\000s\000t\000\355}{subsection.3.2}% 12
\BOOKMARK [2][-]{subsection.3.3}{\376\377\000N\000a\000m\001\033\001\131\000e\000n\000\351\000\040\000h\000o\000d\000n\000o\000t\000y}{section.3}% 13
\BOOKMARK [3][-]{subsubsection.3.3.1}{\376\377\000D\000e\000t\000e\000k\000o\000v\000\341\000n\000\355\000\040\000n\000e\000t\001\033\000s\000n\000o\000s\000t\000i\000\040\000p\000o\000m\000o\000c\000\355\000\040\000v\000y\000s\000o\000k\000o\000f\000r\000e\000k\000v\000e\000n\001\015\000n\000\355\000\040\000v\000a\000k\000u\000o\000v\000\351\000\040\000z\000k\000o\000u\001\141\000e\001\015\000k\000y}{subsection.3.3}% 14
\BOOKMARK [3][-]{subsubsection.3.3.2}{\376\377\000Z\000m\001\033\000n\000a\000\040\000z\000b\000a\000r\000v\000e\000n\000\355\000\040\000v\000\375\000b\000o\000j\000e\000\040\000v\000\040\000z\000\341\000v\000i\000s\000l\000o\000s\000t\000i\000\040\000n\000a\000\040\000p\000r\000o\000s\000t\001\131\000e\000d\000\355}{subsection.3.3}% 15
\BOOKMARK [3][-]{subsubsection.3.3.3}{\376\377\000Z\000m\001\033\000n\000a\000\040\000t\000e\000p\000e\000l\000n\000\351\000\040\000v\000o\000d\000i\000v\000o\000s\000t\000i\000\040\000v\000\040\000z\000\341\000v\000i\000s\000l\000o\000s\000t\000i\000\040\000n\000a\000\040\000p\000r\000o\000s\000t\001\131\000e\000d\000\355}{subsection.3.3}% 16
\BOOKMARK [3][-]{subsubsection.3.3.4}{\376\377\000H\000a\000l\000o\000g\000e\000n\000o\000v\000\375\000\040\000h\000l\000e\000d\000a\001\015\000\040\000n\000e\000t\001\033\000s\000n\000o\000s\000t\000\355}{subsection.3.3}% 17
\BOOKMARK [3][-]{subsubsection.3.3.5}{\376\377\000H\000e\000l\000i\000o\000v\000\375\000\040\000h\000l\000e\000d\000a\001\015\000\040\000n\000e\000t\001\033\000s\000n\000o\000s\000t\000\355}{subsection.3.3}% 18
\BOOKMARK [2][-]{subsection.3.4}{\376\377\000D\000i\000s\000k\000u\000s\000e}{section.3}% 19
\BOOKMARK [3][-]{subsubsection.3.4.1}{\376\377\000D\000e\000t\000e\000k\000o\000v\000\341\000n\000\355\000\040\000n\000e\000t\001\033\000s\000n\000o\000s\000t\000i\000\040\000p\000o\000m\000o\000c\000\355\000\040\000v\000y\000s\000o\000k\000o\000f\000r\000e\000k\000v\000e\000n\001\015\000n\000\355\000\040\000v\000a\000k\000u\000o\000v\000\351\000\040\000z\000k\000o\000u\001\141\000e\001\015\000k\000y}{subsection.3.4}% 20
\BOOKMARK [3][-]{subsubsection.3.4.2}{\376\377\000Z\000m\001\033\000n\000a\000\040\000z\000b\000a\000r\000v\000e\000n\000\355\000\040\000v\000\375\000b\000o\000j\000e\000\040\000v\000\040\000z\000\341\000v\000i\000s\000l\000o\000s\000t\000i\000\040\000n\000a\000\040\000p\000r\000o\000s\000t\001\131\000e\000d\000\355}{subsection.3.4}% 21
\BOOKMARK [3][-]{subsubsection.3.4.3}{\376\377\000Z\000m\001\033\000n\000a\000\040\000t\000e\000p\000e\000l\000n\000\351\000\040\000v\000o\000d\000i\000v\000o\000s\000t\000i\000\040\000v\000\040\000z\000\341\000v\000i\000s\000l\000o\000s\000t\000i\000\040\000n\000a\000\040\000p\000r\000o\000s\000t\001\131\000e\000d\000\355}{subsection.3.4}% 22
\BOOKMARK [3][-]{subsubsection.3.4.4}{\376\377\000H\000a\000l\000o\000g\000e\000n\000o\000v\000\375\000\040\000h\000l\000e\000d\000a\001\015\000\040\000n\000e\000t\001\033\000s\000n\000o\000s\000t\000\355}{subsection.3.4}% 23
\BOOKMARK [3][-]{subsubsection.3.4.5}{\376\377\000H\000e\000l\000i\000o\000v\000\375\000\040\000h\000l\000e\000d\000a\001\015\000\040\000n\000e\000t\001\033\000s\000n\000o\000s\000t\000\355}{subsection.3.4}% 24
\BOOKMARK [1][-]{section.4}{\376\377\000Z\000\341\000v\001\033\000r}{}% 25
\BOOKMARK [1][-]{section.5}{\376\377\000P\000o\000u\001\176\000i\000t\000\341\000\040\000l\000i\000t\000e\000r\000a\000t\000u\000r\000a}{}% 26
\BOOKMARK [1][-]{section.6}{\376\377\000S\000t\000a\000t\000i\000s\000t\000i\000c\000k\000\351\000\040\000z\000p\000r\000a\000c\000o\000v\000\341\000n\000\355\000\040\000d\000a\000t}{}% 27
