

*******************************************************************************
Fri Oct 25 18:10:40 2013


FIT:    data read from 'data.txt' using 1:2
        format = x:z
BREAK:          No data to fit 



*******************************************************************************
Fri Oct 25 18:11:14 2013


FIT:    data read from 'data.txt' using 1:2
        format = x:z
        #datapoints = 10
        residuals are weighted equally (unit weight)

function used for fitting: f(x)
fitted parameters initialized with current variable values



 Iteration 0
 WSSR        : 125150            delta(WSSR)/WSSR   : 0
 delta(WSSR) : 0                 limit for stopping : 1e-005
 lambda	  : 7.01285

initial set of free parameter values

A               = 1
B               = 1

After 5 iterations the fit converged.
final sum of squares of residuals : 1.18024
rel. change during last iteration : -1.41771e-009

degrees of freedom    (FIT_NDF)                        : 8
rms of residuals      (FIT_STDFIT) = sqrt(WSSR/ndf)    : 0.384097
variance of residuals (reduced chisquare) = WSSR/ndf   : 0.14753

Final set of parameters            Asymptotic Standard Error
=======================            ==========================

A               = 13.3258          +/- 0.1057       (0.7933%)
B               = -8.82242         +/- 1.043        (11.82%)


correlation matrix of the fit parameters:

               A      B      
A               1.000 
B              -0.993  1.000 


*******************************************************************************
Fri Oct 25 18:11:45 2013


FIT:    data read from 'data.txt' using 1:2
        format = x:z
        #datapoints = 10
        residuals are weighted equally (unit weight)

function used for fitting: f(x)
fitted parameters initialized with current variable values



 Iteration 0
 WSSR        : 125150            delta(WSSR)/WSSR   : 0
 delta(WSSR) : 0                 limit for stopping : 1e-005
 lambda	  : 7.01285

initial set of free parameter values

A               = 1
B               = 1

After 5 iterations the fit converged.
final sum of squares of residuals : 1.18024
rel. change during last iteration : -1.41771e-009

degrees of freedom    (FIT_NDF)                        : 8
rms of residuals      (FIT_STDFIT) = sqrt(WSSR/ndf)    : 0.384097
variance of residuals (reduced chisquare) = WSSR/ndf   : 0.14753

Final set of parameters            Asymptotic Standard Error
=======================            ==========================

A               = 13.3258          +/- 0.1057       (0.7933%)
B               = -8.82242         +/- 1.043        (11.82%)


correlation matrix of the fit parameters:

               A      B      
A               1.000 
B              -0.993  1.000 


*******************************************************************************
Fri Oct 25 18:11:52 2013


FIT:    data read from 'data.txt' using 1:2
        format = x:z
        #datapoints = 10
        residuals are weighted equally (unit weight)

function used for fitting: f(x)
fitted parameters initialized with current variable values



 Iteration 0
 WSSR        : 125150            delta(WSSR)/WSSR   : 0
 delta(WSSR) : 0                 limit for stopping : 1e-005
 lambda	  : 7.01285

initial set of free parameter values

A               = 1
B               = 1

After 5 iterations the fit converged.
final sum of squares of residuals : 1.18024
rel. change during last iteration : -1.41771e-009

degrees of freedom    (FIT_NDF)                        : 8
rms of residuals      (FIT_STDFIT) = sqrt(WSSR/ndf)    : 0.384097
variance of residuals (reduced chisquare) = WSSR/ndf   : 0.14753

Final set of parameters            Asymptotic Standard Error
=======================            ==========================

A               = 13.3258          +/- 0.1057       (0.7933%)
B               = -8.82242         +/- 1.043        (11.82%)


correlation matrix of the fit parameters:

               A      B      
A               1.000 
B              -0.993  1.000 


*******************************************************************************
Fri Oct 25 18:12:24 2013


FIT:    data read from 'data.txt' using 1:2
        format = x:z
        #datapoints = 10
        residuals are weighted equally (unit weight)

function used for fitting: f(x)
fitted parameters initialized with current variable values



 Iteration 0
 WSSR        : 125150            delta(WSSR)/WSSR   : 0
 delta(WSSR) : 0                 limit for stopping : 1e-005
 lambda	  : 7.01285

initial set of free parameter values

A               = 1
B               = 1

After 5 iterations the fit converged.
final sum of squares of residuals : 1.18024
rel. change during last iteration : -1.41771e-009

degrees of freedom    (FIT_NDF)                        : 8
rms of residuals      (FIT_STDFIT) = sqrt(WSSR/ndf)    : 0.384097
variance of residuals (reduced chisquare) = WSSR/ndf   : 0.14753

Final set of parameters            Asymptotic Standard Error
=======================            ==========================

A               = 13.3258          +/- 0.1057       (0.7933%)
B               = -8.82242         +/- 1.043        (11.82%)


correlation matrix of the fit parameters:

               A      B      
A               1.000 
B              -0.993  1.000 


*******************************************************************************
Fri Oct 25 18:15:59 2013


FIT:    data read from 'data.txt' using 1:2
        format = x:z
        #datapoints = 10
        residuals are weighted equally (unit weight)

function used for fitting: f(x)
fitted parameters initialized with current variable values



 Iteration 0
 WSSR        : 125150            delta(WSSR)/WSSR   : 0
 delta(WSSR) : 0                 limit for stopping : 1e-005
 lambda	  : 7.01285

initial set of free parameter values

A               = 1
B               = 1

After 5 iterations the fit converged.
final sum of squares of residuals : 1.18024
rel. change during last iteration : -1.41771e-009

degrees of freedom    (FIT_NDF)                        : 8
rms of residuals      (FIT_STDFIT) = sqrt(WSSR/ndf)    : 0.384097
variance of residuals (reduced chisquare) = WSSR/ndf   : 0.14753

Final set of parameters            Asymptotic Standard Error
=======================            ==========================

A               = 13.3258          +/- 0.1057       (0.7933%)
B               = -8.82242         +/- 1.043        (11.82%)


correlation matrix of the fit parameters:

               A      B      
A               1.000 
B              -0.993  1.000 


*******************************************************************************
Fri Oct 25 18:16:10 2013


FIT:    data read from 'data.txt' using 1:2
        format = x:z
        #datapoints = 10
        residuals are weighted equally (unit weight)

function used for fitting: f(x)
fitted parameters initialized with current variable values



 Iteration 0
 WSSR        : 125150            delta(WSSR)/WSSR   : 0
 delta(WSSR) : 0                 limit for stopping : 1e-005
 lambda	  : 7.01285

initial set of free parameter values

A               = 1
B               = 1

After 5 iterations the fit converged.
final sum of squares of residuals : 1.18024
rel. change during last iteration : -1.41771e-009

degrees of freedom    (FIT_NDF)                        : 8
rms of residuals      (FIT_STDFIT) = sqrt(WSSR/ndf)    : 0.384097
variance of residuals (reduced chisquare) = WSSR/ndf   : 0.14753

Final set of parameters            Asymptotic Standard Error
=======================            ==========================

A               = 13.3258          +/- 0.1057       (0.7933%)
B               = -8.82242         +/- 1.043        (11.82%)


correlation matrix of the fit parameters:

               A      B      
A               1.000 
B              -0.993  1.000 


*******************************************************************************
Fri Oct 25 18:16:41 2013


FIT:    data read from 'data.txt' using 1:2
        format = x:z
        #datapoints = 10
        residuals are weighted equally (unit weight)

function used for fitting: f(x)
fitted parameters initialized with current variable values



 Iteration 0
 WSSR        : 125150            delta(WSSR)/WSSR   : 0
 delta(WSSR) : 0                 limit for stopping : 1e-005
 lambda	  : 7.01285

initial set of free parameter values

A               = 1
B               = 1

After 5 iterations the fit converged.
final sum of squares of residuals : 1.18024
rel. change during last iteration : -1.41771e-009

degrees of freedom    (FIT_NDF)                        : 8
rms of residuals      (FIT_STDFIT) = sqrt(WSSR/ndf)    : 0.384097
variance of residuals (reduced chisquare) = WSSR/ndf   : 0.14753

Final set of parameters            Asymptotic Standard Error
=======================            ==========================

A               = 13.3258          +/- 0.1057       (0.7933%)
B               = -8.82242         +/- 1.043        (11.82%)


correlation matrix of the fit parameters:

               A      B      
A               1.000 
B              -0.993  1.000 


*******************************************************************************
Fri Oct 25 18:20:40 2013


FIT:    data read from 'data.txt' using 1:2
        format = x:z
        #datapoints = 10
        residuals are weighted equally (unit weight)

function used for fitting: f(x)
fitted parameters initialized with current variable values



 Iteration 0
 WSSR        : 125150            delta(WSSR)/WSSR   : 0
 delta(WSSR) : 0                 limit for stopping : 1e-005
 lambda	  : 7.01285

initial set of free parameter values

A               = 1
B               = 1

After 5 iterations the fit converged.
final sum of squares of residuals : 1.18024
rel. change during last iteration : -1.41771e-009

degrees of freedom    (FIT_NDF)                        : 8
rms of residuals      (FIT_STDFIT) = sqrt(WSSR/ndf)    : 0.384097
variance of residuals (reduced chisquare) = WSSR/ndf   : 0.14753

Final set of parameters            Asymptotic Standard Error
=======================            ==========================

A               = 13.3258          +/- 0.1057       (0.7933%)
B               = -8.82242         +/- 1.043        (11.82%)


correlation matrix of the fit parameters:

               A      B      
A               1.000 
B              -0.993  1.000 


*******************************************************************************
Fri Oct 25 18:20:45 2013


FIT:    data read from 'data.txt' using 1:2
        format = x:z
        #datapoints = 10
        residuals are weighted equally (unit weight)

function used for fitting: f(x)
fitted parameters initialized with current variable values



 Iteration 0
 WSSR        : 125150            delta(WSSR)/WSSR   : 0
 delta(WSSR) : 0                 limit for stopping : 1e-005
 lambda	  : 7.01285

initial set of free parameter values

A               = 1
B               = 1

After 5 iterations the fit converged.
final sum of squares of residuals : 1.18024
rel. change during last iteration : -1.41771e-009

degrees of freedom    (FIT_NDF)                        : 8
rms of residuals      (FIT_STDFIT) = sqrt(WSSR/ndf)    : 0.384097
variance of residuals (reduced chisquare) = WSSR/ndf   : 0.14753

Final set of parameters            Asymptotic Standard Error
=======================            ==========================

A               = 13.3258          +/- 0.1057       (0.7933%)
B               = -8.82242         +/- 1.043        (11.82%)


correlation matrix of the fit parameters:

               A      B      
A               1.000 
B              -0.993  1.000 


*******************************************************************************
Fri Oct 25 18:21:16 2013


FIT:    data read from 'data.txt' using 1:2
        format = x:z
        #datapoints = 10
        residuals are weighted equally (unit weight)

function used for fitting: f(x)
fitted parameters initialized with current variable values



 Iteration 0
 WSSR        : 125150            delta(WSSR)/WSSR   : 0
 delta(WSSR) : 0                 limit for stopping : 1e-005
 lambda	  : 7.01285

initial set of free parameter values

A               = 1
B               = 1

After 5 iterations the fit converged.
final sum of squares of residuals : 1.18024
rel. change during last iteration : -1.41771e-009

degrees of freedom    (FIT_NDF)                        : 8
rms of residuals      (FIT_STDFIT) = sqrt(WSSR/ndf)    : 0.384097
variance of residuals (reduced chisquare) = WSSR/ndf   : 0.14753

Final set of parameters            Asymptotic Standard Error
=======================            ==========================

A               = 13.3258          +/- 0.1057       (0.7933%)
B               = -8.82242         +/- 1.043        (11.82%)


correlation matrix of the fit parameters:

               A      B      
A               1.000 
B              -0.993  1.000 


*******************************************************************************
Fri Oct 25 18:21:30 2013


FIT:    data read from 'data.txt' using 1:2
        format = x:z
        #datapoints = 10
        residuals are weighted equally (unit weight)

function used for fitting: f(x)
fitted parameters initialized with current variable values



 Iteration 0
 WSSR        : 125150            delta(WSSR)/WSSR   : 0
 delta(WSSR) : 0                 limit for stopping : 1e-005
 lambda	  : 7.01285

initial set of free parameter values

A               = 1
B               = 1

After 5 iterations the fit converged.
final sum of squares of residuals : 1.18024
rel. change during last iteration : -1.41771e-009

degrees of freedom    (FIT_NDF)                        : 8
rms of residuals      (FIT_STDFIT) = sqrt(WSSR/ndf)    : 0.384097
variance of residuals (reduced chisquare) = WSSR/ndf   : 0.14753

Final set of parameters            Asymptotic Standard Error
=======================            ==========================

A               = 13.3258          +/- 0.1057       (0.7933%)
B               = -8.82242         +/- 1.043        (11.82%)


correlation matrix of the fit parameters:

               A      B      
A               1.000 
B              -0.993  1.000 


*******************************************************************************
Fri Oct 25 18:21:59 2013


FIT:    data read from 'data.txt' using 1:2
        format = x:z
        #datapoints = 10
        residuals are weighted equally (unit weight)

function used for fitting: f(x)
fitted parameters initialized with current variable values



 Iteration 0
 WSSR        : 125150            delta(WSSR)/WSSR   : 0
 delta(WSSR) : 0                 limit for stopping : 1e-005
 lambda	  : 7.01285

initial set of free parameter values

A               = 1
B               = 1

After 5 iterations the fit converged.
final sum of squares of residuals : 1.18024
rel. change during last iteration : -1.41771e-009

degrees of freedom    (FIT_NDF)                        : 8
rms of residuals      (FIT_STDFIT) = sqrt(WSSR/ndf)    : 0.384097
variance of residuals (reduced chisquare) = WSSR/ndf   : 0.14753

Final set of parameters            Asymptotic Standard Error
=======================            ==========================

A               = 13.3258          +/- 0.1057       (0.7933%)
B               = -8.82242         +/- 1.043        (11.82%)


correlation matrix of the fit parameters:

               A      B      
A               1.000 
B              -0.993  1.000 


*******************************************************************************
Fri Oct 25 18:22:29 2013


FIT:    data read from 'data.txt' using 1:2
        format = x:z
        #datapoints = 10
        residuals are weighted equally (unit weight)

function used for fitting: f(x)
fitted parameters initialized with current variable values



 Iteration 0
 WSSR        : 125150            delta(WSSR)/WSSR   : 0
 delta(WSSR) : 0                 limit for stopping : 1e-005
 lambda	  : 7.01285

initial set of free parameter values

A               = 1
B               = 1

After 5 iterations the fit converged.
final sum of squares of residuals : 1.18024
rel. change during last iteration : -1.41771e-009

degrees of freedom    (FIT_NDF)                        : 8
rms of residuals      (FIT_STDFIT) = sqrt(WSSR/ndf)    : 0.384097
variance of residuals (reduced chisquare) = WSSR/ndf   : 0.14753

Final set of parameters            Asymptotic Standard Error
=======================            ==========================

A               = 13.3258          +/- 0.1057       (0.7933%)
B               = -8.82242         +/- 1.043        (11.82%)


correlation matrix of the fit parameters:

               A      B      
A               1.000 
B              -0.993  1.000 


*******************************************************************************
Sun Oct 27 14:01:47 2013


FIT:    data read from 'data.txt' using 1:2
        format = x:z
        #datapoints = 10
        residuals are weighted equally (unit weight)

function used for fitting: f(x)
fitted parameters initialized with current variable values



 Iteration 0
 WSSR        : 777.205           delta(WSSR)/WSSR   : 0
 delta(WSSR) : 0                 limit for stopping : 1e-005
 lambda	  : 7.01285

initial set of free parameter values

A               = 1
B               = 1

After 5 iterations the fit converged.
final sum of squares of residuals : 0.000327845
rel. change during last iteration : -4.76272e-008

degrees of freedom    (FIT_NDF)                        : 8
rms of residuals      (FIT_STDFIT) = sqrt(WSSR/ndf)    : 0.00640161
variance of residuals (reduced chisquare) = WSSR/ndf   : 4.09806e-005

Final set of parameters            Asymptotic Standard Error
=======================            ==========================

A               = 0.222096         +/- 0.001762     (0.7933%)
B               = -0.14704         +/- 0.01739      (11.82%)


correlation matrix of the fit parameters:

               A      B      
A               1.000 
B              -0.993  1.000 


*******************************************************************************
Sun Oct 27 14:04:00 2013


FIT:    data read from 'data.txt' using 1:2
        format = x:z
        #datapoints = 10
        residuals are weighted equally (unit weight)

function used for fitting: f(x)
fitted parameters initialized with current variable values



 Iteration 0
 WSSR        : 777.205           delta(WSSR)/WSSR   : 0
 delta(WSSR) : 0                 limit for stopping : 1e-005
 lambda	  : 7.01285

initial set of free parameter values

A               = 1
B               = 1

After 5 iterations the fit converged.
final sum of squares of residuals : 0.000327845
rel. change during last iteration : -4.76272e-008

degrees of freedom    (FIT_NDF)                        : 8
rms of residuals      (FIT_STDFIT) = sqrt(WSSR/ndf)    : 0.00640161
variance of residuals (reduced chisquare) = WSSR/ndf   : 4.09806e-005

Final set of parameters            Asymptotic Standard Error
=======================            ==========================

A               = 0.222096         +/- 0.001762     (0.7933%)
B               = -0.14704         +/- 0.01739      (11.82%)


correlation matrix of the fit parameters:

               A      B      
A               1.000 
B              -0.993  1.000 


*******************************************************************************
Sun Oct 27 14:04:45 2013


FIT:    data read from 'data.txt' using 1:2
        format = x:z
        #datapoints = 10
        residuals are weighted equally (unit weight)

function used for fitting: f(x)
fitted parameters initialized with current variable values



 Iteration 0
 WSSR        : 777.205           delta(WSSR)/WSSR   : 0
 delta(WSSR) : 0                 limit for stopping : 1e-005
 lambda	  : 7.01285

initial set of free parameter values

A               = 1
B               = 1

After 5 iterations the fit converged.
final sum of squares of residuals : 0.000327845
rel. change during last iteration : -4.76272e-008

degrees of freedom    (FIT_NDF)                        : 8
rms of residuals      (FIT_STDFIT) = sqrt(WSSR/ndf)    : 0.00640161
variance of residuals (reduced chisquare) = WSSR/ndf   : 4.09806e-005

Final set of parameters            Asymptotic Standard Error
=======================            ==========================

A               = 0.222096         +/- 0.001762     (0.7933%)
B               = -0.14704         +/- 0.01739      (11.82%)


correlation matrix of the fit parameters:

               A      B      
A               1.000 
B              -0.993  1.000 


*******************************************************************************
Sun Oct 27 14:05:03 2013


FIT:    data read from 'data.txt' using 1:2
        format = x:z
        #datapoints = 10
        residuals are weighted equally (unit weight)

function used for fitting: f(x)
fitted parameters initialized with current variable values



 Iteration 0
 WSSR        : 777.205           delta(WSSR)/WSSR   : 0
 delta(WSSR) : 0                 limit for stopping : 1e-005
 lambda	  : 7.01285

initial set of free parameter values

A               = 1
B               = 1

After 5 iterations the fit converged.
final sum of squares of residuals : 0.000327845
rel. change during last iteration : -4.76272e-008

degrees of freedom    (FIT_NDF)                        : 8
rms of residuals      (FIT_STDFIT) = sqrt(WSSR/ndf)    : 0.00640161
variance of residuals (reduced chisquare) = WSSR/ndf   : 4.09806e-005

Final set of parameters            Asymptotic Standard Error
=======================            ==========================

A               = 0.222096         +/- 0.001762     (0.7933%)
B               = -0.14704         +/- 0.01739      (11.82%)


correlation matrix of the fit parameters:

               A      B      
A               1.000 
B              -0.993  1.000 
