

*******************************************************************************
Sun Oct 27 17:28:21 2013


FIT:    data read from name using 1:2
        format = x:z
        #datapoints = 1049
        residuals are weighted equally (unit weight)

function used for fitting: f(x)
fitted parameters initialized with current variable values



 Iteration 0
 WSSR        : 1.00788e+006      delta(WSSR)/WSSR   : 0
 delta(WSSR) : 0                 limit for stopping : 1e-005
 lambda	  : 0.447214

initial set of free parameter values

a               = 21
l               = 1
o               = 13
h               = 8
d               = 31

After 22 iterations the fit converged.
final sum of squares of residuals : 1.44859
rel. change during last iteration : -9.07089e-006

degrees of freedom    (FIT_NDF)                        : 1044
rms of residuals      (FIT_STDFIT) = sqrt(WSSR/ndf)    : 0.0372496
variance of residuals (reduced chisquare) = WSSR/ndf   : 0.00138754

Final set of parameters            Asymptotic Standard Error
=======================            ==========================

a               = 21.8626          +/- 254.4        (1164%)
l               = 0.605723         +/- 0.9187       (151.7%)
o               = 12.8358          +/- 0.9364       (7.295%)
h               = 8.2981           +/- 11.98        (144.4%)
d               = 0.00317848       +/- 0.001151     (36.2%)


correlation matrix of the fit parameters:

               a      l      o      h      d      
a               1.000 
l               0.995  1.000 
o              -0.052 -0.134  1.000 
h               0.049  0.131 -0.998  1.000 
d              -0.019 -0.018 -0.004  0.005  1.000 


*******************************************************************************
Sun Oct 27 17:28:39 2013


FIT:    data read from name using 1:2
        format = x:z
        #datapoints = 1049
        residuals are weighted equally (unit weight)

function used for fitting: f(x)
fitted parameters initialized with current variable values



 Iteration 0
 WSSR        : 1.2361e+006       delta(WSSR)/WSSR   : 0
 delta(WSSR) : 0                 limit for stopping : 1e-005
 lambda	  : 230.613

initial set of free parameter values

a               = 21
l               = 1
o               = 13
h               = 8
d               = 31

After 6 iterations the fit converged.
final sum of squares of residuals : 1.45149
rel. change during last iteration : -3.35386e-006

degrees of freedom    (FIT_NDF)                        : 1044
rms of residuals      (FIT_STDFIT) = sqrt(WSSR/ndf)    : 0.0372869
variance of residuals (reduced chisquare) = WSSR/ndf   : 0.00139031

BREAK:          Singular matrix in Invert_RtR



*******************************************************************************
Sun Oct 27 17:28:41 2013


FIT:    data read from name using 1:2
        format = x:z
        #datapoints = 1049
        residuals are weighted equally (unit weight)

function used for fitting: f(x)
fitted parameters initialized with current variable values



 Iteration 0
 WSSR        : 1.2361e+006       delta(WSSR)/WSSR   : 0
 delta(WSSR) : 0                 limit for stopping : 1e-005
 lambda	  : 230.613

initial set of free parameter values

a               = 21
l               = 1
o               = 13
h               = 8
d               = 31

After 6 iterations the fit converged.
final sum of squares of residuals : 1.45149
rel. change during last iteration : -3.35386e-006

degrees of freedom    (FIT_NDF)                        : 1044
rms of residuals      (FIT_STDFIT) = sqrt(WSSR/ndf)    : 0.0372869
variance of residuals (reduced chisquare) = WSSR/ndf   : 0.00139031

BREAK:          Singular matrix in Invert_RtR



*******************************************************************************
Sun Oct 27 17:29:07 2013


FIT:    data read from name using 1:2
        format = x:z
        #datapoints = 1049
        residuals are weighted equally (unit weight)

function used for fitting: f(x)
fitted parameters initialized with current variable values



 Iteration 0
 WSSR        : 1.2361e+006       delta(WSSR)/WSSR   : 0
 delta(WSSR) : 0                 limit for stopping : 1e-005
 lambda	  : 257.833

initial set of free parameter values

a               = 21
o               = 13
h               = 8
d               = 31

After 6 iterations the fit converged.
final sum of squares of residuals : 1.45148
rel. change during last iteration : -7.64623e-006

degrees of freedom    (FIT_NDF)                        : 1045
rms of residuals      (FIT_STDFIT) = sqrt(WSSR/ndf)    : 0.037269
variance of residuals (reduced chisquare) = WSSR/ndf   : 0.00138898

Final set of parameters            Asymptotic Standard Error
=======================            ==========================

a               = 0.000288145      +/- 0.001941     (673.6%)
o               = 13.0998          +/- 0.4685       (3.576%)
h               = 4.38973          +/- 15.81        (360.2%)
d               = 0.00320602       +/- 0.001151     (35.89%)


correlation matrix of the fit parameters:

               a      o      h      d      
a               1.000 
o               0.545  1.000 
h              -0.509 -0.934  1.000 
d              -0.004  0.000 -0.001  1.000 


*******************************************************************************
Sun Oct 27 17:29:09 2013


FIT:    data read from name using 1:2
        format = x:z
        #datapoints = 1049
        residuals are weighted equally (unit weight)

function used for fitting: f(x)
fitted parameters initialized with current variable values



 Iteration 0
 WSSR        : 1.2361e+006       delta(WSSR)/WSSR   : 0
 delta(WSSR) : 0                 limit for stopping : 1e-005
 lambda	  : 257.833

initial set of free parameter values

a               = 21
o               = 13
h               = 8
d               = 31

After 6 iterations the fit converged.
final sum of squares of residuals : 1.45148
rel. change during last iteration : -7.64623e-006

degrees of freedom    (FIT_NDF)                        : 1045
rms of residuals      (FIT_STDFIT) = sqrt(WSSR/ndf)    : 0.037269
variance of residuals (reduced chisquare) = WSSR/ndf   : 0.00138898

Final set of parameters            Asymptotic Standard Error
=======================            ==========================

a               = 0.000288145      +/- 0.001941     (673.6%)
o               = 13.0998          +/- 0.4685       (3.576%)
h               = 4.38973          +/- 15.81        (360.2%)
d               = 0.00320602       +/- 0.001151     (35.89%)


correlation matrix of the fit parameters:

               a      o      h      d      
a               1.000 
o               0.545  1.000 
h              -0.509 -0.934  1.000 
d              -0.004  0.000 -0.001  1.000 


*******************************************************************************
Sun Oct 27 17:29:16 2013


FIT:    data read from name using 1:2
        format = x:z
        #datapoints = 1049
        residuals are weighted equally (unit weight)

function used for fitting: f(x)
fitted parameters initialized with current variable values



 Iteration 0
 WSSR        : 1.2361e+006       delta(WSSR)/WSSR   : 0
 delta(WSSR) : 0                 limit for stopping : 1e-005
 lambda	  : 257.833

initial set of free parameter values

a               = 21
o               = 13
h               = 8
d               = 31

After 6 iterations the fit converged.
final sum of squares of residuals : 1.45148
rel. change during last iteration : -7.64623e-006

degrees of freedom    (FIT_NDF)                        : 1045
rms of residuals      (FIT_STDFIT) = sqrt(WSSR/ndf)    : 0.037269
variance of residuals (reduced chisquare) = WSSR/ndf   : 0.00138898

Final set of parameters            Asymptotic Standard Error
=======================            ==========================

a               = 0.000288145      +/- 0.001941     (673.6%)
o               = 13.0998          +/- 0.4685       (3.576%)
h               = 4.38973          +/- 15.81        (360.2%)
d               = 0.00320602       +/- 0.001151     (35.89%)


correlation matrix of the fit parameters:

               a      o      h      d      
a               1.000 
o               0.545  1.000 
h              -0.509 -0.934  1.000 
d              -0.004  0.000 -0.001  1.000 


*******************************************************************************
Sun Oct 27 17:29:41 2013


FIT:    data read from name using 1:2
        format = x:z
        #datapoints = 1049
        residuals are weighted equally (unit weight)

function used for fitting: f(x)
fitted parameters initialized with current variable values



 Iteration 0
 WSSR        : 1495.2            delta(WSSR)/WSSR   : 0
 delta(WSSR) : 0                 limit for stopping : 1e-005
 lambda	  : 12.4406

initial set of free parameter values

a               = 1
o               = 1
h               = 1
d               = 1

After 6 iterations the fit converged.
final sum of squares of residuals : 1.45082
rel. change during last iteration : -6.11376e-006

degrees of freedom    (FIT_NDF)                        : 1045
rms of residuals      (FIT_STDFIT) = sqrt(WSSR/ndf)    : 0.0372605
variance of residuals (reduced chisquare) = WSSR/ndf   : 0.00138835

Final set of parameters            Asymptotic Standard Error
=======================            ==========================

a               = -0.00113692      +/- 0.001618     (142.3%)
o               = 1.01016          +/- 0.1208       (11.95%)
h               = 0.132756         +/- 4.235        (3190%)
d               = 0.00319042       +/- 0.001153     (36.13%)


correlation matrix of the fit parameters:

               a      o      h      d      
a               1.000 
o              -0.052  1.000 
h               0.042 -0.940  1.000 
d               0.019  0.040 -0.052  1.000 


*******************************************************************************
Sun Oct 27 17:30:00 2013


FIT:    data read from name using 1:2
        format = x:z
        #datapoints = 1049
        residuals are weighted equally (unit weight)

function used for fitting: f(x)
fitted parameters initialized with current variable values



 Iteration 0
 WSSR        : 1570.58           delta(WSSR)/WSSR   : 0
 delta(WSSR) : 0                 limit for stopping : 1e-005
 lambda	  : 12.3573

initial set of free parameter values

a               = 1
o               = 2.5
h               = 1
d               = 1

After 18 iterations the fit converged.
final sum of squares of residuals : 1.44789
rel. change during last iteration : -9.63499e-006

degrees of freedom    (FIT_NDF)                        : 1045
rms of residuals      (FIT_STDFIT) = sqrt(WSSR/ndf)    : 0.0372229
variance of residuals (reduced chisquare) = WSSR/ndf   : 0.00138554

Final set of parameters            Asymptotic Standard Error
=======================            ==========================

a               = -0.00262638      +/- 0.001637     (62.34%)
o               = 2.5274           +/- 0.05124      (2.028%)
h               = 0.519442         +/- 1.803        (347.2%)
d               = 0.00319706       +/- 0.00115      (35.96%)


correlation matrix of the fit parameters:

               a      o      h      d      
a               1.000 
o              -0.131  1.000 
h               0.121 -0.939  1.000 
d               0.002  0.027 -0.028  1.000 


*******************************************************************************
Sun Oct 27 17:30:16 2013


FIT:    data read from name using 1:2
        format = x:z
        #datapoints = 1049
        residuals are weighted equally (unit weight)

function used for fitting: f(x)
fitted parameters initialized with current variable values



 Iteration 0
 WSSR        : 1573.86           delta(WSSR)/WSSR   : 0
 delta(WSSR) : 0                 limit for stopping : 1e-005
 lambda	  : 12.3741

initial set of free parameter values

a               = 1
o               = 1.5
h               = 1
d               = 1

After 6 iterations the fit converged.
final sum of squares of residuals : 1.45054
rel. change during last iteration : -1.80211e-006

degrees of freedom    (FIT_NDF)                        : 1045
rms of residuals      (FIT_STDFIT) = sqrt(WSSR/ndf)    : 0.0372569
variance of residuals (reduced chisquare) = WSSR/ndf   : 0.00138808

Final set of parameters            Asymptotic Standard Error
=======================            ==========================

a               = -0.0013713       +/- 0.001626     (118.6%)
o               = 1.50658          +/- 0.09899      (6.57%)
h               = 0.206578         +/- 3.49         (1689%)
d               = 0.00321473       +/- 0.001153     (35.88%)


correlation matrix of the fit parameters:

               a      o      h      d      
a               1.000 
o              -0.059  1.000 
h               0.057 -0.940  1.000 
d              -0.012  0.071 -0.066  1.000 


*******************************************************************************
Sun Oct 27 17:30:24 2013


FIT:    data read from name using 1:2
        format = x:z
        #datapoints = 1049
        residuals are weighted equally (unit weight)

function used for fitting: f(x)
fitted parameters initialized with current variable values



 Iteration 0
 WSSR        : 1581.75           delta(WSSR)/WSSR   : 0
 delta(WSSR) : 0                 limit for stopping : 1e-005
 lambda	  : 12.3797

initial set of free parameter values

a               = 1
o               = 5
h               = 1
d               = 1

After 15 iterations the fit converged.
final sum of squares of residuals : 1.44961
rel. change during last iteration : -7.34977e-006

degrees of freedom    (FIT_NDF)                        : 1045
rms of residuals      (FIT_STDFIT) = sqrt(WSSR/ndf)    : 0.037245
variance of residuals (reduced chisquare) = WSSR/ndf   : 0.00138719

Final set of parameters            Asymptotic Standard Error
=======================            ==========================

a               = 0.00189941       +/- 0.001674     (88.11%)
o               = 4.95032          +/- 0.07089      (1.432%)
h               = 2.73231          +/- 2.48         (90.78%)
d               = 0.00320417       +/- 0.00115      (35.9%)


correlation matrix of the fit parameters:

               a      o      h      d      
a               1.000 
o               0.237  1.000 
h              -0.223 -0.938  1.000 
d              -0.007 -0.021  0.019  1.000 


*******************************************************************************
Sun Oct 27 17:30:38 2013


FIT:    data read from name using 1:2
        format = x:z
        #datapoints = 1049
        residuals are weighted equally (unit weight)

function used for fitting: f(x)
fitted parameters initialized with current variable values



 Iteration 0
 WSSR        : 53652             delta(WSSR)/WSSR   : 0
 delta(WSSR) : 0                 limit for stopping : 1e-005
 lambda	  : 123.647

initial set of free parameter values

a               = 10
o               = 5
h               = 1
d               = 1

After 14 iterations the fit converged.
final sum of squares of residuals : 1.44971
rel. change during last iteration : -8.09758e-006

degrees of freedom    (FIT_NDF)                        : 1045
rms of residuals      (FIT_STDFIT) = sqrt(WSSR/ndf)    : 0.0372463
variance of residuals (reduced chisquare) = WSSR/ndf   : 0.00138728

Final set of parameters            Asymptotic Standard Error
=======================            ==========================

a               = 0.00184526       +/- 0.001673     (90.66%)
o               = 4.97565          +/- 0.07334      (1.474%)
h               = 2.4584           +/- 2.559        (104.1%)
d               = 0.00319534       +/- 0.00115      (36%)


correlation matrix of the fit parameters:

               a      o      h      d      
a               1.000 
o               0.243  1.000 
h              -0.228 -0.939  1.000 
d              -0.013 -0.017  0.016  1.000 


*******************************************************************************
Sun Oct 27 17:31:25 2013


FIT:    data read from name using 1:2
        format = x:z
        #datapoints = 1049
        residuals are weighted equally (unit weight)

function used for fitting: f(x)
fitted parameters initialized with current variable values



 Iteration 0
 WSSR        : 1.00899e+006      delta(WSSR)/WSSR   : 0
 delta(WSSR) : 0                 limit for stopping : 1e-005
 lambda	  : 12.398

initial set of free parameter values

a               = 1
o               = 5
h               = 8
d               = 31

After 5 iterations the fit converged.
final sum of squares of residuals : 1.44972
rel. change during last iteration : -1.04411e-006

degrees of freedom    (FIT_NDF)                        : 1045
rms of residuals      (FIT_STDFIT) = sqrt(WSSR/ndf)    : 0.0372464
variance of residuals (reduced chisquare) = WSSR/ndf   : 0.00138729

Final set of parameters            Asymptotic Standard Error
=======================            ==========================

a               = 0.00185581       +/- 0.001673     (90.17%)
o               = 4.99827          +/- 0.07256      (1.452%)
h               = 8.41195          +/- 2.537        (30.16%)
d               = 0.00319165       +/- 0.00115      (36.04%)


correlation matrix of the fit parameters:

               a      o      h      d      
a               1.000 
o               0.240  1.000 
h              -0.223 -0.938  1.000 
d              -0.013 -0.007  0.008  1.000 


*******************************************************************************
Sun Oct 27 17:32:52 2013


FIT:    data read from name using 1:2
        format = x:z
        #datapoints = 310
        residuals are weighted equally (unit weight)

function used for fitting: f(x)
fitted parameters initialized with current variable values



 Iteration 0
 WSSR        : 298026            delta(WSSR)/WSSR   : 0
 delta(WSSR) : 0                 limit for stopping : 1e-005
 lambda	  : 6.54494

initial set of free parameter values

a               = 1
o               = 5
h               = 8
d               = 31

After 13 iterations the fit converged.
final sum of squares of residuals : 1.1273
rel. change during last iteration : -7.99373e-006

degrees of freedom    (FIT_NDF)                        : 306
rms of residuals      (FIT_STDFIT) = sqrt(WSSR/ndf)    : 0.0606958
variance of residuals (reduced chisquare) = WSSR/ndf   : 0.00368399

Final set of parameters            Asymptotic Standard Error
=======================            ==========================

a               = 0.0114503        +/- 0.00498      (43.5%)
o               = 4.78438          +/- 0.1192       (2.492%)
h               = 10.99            +/- 2.217        (20.17%)
d               = 0.00256124       +/- 0.003451     (134.7%)


correlation matrix of the fit parameters:

               a      o      h      d      
a               1.000 
o               0.206  1.000 
h              -0.201 -0.981  1.000 
d              -0.040 -0.010  0.015  1.000 


*******************************************************************************
Sun Oct 27 17:33:12 2013


FIT:    data read from name using 1:2
        format = x:z
        #datapoints = 310
        residuals are weighted equally (unit weight)

function used for fitting: f(x)
fitted parameters initialized with current variable values



 Iteration 0
 WSSR        : 297863            delta(WSSR)/WSSR   : 0
 delta(WSSR) : 0                 limit for stopping : 1e-005
 lambda	  : 6.60954

initial set of free parameter values

a               = 1
o               = 4
h               = 8
d               = 31

After 12 iterations the fit converged.
final sum of squares of residuals : 0.0333527
rel. change during last iteration : -2.3443e-007

degrees of freedom    (FIT_NDF)                        : 306
rms of residuals      (FIT_STDFIT) = sqrt(WSSR/ndf)    : 0.0104401
variance of residuals (reduced chisquare) = WSSR/ndf   : 0.000108996

Final set of parameters            Asymptotic Standard Error
=======================            ==========================

a               = 0.0848012        +/- 0.0008458    (0.9974%)
o               = 3.54252          +/- 0.002773     (0.07829%)
h               = 14.8675          +/- 0.05096      (0.3427%)
d               = 0.00296042       +/- 0.0005948    (20.09%)


correlation matrix of the fit parameters:

               a      o      h      d      
a               1.000 
o               0.130  1.000 
h              -0.126 -0.981  1.000 
d              -0.009 -0.078  0.077  1.000 


*******************************************************************************
Sun Oct 27 17:34:11 2013


FIT:    data read from name using 1:2
        format = x:z
        #datapoints = 310
        residuals are weighted equally (unit weight)

function used for fitting: f(x)
fitted parameters initialized with current variable values



 Iteration 0
 WSSR        : 0.0395707         delta(WSSR)/WSSR   : 0
 delta(WSSR) : 0                 limit for stopping : 1e-005
 lambda	  : 0.803921

initial set of free parameter values

a               = 0.08
o               = 3.54
h               = 14.86
d               = 0.003

After 2 iterations the fit converged.
final sum of squares of residuals : 0.0333684
rel. change during last iteration : 0

degrees of freedom    (FIT_NDF)                        : 306
rms of residuals      (FIT_STDFIT) = sqrt(WSSR/ndf)    : 0.0104426
variance of residuals (reduced chisquare) = WSSR/ndf   : 0.000109047

Final set of parameters            Asymptotic Standard Error
=======================            ==========================

a               = 0.0848112        +/- 0.000846     (0.9975%)
o               = 3.54279          +/- 0.002774     (0.07829%)
h               = 14.8619          +/- 0.05096      (0.3429%)
d               = 0.00295931       +/- 0.0005949    (20.1%)


correlation matrix of the fit parameters:

               a      o      h      d      
a               1.000 
o               0.130  1.000 
h              -0.126 -0.981  1.000 
d              -0.009 -0.078  0.077  1.000 


*******************************************************************************
Sun Oct 27 17:34:29 2013


FIT:    data read from name using 1:2
        format = x:z
        #datapoints = 310
        residuals are weighted equally (unit weight)

function used for fitting: f(x)
fitted parameters initialized with current variable values



 Iteration 0
 WSSR        : 1.14785           delta(WSSR)/WSSR   : 0
 delta(WSSR) : 0                 limit for stopping : 1e-005
 lambda	  : 0.447214

initial set of free parameter values

a               = 0.08
o               = 3.54
l               = 1
h               = 14.86
d               = 0.003

After 1 iterations the fit converged.
final sum of squares of residuals : 1.14784
rel. change during last iteration : -3.81338e-006

degrees of freedom    (FIT_NDF)                        : 305
rms of residuals      (FIT_STDFIT) = sqrt(WSSR/ndf)    : 0.0613467
variance of residuals (reduced chisquare) = WSSR/ndf   : 0.00376342

Final set of parameters            Asymptotic Standard Error
=======================            ==========================

a               = 0.0800361        +/- 1.171e+005   (1.463e+008%)
o               = 3.54             +/- 9.824e+004   (2.775e+006%)
l               = 0.999962         +/- 1.166e+005   (1.166e+007%)
h               = 14.86            +/- 1.222e+006   (8.226e+006%)
d               = 0.00288126       +/- 0.003571     (123.9%)


correlation matrix of the fit parameters:

               a      o      l      h      d      
a               1.000 
o              -0.263  1.000 
l               0.999 -0.269  1.000 
h               0.270 -0.999  0.276  1.000 
d               0.072 -0.154  0.069  0.159  1.000 


*******************************************************************************
Sun Oct 27 17:34:45 2013


FIT:    data read from name using 1:2
        format = x:z
        #datapoints = 310
        residuals are weighted equally (unit weight)

function used for fitting: f(x)
fitted parameters initialized with current variable values



 Iteration 0
 WSSR        : 1.1469            delta(WSSR)/WSSR   : 0
 delta(WSSR) : 0                 limit for stopping : 1e-005
 lambda	  : 0.447214

initial set of free parameter values

a               = 0.08
o               = 3.54
l               = 0.5
h               = 14.86
d               = 0.003

After 8 iterations the fit converged.
final sum of squares of residuals : 8.2108e-005
rel. change during last iteration : -3.10976e-006

degrees of freedom    (FIT_NDF)                        : 305
rms of residuals      (FIT_STDFIT) = sqrt(WSSR/ndf)    : 0.000518851
variance of residuals (reduced chisquare) = WSSR/ndf   : 2.69207e-007

Final set of parameters            Asymptotic Standard Error
=======================            ==========================

a               = 0.202959         +/- 0.000499     (0.2459%)
o               = 3.54046          +/- 0.0001391    (0.003929%)
l               = 0.0484433        +/- 0.0001411    (0.2913%)
h               = 14.9032          +/- 0.002388     (0.01602%)
d               = 0.00376936       +/- 2.966e-005   (0.7868%)


correlation matrix of the fit parameters:

               a      o      l      h      d      
a               1.000 
o              -0.044  1.000 
l               0.980 -0.068  1.000 
h               0.045 -0.980  0.068  1.000 
d               0.078 -0.084  0.078  0.085  1.000 


*******************************************************************************
Sun Oct 27 17:34:55 2013


FIT:    data read from name using 1:2
        format = x:z
        #datapoints = 310
        residuals are weighted equally (unit weight)

function used for fitting: f(x)
fitted parameters initialized with current variable values



 Iteration 0
 WSSR        : 1.1469            delta(WSSR)/WSSR   : 0
 delta(WSSR) : 0                 limit for stopping : 1e-005
 lambda	  : 0.447214

initial set of free parameter values

a               = 0.08
o               = 3.54
l               = 0.5
h               = 14.86
d               = 0.003

After 8 iterations the fit converged.
final sum of squares of residuals : 8.2108e-005
rel. change during last iteration : -3.10976e-006

degrees of freedom    (FIT_NDF)                        : 305
rms of residuals      (FIT_STDFIT) = sqrt(WSSR/ndf)    : 0.000518851
variance of residuals (reduced chisquare) = WSSR/ndf   : 2.69207e-007

Final set of parameters            Asymptotic Standard Error
=======================            ==========================

a               = 0.202959         +/- 0.000499     (0.2459%)
o               = 3.54046          +/- 0.0001391    (0.003929%)
l               = 0.0484433        +/- 0.0001411    (0.2913%)
h               = 14.9032          +/- 0.002388     (0.01602%)
d               = 0.00376936       +/- 2.966e-005   (0.7868%)


correlation matrix of the fit parameters:

               a      o      l      h      d      
a               1.000 
o              -0.044  1.000 
l               0.980 -0.068  1.000 
h               0.045 -0.980  0.068  1.000 
d               0.078 -0.084  0.078  0.085  1.000 


*******************************************************************************
Sun Oct 27 17:35:23 2013


FIT:    data read from name using 1:2
        format = x:z
        #datapoints = 1049
        residuals are weighted equally (unit weight)

function used for fitting: f(x)
fitted parameters initialized with current variable values



 Iteration 0
 WSSR        : 0.513881          delta(WSSR)/WSSR   : 0
 delta(WSSR) : 0                 limit for stopping : 1e-005
 lambda	  : 0.511248

initial set of free parameter values

a               = 0.08
o               = 3.54
l               = 0.048
h               = 14.86
d               = 0.003

After 7 iterations the fit converged.
final sum of squares of residuals : 0.0208788
rel. change during last iteration : 0

degrees of freedom    (FIT_NDF)                        : 1044
rms of residuals      (FIT_STDFIT) = sqrt(WSSR/ndf)    : 0.00447201
variance of residuals (reduced chisquare) = WSSR/ndf   : 1.99988e-005

Final set of parameters            Asymptotic Standard Error
=======================            ==========================

a               = 0.276518         +/- 0.003043     (1.101%)
o               = 3.53802          +/- 0.0005211    (0.01473%)
l               = 0.0664378        +/- 0.0005328    (0.8019%)
h               = 14.9411          +/- 0.01065      (0.0713%)
d               = 0.00383749       +/- 0.0001381    (3.6%)


correlation matrix of the fit parameters:

               a      o      l      h      d      
a               1.000 
o              -0.056  1.000 
l               0.940 -0.090  1.000 
h               0.054 -0.939  0.085  1.000 
d               0.015 -0.018  0.011  0.022  1.000 


*******************************************************************************
Sun Oct 27 17:36:15 2013


FIT:    data read from name using 1:2
        format = x:z
        #datapoints = 1006
        residuals are weighted equally (unit weight)

function used for fitting: f(x)
fitted parameters initialized with current variable values



 Iteration 0
 WSSR        : 0.675061          delta(WSSR)/WSSR   : 0
 delta(WSSR) : 0                 limit for stopping : 1e-005
 lambda	  : 0.520163

initial set of free parameter values

a               = 0.08
o               = 3.54
l               = 0.048
h               = 14.86
d               = 0.003

After 8 iterations the fit converged.
final sum of squares of residuals : 0.0206886
rel. change during last iteration : -2.8787e-006

degrees of freedom    (FIT_NDF)                        : 1001
rms of residuals      (FIT_STDFIT) = sqrt(WSSR/ndf)    : 0.0045462
variance of residuals (reduced chisquare) = WSSR/ndf   : 2.06679e-005

Final set of parameters            Asymptotic Standard Error
=======================            ==========================

a               = 0.1914           +/- 0.001615     (0.8439%)
o               = 3.53805          +/- 0.0005362    (0.01516%)
l               = 0.0642998        +/- 0.0005258    (0.8178%)
h               = 15.5462          +/- 0.008734     (0.05618%)
d               = 0.000333203      +/- 0.0001434    (43.04%)


correlation matrix of the fit parameters:

               a      o      l      h      d      
a               1.000 
o              -0.050  1.000 
l               0.895 -0.077  1.000 
h               0.050 -0.899  0.072  1.000 
d               0.020  0.012  0.016 -0.020  1.000 


*******************************************************************************
Sun Oct 27 17:37:03 2013


FIT:    data read from name using 1:2
        format = x:z
        #datapoints = 1006
        residuals are weighted equally (unit weight)

function used for fitting: f(x)
fitted parameters initialized with current variable values



 Iteration 0
 WSSR        : 0.675061          delta(WSSR)/WSSR   : 0
 delta(WSSR) : 0                 limit for stopping : 1e-005
 lambda	  : 0.520163

initial set of free parameter values

a               = 0.08
o               = 3.54
l               = 0.048
h               = 14.86
d               = 0.003

After 8 iterations the fit converged.
final sum of squares of residuals : 0.0206886
rel. change during last iteration : -2.8787e-006

degrees of freedom    (FIT_NDF)                        : 1001
rms of residuals      (FIT_STDFIT) = sqrt(WSSR/ndf)    : 0.0045462
variance of residuals (reduced chisquare) = WSSR/ndf   : 2.06679e-005

Final set of parameters            Asymptotic Standard Error
=======================            ==========================

a               = 0.1914           +/- 0.001615     (0.8439%)
o               = 3.53805          +/- 0.0005362    (0.01516%)
l               = 0.0642998        +/- 0.0005258    (0.8178%)
h               = 15.5462          +/- 0.008734     (0.05618%)
d               = 0.000333203      +/- 0.0001434    (43.04%)


correlation matrix of the fit parameters:

               a      o      l      h      d      
a               1.000 
o              -0.050  1.000 
l               0.895 -0.077  1.000 
h               0.050 -0.899  0.072  1.000 
d               0.020  0.012  0.016 -0.020  1.000 


*******************************************************************************
Sun Oct 27 17:40:24 2013


FIT:    data read from name using 1:2
        format = x:z
        #datapoints = 1006
        residuals are weighted equally (unit weight)

function used for fitting: f(x)
fitted parameters initialized with current variable values



 Iteration 0
 WSSR        : 0.675061          delta(WSSR)/WSSR   : 0
 delta(WSSR) : 0                 limit for stopping : 1e-005
 lambda	  : 0.520163

initial set of free parameter values

a               = 0.08
o               = 3.54
l               = 0.048
h               = 14.86
d               = 0.003

After 8 iterations the fit converged.
final sum of squares of residuals : 0.0206886
rel. change during last iteration : -2.8787e-006

degrees of freedom    (FIT_NDF)                        : 1001
rms of residuals      (FIT_STDFIT) = sqrt(WSSR/ndf)    : 0.0045462
variance of residuals (reduced chisquare) = WSSR/ndf   : 2.06679e-005

Final set of parameters            Asymptotic Standard Error
=======================            ==========================

a               = 0.1914           +/- 0.001615     (0.8439%)
o               = 3.53805          +/- 0.0005362    (0.01516%)
l               = 0.0642998        +/- 0.0005258    (0.8178%)
h               = 15.5462          +/- 0.008734     (0.05618%)
d               = 0.000333203      +/- 0.0001434    (43.04%)


correlation matrix of the fit parameters:

               a      o      l      h      d      
a               1.000 
o              -0.050  1.000 
l               0.895 -0.077  1.000 
h               0.050 -0.899  0.072  1.000 
d               0.020  0.012  0.016 -0.020  1.000 


*******************************************************************************
Mon Oct 28 03:14:16 2013


FIT:    data read from name using 1:2
        format = x:z
        #datapoints = 1006
        residuals are weighted equally (unit weight)

function used for fitting: f(x)
fitted parameters initialized with current variable values



 Iteration 0
 WSSR        : 0.675061          delta(WSSR)/WSSR   : 0
 delta(WSSR) : 0                 limit for stopping : 1e-005
 lambda	  : 0.520163

initial set of free parameter values

a               = 0.08
o               = 3.54
l               = 0.048
h               = 14.86
d               = 0.003

After 8 iterations the fit converged.
final sum of squares of residuals : 0.0206886
rel. change during last iteration : -2.8787e-006

degrees of freedom    (FIT_NDF)                        : 1001
rms of residuals      (FIT_STDFIT) = sqrt(WSSR/ndf)    : 0.0045462
variance of residuals (reduced chisquare) = WSSR/ndf   : 2.06679e-005

Final set of parameters            Asymptotic Standard Error
=======================            ==========================

a               = 0.1914           +/- 0.001615     (0.8439%)
o               = 3.53805          +/- 0.0005362    (0.01516%)
l               = 0.0642998        +/- 0.0005258    (0.8178%)
h               = 15.5462          +/- 0.008734     (0.05618%)
d               = 0.000333203      +/- 0.0001434    (43.04%)


correlation matrix of the fit parameters:

               a      o      l      h      d      
a               1.000 
o              -0.050  1.000 
l               0.895 -0.077  1.000 
h               0.050 -0.899  0.072  1.000 
d               0.020  0.012  0.016 -0.020  1.000 


*******************************************************************************
Mon Oct 28 03:15:44 2013


FIT:    data read from name.".txt" using 1:2
        format = x:z
        #datapoints = 1049
        residuals are weighted equally (unit weight)

function used for fitting: f(x)
fitted parameters initialized with current variable values



 Iteration 0
 WSSR        : 0.670055          delta(WSSR)/WSSR   : 0
 delta(WSSR) : 0                 limit for stopping : 1e-005
 lambda	  : 0.400056

initial set of free parameter values

a               = 0.19
l               = 0.06
o               = 3.5
h               = 15
d               = 1e-030

After 7 iterations the fit converged.
final sum of squares of residuals : 0.0363249
rel. change during last iteration : -2.38411e-006

degrees of freedom    (FIT_NDF)                        : 1044
rms of residuals      (FIT_STDFIT) = sqrt(WSSR/ndf)    : 0.00589864
variance of residuals (reduced chisquare) = WSSR/ndf   : 3.4794e-005

BREAK:          Singular matrix in Invert_RtR



*******************************************************************************
Mon Oct 28 03:15:50 2013


FIT:    data read from name.".txt" using 1:2
        format = x:z
        #datapoints = 1049
        residuals are weighted equally (unit weight)

function used for fitting: f(x)
fitted parameters initialized with current variable values



 Iteration 0
 WSSR        : 0.670055          delta(WSSR)/WSSR   : 0
 delta(WSSR) : 0                 limit for stopping : 1e-005
 lambda	  : 0.400056

initial set of free parameter values

a               = 0.19
l               = 0.06
o               = 3.5
h               = 15
d               = 1e-030

After 7 iterations the fit converged.
final sum of squares of residuals : 0.0363249
rel. change during last iteration : -2.38411e-006

degrees of freedom    (FIT_NDF)                        : 1044
rms of residuals      (FIT_STDFIT) = sqrt(WSSR/ndf)    : 0.00589864
variance of residuals (reduced chisquare) = WSSR/ndf   : 3.4794e-005

BREAK:          Singular matrix in Invert_RtR



*******************************************************************************
Mon Oct 28 03:17:04 2013


FIT:    data read from name.".txt" using 1:2
        format = x:z
        #datapoints = 1006
        residuals are weighted equally (unit weight)

function used for fitting: f(x)
fitted parameters initialized with current variable values



 Iteration 0
 WSSR        : 1.73009           delta(WSSR)/WSSR   : 0
 delta(WSSR) : 0                 limit for stopping : 1e-005
 lambda	  : 0.435219

initial set of free parameter values

a               = 0.19
l               = 0.06
o               = 3.5
h               = 15
d               = 1e-030

After 8 iterations the fit converged.
final sum of squares of residuals : 0.0207994
rel. change during last iteration : -5.13035e-006

degrees of freedom    (FIT_NDF)                        : 1001
rms of residuals      (FIT_STDFIT) = sqrt(WSSR/ndf)    : 0.00455835
variance of residuals (reduced chisquare) = WSSR/ndf   : 2.07786e-005

BREAK:          Singular matrix in Invert_RtR



*******************************************************************************
Mon Oct 28 03:17:20 2013


FIT:    data read from name.".txt" using 1:2
        format = x:z
        #datapoints = 1006
        residuals are weighted equally (unit weight)

function used for fitting: f(x)
fitted parameters initialized with current variable values



 Iteration 0
 WSSR        : 1.73009           delta(WSSR)/WSSR   : 0
 delta(WSSR) : 0                 limit for stopping : 1e-005
 lambda	  : 0.435219

initial set of free parameter values

a               = 0.19
l               = 0.06
o               = 3.5
h               = 15
d               = 1e-030

After 8 iterations the fit converged.
final sum of squares of residuals : 0.0207994
rel. change during last iteration : -5.13035e-006

degrees of freedom    (FIT_NDF)                        : 1001
rms of residuals      (FIT_STDFIT) = sqrt(WSSR/ndf)    : 0.00455835
variance of residuals (reduced chisquare) = WSSR/ndf   : 2.07786e-005

BREAK:          Singular matrix in Invert_RtR



*******************************************************************************
Mon Oct 28 03:17:47 2013


FIT:    data read from name using 1:2
        format = x:z
        #datapoints = 1006
        residuals are weighted equally (unit weight)

function used for fitting: f(x)
fitted parameters initialized with current variable values



 Iteration 0
 WSSR        : 0.675061          delta(WSSR)/WSSR   : 0
 delta(WSSR) : 0                 limit for stopping : 1e-005
 lambda	  : 0.520163

initial set of free parameter values

a               = 0.08
o               = 3.54
l               = 0.048
h               = 14.86
d               = 0.003

After 8 iterations the fit converged.
final sum of squares of residuals : 0.0206886
rel. change during last iteration : -2.8787e-006

degrees of freedom    (FIT_NDF)                        : 1001
rms of residuals      (FIT_STDFIT) = sqrt(WSSR/ndf)    : 0.0045462
variance of residuals (reduced chisquare) = WSSR/ndf   : 2.06679e-005

Final set of parameters            Asymptotic Standard Error
=======================            ==========================

a               = 0.1914           +/- 0.001615     (0.8439%)
o               = 3.53805          +/- 0.0005362    (0.01516%)
l               = 0.0642998        +/- 0.0005258    (0.8178%)
h               = 15.5462          +/- 0.008734     (0.05618%)
d               = 0.000333203      +/- 0.0001434    (43.04%)


correlation matrix of the fit parameters:

               a      o      l      h      d      
a               1.000 
o              -0.050  1.000 
l               0.895 -0.077  1.000 
h               0.050 -0.899  0.072  1.000 
d               0.020  0.012  0.016 -0.020  1.000 


*******************************************************************************
Mon Oct 28 03:18:27 2013


FIT:    data read from name.".txt" using 1:2
        format = x:z
        #datapoints = 1006
        residuals are weighted equally (unit weight)

function used for fitting: f(x)
fitted parameters initialized with current variable values



 Iteration 0
 WSSR        : 0.675061          delta(WSSR)/WSSR   : 0
 delta(WSSR) : 0                 limit for stopping : 1e-005
 lambda	  : 0.520163

initial set of free parameter values

a               = 0.08
l               = 0.048
o               = 3.54
h               = 14.86
d               = 0.003

After 8 iterations the fit converged.
final sum of squares of residuals : 0.0206886
rel. change during last iteration : -2.8787e-006

degrees of freedom    (FIT_NDF)                        : 1001
rms of residuals      (FIT_STDFIT) = sqrt(WSSR/ndf)    : 0.0045462
variance of residuals (reduced chisquare) = WSSR/ndf   : 2.06679e-005

Final set of parameters            Asymptotic Standard Error
=======================            ==========================

a               = 0.1914           +/- 0.001615     (0.8439%)
l               = 0.0642998        +/- 0.0005258    (0.8178%)
o               = 3.53805          +/- 0.0005362    (0.01516%)
h               = 15.5462          +/- 0.008734     (0.05618%)
d               = 0.000333203      +/- 0.0001434    (43.04%)


correlation matrix of the fit parameters:

               a      l      o      h      d      
a               1.000 
l               0.895  1.000 
o              -0.050 -0.077  1.000 
h               0.050  0.072 -0.899  1.000 
d               0.020  0.016  0.012 -0.020  1.000 


*******************************************************************************
Mon Oct 28 03:18:40 2013


FIT:    data read from name.".txt" using 1:2
        format = x:z
        #datapoints = 1006
        residuals are weighted equally (unit weight)

function used for fitting: f(x)
fitted parameters initialized with current variable values



 Iteration 0
 WSSR        : 0.675061          delta(WSSR)/WSSR   : 0
 delta(WSSR) : 0                 limit for stopping : 1e-005
 lambda	  : 0.520163

initial set of free parameter values

a               = 0.08
l               = 0.048
o               = 3.54
h               = 14.86
d               = 0.003

After 8 iterations the fit converged.
final sum of squares of residuals : 0.0206886
rel. change during last iteration : -2.8787e-006

degrees of freedom    (FIT_NDF)                        : 1001
rms of residuals      (FIT_STDFIT) = sqrt(WSSR/ndf)    : 0.0045462
variance of residuals (reduced chisquare) = WSSR/ndf   : 2.06679e-005

Final set of parameters            Asymptotic Standard Error
=======================            ==========================

a               = 0.1914           +/- 0.001615     (0.8439%)
l               = 0.0642998        +/- 0.0005258    (0.8178%)
o               = 3.53805          +/- 0.0005362    (0.01516%)
h               = 15.5462          +/- 0.008734     (0.05618%)
d               = 0.000333203      +/- 0.0001434    (43.04%)


correlation matrix of the fit parameters:

               a      l      o      h      d      
a               1.000 
l               0.895  1.000 
o              -0.050 -0.077  1.000 
h               0.050  0.072 -0.899  1.000 
d               0.020  0.016  0.012 -0.020  1.000 


*******************************************************************************
Mon Oct 28 03:19:08 2013


FIT:    data read from name.".txt" using 1:2
        format = x:z
        #datapoints = 1006
        residuals are weighted equally (unit weight)

function used for fitting: f(x)
fitted parameters initialized with current variable values



 Iteration 0
 WSSR        : 0.675061          delta(WSSR)/WSSR   : 0
 delta(WSSR) : 0                 limit for stopping : 1e-005
 lambda	  : 0.520163

initial set of free parameter values

a               = 0.08
l               = 0.048
o               = 3.54
h               = 14.86
d               = 0.003

After 8 iterations the fit converged.
final sum of squares of residuals : 0.0206886
rel. change during last iteration : -2.8787e-006

degrees of freedom    (FIT_NDF)                        : 1001
rms of residuals      (FIT_STDFIT) = sqrt(WSSR/ndf)    : 0.0045462
variance of residuals (reduced chisquare) = WSSR/ndf   : 2.06679e-005

Final set of parameters            Asymptotic Standard Error
=======================            ==========================

a               = 0.1914           +/- 0.001615     (0.8439%)
l               = 0.0642998        +/- 0.0005258    (0.8178%)
o               = 3.53805          +/- 0.0005362    (0.01516%)
h               = 15.5462          +/- 0.008734     (0.05618%)
d               = 0.000333203      +/- 0.0001434    (43.04%)


correlation matrix of the fit parameters:

               a      l      o      h      d      
a               1.000 
l               0.895  1.000 
o              -0.050 -0.077  1.000 
h               0.050  0.072 -0.899  1.000 
d               0.020  0.016  0.012 -0.020  1.000 


*******************************************************************************
Mon Oct 28 03:20:03 2013


FIT:    data read from name.".txt" using 1:2
        format = x:z
        #datapoints = 1006
        residuals are weighted equally (unit weight)

function used for fitting: f(x)
fitted parameters initialized with current variable values



 Iteration 0
 WSSR        : 0.675061          delta(WSSR)/WSSR   : 0
 delta(WSSR) : 0                 limit for stopping : 1e-005
 lambda	  : 0.520163

initial set of free parameter values

a               = 0.08
l               = 0.048
o               = 3.54
h               = 14.86
d               = 0.003

After 8 iterations the fit converged.
final sum of squares of residuals : 0.0206886
rel. change during last iteration : -2.8787e-006

degrees of freedom    (FIT_NDF)                        : 1001
rms of residuals      (FIT_STDFIT) = sqrt(WSSR/ndf)    : 0.0045462
variance of residuals (reduced chisquare) = WSSR/ndf   : 2.06679e-005

Final set of parameters            Asymptotic Standard Error
=======================            ==========================

a               = 0.1914           +/- 0.001615     (0.8439%)
l               = 0.0642998        +/- 0.0005258    (0.8178%)
o               = 3.53805          +/- 0.0005362    (0.01516%)
h               = 15.5462          +/- 0.008734     (0.05618%)
d               = 0.000333203      +/- 0.0001434    (43.04%)


correlation matrix of the fit parameters:

               a      l      o      h      d      
a               1.000 
l               0.895  1.000 
o              -0.050 -0.077  1.000 
h               0.050  0.072 -0.899  1.000 
d               0.020  0.016  0.012 -0.020  1.000 


*******************************************************************************
Mon Oct 28 03:20:27 2013


FIT:    data read from name.".txt" using 1:2
        format = x:z
        #datapoints = 1006
        residuals are weighted equally (unit weight)

function used for fitting: f(x)
fitted parameters initialized with current variable values



 Iteration 0
 WSSR        : 0.675061          delta(WSSR)/WSSR   : 0
 delta(WSSR) : 0                 limit for stopping : 1e-005
 lambda	  : 0.520163

initial set of free parameter values

a               = 0.08
l               = 0.048
o               = 3.54
h               = 14.86
d               = 0.003

After 8 iterations the fit converged.
final sum of squares of residuals : 0.0206886
rel. change during last iteration : -2.8787e-006

degrees of freedom    (FIT_NDF)                        : 1001
rms of residuals      (FIT_STDFIT) = sqrt(WSSR/ndf)    : 0.0045462
variance of residuals (reduced chisquare) = WSSR/ndf   : 2.06679e-005

Final set of parameters            Asymptotic Standard Error
=======================            ==========================

a               = 0.1914           +/- 0.001615     (0.8439%)
l               = 0.0642998        +/- 0.0005258    (0.8178%)
o               = 3.53805          +/- 0.0005362    (0.01516%)
h               = 15.5462          +/- 0.008734     (0.05618%)
d               = 0.000333203      +/- 0.0001434    (43.04%)


correlation matrix of the fit parameters:

               a      l      o      h      d      
a               1.000 
l               0.895  1.000 
o              -0.050 -0.077  1.000 
h               0.050  0.072 -0.899  1.000 
d               0.020  0.016  0.012 -0.020  1.000 


*******************************************************************************
Mon Oct 28 03:21:11 2013


FIT:    data read from name.".txt" using 1:2
        format = x:z
        #datapoints = 1006
        residuals are weighted equally (unit weight)

function used for fitting: f(x)
fitted parameters initialized with current variable values



 Iteration 0
 WSSR        : 0.675061          delta(WSSR)/WSSR   : 0
 delta(WSSR) : 0                 limit for stopping : 1e-005
 lambda	  : 0.520163

initial set of free parameter values

a               = 0.08
l               = 0.048
o               = 3.54
h               = 14.86
d               = 0.003

After 8 iterations the fit converged.
final sum of squares of residuals : 0.0206886
rel. change during last iteration : -2.8787e-006

degrees of freedom    (FIT_NDF)                        : 1001
rms of residuals      (FIT_STDFIT) = sqrt(WSSR/ndf)    : 0.0045462
variance of residuals (reduced chisquare) = WSSR/ndf   : 2.06679e-005

Final set of parameters            Asymptotic Standard Error
=======================            ==========================

a               = 0.1914           +/- 0.001615     (0.8439%)
l               = 0.0642998        +/- 0.0005258    (0.8178%)
o               = 3.53805          +/- 0.0005362    (0.01516%)
h               = 15.5462          +/- 0.008734     (0.05618%)
d               = 0.000333203      +/- 0.0001434    (43.04%)


correlation matrix of the fit parameters:

               a      l      o      h      d      
a               1.000 
l               0.895  1.000 
o              -0.050 -0.077  1.000 
h               0.050  0.072 -0.899  1.000 
d               0.020  0.016  0.012 -0.020  1.000 


*******************************************************************************
Mon Oct 28 03:23:02 2013


FIT:    data read from name.".txt" using 1:2
        format = x:z
        #datapoints = 1006
        residuals are weighted equally (unit weight)

function used for fitting: f(x)
fitted parameters initialized with current variable values



 Iteration 0
 WSSR        : 0.675061          delta(WSSR)/WSSR   : 0
 delta(WSSR) : 0                 limit for stopping : 1e-005
 lambda	  : 0.520163

initial set of free parameter values

a               = 0.08
l               = 0.048
o               = 3.54
h               = 14.86
d               = 0.003

After 8 iterations the fit converged.
final sum of squares of residuals : 0.0206886
rel. change during last iteration : -2.8787e-006

degrees of freedom    (FIT_NDF)                        : 1001
rms of residuals      (FIT_STDFIT) = sqrt(WSSR/ndf)    : 0.0045462
variance of residuals (reduced chisquare) = WSSR/ndf   : 2.06679e-005

Final set of parameters            Asymptotic Standard Error
=======================            ==========================

a               = 0.1914           +/- 0.001615     (0.8439%)
l               = 0.0642998        +/- 0.0005258    (0.8178%)
o               = 3.53805          +/- 0.0005362    (0.01516%)
h               = 15.5462          +/- 0.008734     (0.05618%)
d               = 0.000333203      +/- 0.0001434    (43.04%)


correlation matrix of the fit parameters:

               a      l      o      h      d      
a               1.000 
l               0.895  1.000 
o              -0.050 -0.077  1.000 
h               0.050  0.072 -0.899  1.000 
d               0.020  0.016  0.012 -0.020  1.000 


*******************************************************************************
Mon Oct 28 03:23:11 2013


FIT:    data read from name.".txt" using 1:2
        format = x:z
        #datapoints = 1006
        residuals are weighted equally (unit weight)

function used for fitting: f(x)
fitted parameters initialized with current variable values



 Iteration 0
 WSSR        : 0.675061          delta(WSSR)/WSSR   : 0
 delta(WSSR) : 0                 limit for stopping : 1e-005
 lambda	  : 0.520163

initial set of free parameter values

a               = 0.08
l               = 0.048
o               = 3.54
h               = 14.86
d               = 0.003

After 8 iterations the fit converged.
final sum of squares of residuals : 0.0206886
rel. change during last iteration : -2.8787e-006

degrees of freedom    (FIT_NDF)                        : 1001
rms of residuals      (FIT_STDFIT) = sqrt(WSSR/ndf)    : 0.0045462
variance of residuals (reduced chisquare) = WSSR/ndf   : 2.06679e-005

Final set of parameters            Asymptotic Standard Error
=======================            ==========================

a               = 0.1914           +/- 0.001615     (0.8439%)
l               = 0.0642998        +/- 0.0005258    (0.8178%)
o               = 3.53805          +/- 0.0005362    (0.01516%)
h               = 15.5462          +/- 0.008734     (0.05618%)
d               = 0.000333203      +/- 0.0001434    (43.04%)


correlation matrix of the fit parameters:

               a      l      o      h      d      
a               1.000 
l               0.895  1.000 
o              -0.050 -0.077  1.000 
h               0.050  0.072 -0.899  1.000 
d               0.020  0.016  0.012 -0.020  1.000 


*******************************************************************************
Mon Oct 28 03:25:18 2013


FIT:    data read from name.".txt" using 1:2
        format = x:z
        #datapoints = 1006
        residuals are weighted equally (unit weight)

function used for fitting: f(x)
fitted parameters initialized with current variable values



 Iteration 0
 WSSR        : 0.675061          delta(WSSR)/WSSR   : 0
 delta(WSSR) : 0                 limit for stopping : 1e-005
 lambda	  : 0.520163

initial set of free parameter values

a               = 0.08
l               = 0.048
o               = 3.54
h               = 14.86
d               = 0.003

After 8 iterations the fit converged.
final sum of squares of residuals : 0.0206886
rel. change during last iteration : -2.8787e-006

degrees of freedom    (FIT_NDF)                        : 1001
rms of residuals      (FIT_STDFIT) = sqrt(WSSR/ndf)    : 0.0045462
variance of residuals (reduced chisquare) = WSSR/ndf   : 2.06679e-005

Final set of parameters            Asymptotic Standard Error
=======================            ==========================

a               = 0.1914           +/- 0.001615     (0.8439%)
l               = 0.0642998        +/- 0.0005258    (0.8178%)
o               = 3.53805          +/- 0.0005362    (0.01516%)
h               = 15.5462          +/- 0.008734     (0.05618%)
d               = 0.000333203      +/- 0.0001434    (43.04%)


correlation matrix of the fit parameters:

               a      l      o      h      d      
a               1.000 
l               0.895  1.000 
o              -0.050 -0.077  1.000 
h               0.050  0.072 -0.899  1.000 
d               0.020  0.016  0.012 -0.020  1.000 


*******************************************************************************
Mon Oct 28 03:28:53 2013


FIT:    data read from name.".txt" using 1:2
        format = x:z
        #datapoints = 1006
        residuals are weighted equally (unit weight)

function used for fitting: f(x)
fitted parameters initialized with current variable values



 Iteration 0
 WSSR        : 0.675061          delta(WSSR)/WSSR   : 0
 delta(WSSR) : 0                 limit for stopping : 1e-005
 lambda	  : 0.520163

initial set of free parameter values

a               = 0.08
l               = 0.048
o               = 3.54
h               = 14.86
d               = 0.003

After 8 iterations the fit converged.
final sum of squares of residuals : 0.0206886
rel. change during last iteration : -2.8787e-006

degrees of freedom    (FIT_NDF)                        : 1001
rms of residuals      (FIT_STDFIT) = sqrt(WSSR/ndf)    : 0.0045462
variance of residuals (reduced chisquare) = WSSR/ndf   : 2.06679e-005

Final set of parameters            Asymptotic Standard Error
=======================            ==========================

a               = 0.1914           +/- 0.001615     (0.8439%)
l               = 0.0642998        +/- 0.0005258    (0.8178%)
o               = 3.53805          +/- 0.0005362    (0.01516%)
h               = 15.5462          +/- 0.008734     (0.05618%)
d               = 0.000333203      +/- 0.0001434    (43.04%)


correlation matrix of the fit parameters:

               a      l      o      h      d      
a               1.000 
l               0.895  1.000 
o              -0.050 -0.077  1.000 
h               0.050  0.072 -0.899  1.000 
d               0.020  0.016  0.012 -0.020  1.000 


*******************************************************************************
Mon Oct 28 03:29:12 2013


FIT:    data read from name.".txt" using 1:2
        format = x:z
        #datapoints = 1006
        residuals are weighted equally (unit weight)

function used for fitting: f(x)
fitted parameters initialized with current variable values



 Iteration 0
 WSSR        : 0.675061          delta(WSSR)/WSSR   : 0
 delta(WSSR) : 0                 limit for stopping : 1e-005
 lambda	  : 0.520163

initial set of free parameter values

a               = 0.08
l               = 0.048
o               = 3.54
h               = 14.86
d               = 0.003

After 8 iterations the fit converged.
final sum of squares of residuals : 0.0206886
rel. change during last iteration : -2.8787e-006

degrees of freedom    (FIT_NDF)                        : 1001
rms of residuals      (FIT_STDFIT) = sqrt(WSSR/ndf)    : 0.0045462
variance of residuals (reduced chisquare) = WSSR/ndf   : 2.06679e-005

Final set of parameters            Asymptotic Standard Error
=======================            ==========================

a               = 0.1914           +/- 0.001615     (0.8439%)
l               = 0.0642998        +/- 0.0005258    (0.8178%)
o               = 3.53805          +/- 0.0005362    (0.01516%)
h               = 15.5462          +/- 0.008734     (0.05618%)
d               = 0.000333203      +/- 0.0001434    (43.04%)


correlation matrix of the fit parameters:

               a      l      o      h      d      
a               1.000 
l               0.895  1.000 
o              -0.050 -0.077  1.000 
h               0.050  0.072 -0.899  1.000 
d               0.020  0.016  0.012 -0.020  1.000 


*******************************************************************************
Mon Oct 28 03:29:23 2013


FIT:    data read from name.".txt" using 1:2
        format = x:z
        #datapoints = 1006
        residuals are weighted equally (unit weight)

function used for fitting: f(x)
fitted parameters initialized with current variable values



 Iteration 0
 WSSR        : 0.675061          delta(WSSR)/WSSR   : 0
 delta(WSSR) : 0                 limit for stopping : 1e-005
 lambda	  : 0.520163

initial set of free parameter values

a               = 0.08
l               = 0.048
o               = 3.54
h               = 14.86
d               = 0.003

After 8 iterations the fit converged.
final sum of squares of residuals : 0.0206886
rel. change during last iteration : -2.8787e-006

degrees of freedom    (FIT_NDF)                        : 1001
rms of residuals      (FIT_STDFIT) = sqrt(WSSR/ndf)    : 0.0045462
variance of residuals (reduced chisquare) = WSSR/ndf   : 2.06679e-005

Final set of parameters            Asymptotic Standard Error
=======================            ==========================

a               = 0.1914           +/- 0.001615     (0.8439%)
l               = 0.0642998        +/- 0.0005258    (0.8178%)
o               = 3.53805          +/- 0.0005362    (0.01516%)
h               = 15.5462          +/- 0.008734     (0.05618%)
d               = 0.000333203      +/- 0.0001434    (43.04%)


correlation matrix of the fit parameters:

               a      l      o      h      d      
a               1.000 
l               0.895  1.000 
o              -0.050 -0.077  1.000 
h               0.050  0.072 -0.899  1.000 
d               0.020  0.016  0.012 -0.020  1.000 


*******************************************************************************
Mon Oct 28 03:29:46 2013


FIT:    data read from name.".txt" using 1:2
        format = x:z
        #datapoints = 1006
        residuals are weighted equally (unit weight)

function used for fitting: f(x)
fitted parameters initialized with current variable values



 Iteration 0
 WSSR        : 0.675061          delta(WSSR)/WSSR   : 0
 delta(WSSR) : 0                 limit for stopping : 1e-005
 lambda	  : 0.520163

initial set of free parameter values

a               = 0.08
l               = 0.048
o               = 3.54
h               = 14.86
d               = 0.003

After 8 iterations the fit converged.
final sum of squares of residuals : 0.0206886
rel. change during last iteration : -2.8787e-006

degrees of freedom    (FIT_NDF)                        : 1001
rms of residuals      (FIT_STDFIT) = sqrt(WSSR/ndf)    : 0.0045462
variance of residuals (reduced chisquare) = WSSR/ndf   : 2.06679e-005

Final set of parameters            Asymptotic Standard Error
=======================            ==========================

a               = 0.1914           +/- 0.001615     (0.8439%)
l               = 0.0642998        +/- 0.0005258    (0.8178%)
o               = 3.53805          +/- 0.0005362    (0.01516%)
h               = 15.5462          +/- 0.008734     (0.05618%)
d               = 0.000333203      +/- 0.0001434    (43.04%)


correlation matrix of the fit parameters:

               a      l      o      h      d      
a               1.000 
l               0.895  1.000 
o              -0.050 -0.077  1.000 
h               0.050  0.072 -0.899  1.000 
d               0.020  0.016  0.012 -0.020  1.000 


*******************************************************************************
Mon Oct 28 04:21:25 2013


FIT:    data read from name.".txt" using 1:2
        format = x:z
        #datapoints = 1006
        residuals are weighted equally (unit weight)

function used for fitting: f(x)
fitted parameters initialized with current variable values



 Iteration 0
 WSSR        : 0.675061          delta(WSSR)/WSSR   : 0
 delta(WSSR) : 0                 limit for stopping : 1e-005
 lambda	  : 0.520163

initial set of free parameter values

a               = 0.08
l               = 0.048
o               = 3.54
h               = 14.86
d               = 0.003

After 8 iterations the fit converged.
final sum of squares of residuals : 0.0206886
rel. change during last iteration : -2.8787e-006

degrees of freedom    (FIT_NDF)                        : 1001
rms of residuals      (FIT_STDFIT) = sqrt(WSSR/ndf)    : 0.0045462
variance of residuals (reduced chisquare) = WSSR/ndf   : 2.06679e-005

Final set of parameters            Asymptotic Standard Error
=======================            ==========================

a               = 0.1914           +/- 0.001615     (0.8439%)
l               = 0.0642998        +/- 0.0005258    (0.8178%)
o               = 3.53805          +/- 0.0005362    (0.01516%)
h               = 15.5462          +/- 0.008734     (0.05618%)
d               = 0.000333203      +/- 0.0001434    (43.04%)


correlation matrix of the fit parameters:

               a      l      o      h      d      
a               1.000 
l               0.895  1.000 
o              -0.050 -0.077  1.000 
h               0.050  0.072 -0.899  1.000 
d               0.020  0.016  0.012 -0.020  1.000 
