\BOOKMARK [1][-]{section.1}{\376\377\000P\000r\000a\000c\000o\000v\000n\000\355\000\040\000\372\000k\000o\000l\000y}{}% 1
\BOOKMARK [1][-]{section.2}{\376\377\000V\000y\000p\000r\000a\000c\000o\000v\000\341\000n\000\355}{}% 2
\BOOKMARK [2][-]{subsection.2.1}{\376\377\000P\000o\000u\001\176\000i\000t\000\351\000\040\000p\001\131\000\355\000s\000t\000r\000o\000j\000e}{section.2}% 3
\BOOKMARK [2][-]{subsection.2.2}{\376\377\000T\000e\000o\000r\000e\000t\000i\000c\000k\000\375\000\040\000\372\000v\000o\000d}{section.2}% 4
\BOOKMARK [3][-]{subsubsection.2.2.1}{\376\377\000R\000y\000c\000h\000l\000o\000s\000t\000\040\000z\000v\000u\000k\000u}{subsection.2.2}% 5
\BOOKMARK [3][-]{subsubsection.2.2.2}{\376\377\000D\000o\000p\000p\000l\000e\000r\001\157\000v\000\040\000j\000e\000v}{subsection.2.2}% 6
\BOOKMARK [3][-]{subsubsection.2.2.3}{\376\377\000D\000i\000f\000r\000a\000k\000c\000e}{subsection.2.2}% 7
\BOOKMARK [2][-]{subsection.2.3}{\376\377\000P\000o\000s\000t\000u\000p\000\040\000m\001\033\001\131\000e\000n\000\355}{section.2}% 8
\BOOKMARK [3][-]{subsubsection.2.3.1}{\376\377\000Z\000\341\000k\000o\000n\000\040\000o\000d\000r\000a\000z\000u}{subsection.2.3}% 9
\BOOKMARK [3][-]{subsubsection.2.3.2}{\376\377\000M\001\033\001\131\000e\000n\000\355\000\040\000r\000y\000c\000h\000l\000o\000s\000t\000i\000\040\000z\000v\000u\000k\000u}{subsection.2.3}% 10
\BOOKMARK [3][-]{subsubsection.2.3.3}{\376\377\000M\001\033\001\131\000e\000n\000\355\000\040\000v\000z\000d\000\341\000l\000e\000n\000o\000s\000t\000\355}{subsection.2.3}% 11
\BOOKMARK [3][-]{subsubsection.2.3.4}{\376\377\000D\000o\000p\000p\000l\000e\000r\001\157\000v\000\040\000j\000e\000v}{subsection.2.3}% 12
\BOOKMARK [3][-]{subsubsection.2.3.5}{\376\377\000D\000i\000f\000r\000a\000k\000c\000e\000\040\000a\000\040\000i\000n\000t\000e\000r\000f\000e\000r\000e\000n\000c\000e\000\040\000z\000v\000u\000k\000u}{subsection.2.3}% 13
\BOOKMARK [2][-]{subsection.2.4}{\376\377\000N\000a\000m\001\033\001\131\000e\000n\000\351\000\040\000h\000o\000d\000n\000o\000t\000y}{section.2}% 14
\BOOKMARK [3][-]{subsubsection.2.4.1}{\376\377\000Z\000\341\000k\000o\000n\000\040\000o\000d\000r\000a\000z\000u}{subsection.2.4}% 15
\BOOKMARK [3][-]{subsubsection.2.4.2}{\376\377\000M\001\033\001\131\000e\000n\000\355\000\040\000r\000y\000c\000h\000l\000o\000s\000t\000i\000\040\000z\000v\000u\000k\000u}{subsection.2.4}% 16
\BOOKMARK [3][-]{subsubsection.2.4.3}{\376\377\000M\001\033\001\131\000e\000n\000\355\000\040\000v\000z\000d\000\341\000l\000e\000n\000o\000s\000t\000i}{subsection.2.4}% 17
\BOOKMARK [3][-]{subsubsection.2.4.4}{\376\377\000D\000o\000p\000p\000l\000e\000r\001\157\000v\000\040\000j\000e\000v}{subsection.2.4}% 18
\BOOKMARK [3][-]{subsubsection.2.4.5}{\376\377\000D\000i\000f\000r\000a\000k\000c\000e\000\040\000a\000\040\000i\000n\000t\000e\000r\000f\000e\000r\000e\000n\000c\000e\000\040\000z\000v\000u\000k\000u}{subsection.2.4}% 19
\BOOKMARK [2][-]{subsection.2.5}{\376\377\000D\000i\000s\000k\000u\000s\000e}{section.2}% 20
\BOOKMARK [3][-]{subsubsection.2.5.1}{\376\377\000Z\000\341\000k\000o\000n\000\040\000o\000d\000r\000a\000z\000u}{subsection.2.5}% 21
\BOOKMARK [3][-]{subsubsection.2.5.2}{\376\377\000M\001\033\001\131\000e\000n\000\355\000\040\000r\000y\000c\000h\000l\000o\000s\000t\000i\000\040\000z\000v\000u\000k\000u}{subsection.2.5}% 22
\BOOKMARK [3][-]{subsubsection.2.5.3}{\376\377\000M\001\033\001\131\000e\000n\000\355\000\040\000v\000z\000d\000\341\000l\000e\000n\000o\000s\000t\000\355}{subsection.2.5}% 23
\BOOKMARK [3][-]{subsubsection.2.5.4}{\376\377\000D\000o\000p\000p\000l\000e\000r\001\157\000v\000\040\000j\000e\000v}{subsection.2.5}% 24
\BOOKMARK [3][-]{subsubsection.2.5.5}{\376\377\000D\000i\000f\000r\000a\000k\000c\000e\000\040\000a\000\040\000i\000n\000t\000e\000r\000f\000e\000r\000e\000n\000c\000e\000\040\000z\000v\000u\000k\000u}{subsection.2.5}% 25
\BOOKMARK [1][-]{section.3}{\376\377\000Z\000\341\000v\001\033\000r}{}% 26
\BOOKMARK [1][-]{section.4}{\376\377\000P\000o\000u\001\176\000i\000t\000\341\000\040\000l\000i\000t\000e\000r\000a\000t\000u\000r\000a}{}% 27
\BOOKMARK [1][-]{section.5}{\376\377\000P\001\131\000\355\000l\000o\000h\000y}{}% 28
\BOOKMARK [2][-]{subsection.5.1}{\376\377\000D\000o\000m\000\341\000c\000\355\000\040\000p\001\131\000\355\000p\000r\000a\000v\000a}{section.5}% 29
\BOOKMARK [2][-]{subsection.5.2}{\376\377\000S\000t\000a\000t\000i\000s\000t\000i\000c\000k\000\351\000\040\000z\000p\000r\000a\000c\000o\000v\000\341\000n\000\355\000\040\000d\000a\000t}{section.5}% 30
\BOOKMARK [2][-]{subsection.5.3}{\376\377\000G\000r\000a\000f\000y}{section.5}% 31
\BOOKMARK [2][-]{subsection.5.4}{\376\377\000N\000e\000p\000o\000d\000a\001\131\000e\000n\000\351\000\040\000f\000i\000t\000y}{section.5}% 32
