

*******************************************************************************
Sun Dec 01 18:24:52 2013


FIT:    data read from name.".txt" using 1:3
        format = x:z
        #datapoints = 6
        residuals are weighted equally (unit weight)

function used for fitting: f(x)
fitted parameters initialized with current variable values



 Iteration 0
 WSSR        : 10845.4           delta(WSSR)/WSSR   : 0
 delta(WSSR) : 0                 limit for stopping : 1e-005
 lambda	  : 0.933443

initial set of free parameter values

a               = 1
b               = 1

After 49 iterations the fit converged.
final sum of squares of residuals : 15.0673
rel. change during last iteration : -1.18955e-006

degrees of freedom    (FIT_NDF)                        : 4
rms of residuals      (FIT_STDFIT) = sqrt(WSSR/ndf)    : 1.94083
variance of residuals (reduced chisquare) = WSSR/ndf   : 3.76682

Final set of parameters            Asymptotic Standard Error
=======================            ==========================

a               = 0.00387559       +/- 0.0001745    (4.503%)
b               = -0.00654298      +/- 0.007275     (111.2%)


correlation matrix of the fit parameters:

               a      b      
a               1.000 
b              -0.907  1.000 


*******************************************************************************
Sun Dec 01 18:31:18 2013


FIT:    data read from name.".txt" using 1:3
        format = x:z
        #datapoints = 6
        residuals are weighted equally (unit weight)

function used for fitting: f(x)
fitted parameters initialized with current variable values



 Iteration 0
 WSSR        : 14.2145           delta(WSSR)/WSSR   : 0
 delta(WSSR) : 0                 limit for stopping : 1e-005
 lambda	  : 0.933443

initial set of free parameter values

a               = 1
b               = 1

After 22 iterations the fit converged.
final sum of squares of residuals : 0.00459318
rel. change during last iteration : -2.96739e-010

degrees of freedom    (FIT_NDF)                        : 4
rms of residuals      (FIT_STDFIT) = sqrt(WSSR/ndf)    : 0.0338865
variance of residuals (reduced chisquare) = WSSR/ndf   : 0.00114829

Final set of parameters            Asymptotic Standard Error
=======================            ==========================

a               = 0.222045         +/- 0.01         (4.504%)
b               = -0.006537        +/- 0.007277     (111.3%)


correlation matrix of the fit parameters:

               a      b      
a               1.000 
b              -0.907  1.000 
